#
# There is insufficient memory for the Java Runtime Environment to continue.
# Native memory allocation (malloc) failed to allocate 1530896 bytes for Chunk::new
# Possible reasons:
#   The system is out of physical RAM or swap space
#   In 32 bit mode, the process size limit was hit
# Possible solutions:
#   Reduce memory load on the system
#   Increase physical memory or swap space
#   Check if swap backing store is full
#   Use 64 bit Java on a 64 bit OS
#   Decrease Java heap size (-Xmx/-Xms)
#   Decrease number of Java threads
#   Decrease Java thread stack sizes (-Xss)
#   Set larger code cache with -XX:ReservedCodeCacheSize=
# This output file may be truncated or incomplete.
#
#  Out of Memory Error (allocation.cpp:390), pid=13176, tid=6472
#
# JRE version: Java(TM) SE Runtime Environment (8.0_31-b13) (build 1.8.0_31-b13)
# Java VM: Java HotSpot(TM) 64-Bit Server VM (25.31-b07 mixed mode windows-amd64 compressed oops)
# Failed to write core dump. Minidumps are not enabled by default on client versions of Windows
#

---------------  T H R E A D  ---------------

Current thread (0x0000000016d7b800):  JavaThread "C2 CompilerThread1" daemon [_thread_in_native, id=6472, stack(0x0000000017450000,0x0000000017550000)]

Stack: [0x0000000017450000,0x0000000017550000]
Native frames: (J=compiled Java code, j=interpreted, Vv=VM code, C=native code)
V  [jvm.dll+0x3169ba]
V  [jvm.dll+0x2674c3]
V  [jvm.dll+0x268103]
V  [jvm.dll+0x25f8f5]
V  [jvm.dll+0xbf025]
V  [jvm.dll+0xbf4cc]
V  [jvm.dll+0x45df82]
V  [jvm.dll+0x49f21f]
V  [jvm.dll+0x452daf]
V  [jvm.dll+0x454124]
V  [jvm.dll+0x437c62]
V  [jvm.dll+0x988e2]
V  [jvm.dll+0x990d3]
V  [jvm.dll+0x22c194]
V  [jvm.dll+0x28576a]
C  [msvcr100.dll+0x21d9f]
C  [msvcr100.dll+0x21e3b]
C  [KERNEL32.DLL+0x12d92]
C  [ntdll.dll+0x9f64]


Current CompileTask:
C2:   5080 1406   !   4       com.android.dx.cf.code.BytecodeArray::parseInstruction (2764 bytes)


---------------  P R O C E S S  ---------------

Java Threads: ( => current thread )
  0x0000000016e0a000 JavaThread "Service Thread" daemon [_thread_blocked, id=12008, stack(0x0000000017750000,0x0000000017850000)]
  0x0000000016dbe800 JavaThread "C1 CompilerThread3" daemon [_thread_in_native, id=11268, stack(0x0000000017650000,0x0000000017750000)]
  0x0000000016d7f800 JavaThread "C2 CompilerThread2" daemon [_thread_in_native, id=12400, stack(0x0000000017550000,0x0000000017650000)]
=>0x0000000016d7b800 JavaThread "C2 CompilerThread1" daemon [_thread_in_native, id=6472, stack(0x0000000017450000,0x0000000017550000)]
  0x0000000016d77000 JavaThread "C2 CompilerThread0" daemon [_thread_in_native, id=10988, stack(0x0000000017350000,0x0000000017450000)]
  0x0000000016d75000 JavaThread "Attach Listener" daemon [_thread_blocked, id=12276, stack(0x0000000017250000,0x0000000017350000)]
  0x0000000016d74000 JavaThread "Signal Dispatcher" daemon [_thread_blocked, id=12632, stack(0x0000000017150000,0x0000000017250000)]
  0x0000000002237800 JavaThread "Finalizer" daemon [_thread_blocked, id=12784, stack(0x0000000016c50000,0x0000000016d50000)]
  0x0000000002231000 JavaThread "Reference Handler" daemon [_thread_blocked, id=13156, stack(0x0000000016b50000,0x0000000016c50000)]
  0x0000000001f3d800 JavaThread "main" [_thread_in_Java, id=12004, stack(0x0000000002040000,0x0000000002140000)]

Other Threads:
  0x0000000014d78800 VMThread [stack: 0x0000000016a50000,0x0000000016b50000] [id=7844]
  0x0000000016e0e000 WatcherThread [stack: 0x0000000017850000,0x0000000017950000] [id=12332]

VM state:not at safepoint (normal execution)

VM Mutex/Monitor currently owned by a thread: None

Heap:
 PSYoungGen      total 70656K, used 7716K [0x00000000eab00000, 0x00000000ef500000, 0x0000000100000000)
  eden space 65536K, 3% used [0x00000000eab00000,0x00000000ead8f3f0,0x00000000eeb00000)
  from space 5120K, 99% used [0x00000000ef000000,0x00000000ef4f9c98,0x00000000ef500000)
  to   space 5120K, 0% used [0x00000000eeb00000,0x00000000eeb00000,0x00000000ef000000)
 ParOldGen       total 86016K, used 6305K [0x00000000c0000000, 0x00000000c5400000, 0x00000000eab00000)
  object space 86016K, 7% used [0x00000000c0000000,0x00000000c06286d8,0x00000000c5400000)
 Metaspace       used 5803K, capacity 7024K, committed 7296K, reserved 1056768K
  class space    used 554K, capacity 616K, committed 640K, reserved 1048576K

Card table byte_map: [0x0000000011600000,0x0000000011810000] byte_map_base: 0x0000000011000000

Marking Bits: (ParMarkBitMap*) 0x0000000055ded4f0
 Begin Bits: [0x0000000012170000, 0x0000000013170000)
 End Bits:   [0x0000000013170000, 0x0000000014170000)

Polling page: 0x0000000001ef0000

CodeCache: size=245760Kb used=5934Kb max_used=5934Kb free=239825Kb
 bounds [0x0000000002240000, 0x0000000002820000, 0x0000000011240000]
 total_blobs=1691 nmethods=1431 adapters=174
 compilation: enabled

Compilation events (10 events):
Event: 4.435 Thread 0x0000000016dbe800 nmethod 1416 0x00000000027ee950 code [0x00000000027eeaa0, 0x00000000027eec90]
Event: 4.435 Thread 0x0000000016dbe800 1417       3       com.android.dx.ssa.back.SsaToRop::convertToRopMethod (13 bytes)
Event: 4.435 Thread 0x0000000016dbe800 nmethod 1417 0x00000000027ee390 code [0x00000000027ee520, 0x00000000027ee7f8]
Event: 4.435 Thread 0x0000000016dbe800 1418       3       com.android.dx.ssa.back.SsaToRop::<init> (23 bytes)
Event: 4.436 Thread 0x0000000016d7f800 1419   !   4       com.android.dx.cf.cst.ConstantPoolParser::parse0 (731 bytes)
Event: 4.436 Thread 0x0000000016dbe800 nmethod 1418 0x00000000027f4e90 code [0x00000000027f5000, 0x00000000027f5228]
Event: 4.436 Thread 0x0000000016dbe800 1420       1       com.android.dx.cf.attrib.InnerClassList$Item::getOuterClass (5 bytes)
Event: 4.436 Thread 0x0000000016dbe800 nmethod 1420 0x00000000027f3310 code [0x00000000027f3460, 0x00000000027f3570]
Event: 4.436 Thread 0x0000000016dbe800 1421       3       com.android.dx.cf.code.RopperMachine::<init> (134 bytes)
Event: 4.437 Thread 0x0000000016dbe800 nmethod 1421 0x00000000027f4010 code [0x00000000027f4200, 0x00000000027f4b38]

GC Heap History (2 events):
Event: 3.423 GC heap before
{Heap before GC invocations=1 (full 0):
 PSYoungGen      total 37888K, used 32768K [0x00000000eab00000, 0x00000000ed500000, 0x0000000100000000)
  eden space 32768K, 100% used [0x00000000eab00000,0x00000000ecb00000,0x00000000ecb00000)
  from space 5120K, 0% used [0x00000000ed000000,0x00000000ed000000,0x00000000ed500000)
  to   space 5120K, 0% used [0x00000000ecb00000,0x00000000ecb00000,0x00000000ed000000)
 ParOldGen       total 86016K, used 0K [0x00000000c0000000, 0x00000000c5400000, 0x00000000eab00000)
  object space 86016K, 0% used [0x00000000c0000000,0x00000000c0000000,0x00000000c5400000)
 Metaspace       used 5747K, capacity 7024K, committed 7296K, reserved 1056768K
  class space    used 554K, capacity 616K, committed 640K, reserved 1048576K
Event: 3.828 GC heap after
Heap after GC invocations=1 (full 0):
 PSYoungGen      total 37888K, used 5114K [0x00000000eab00000, 0x00000000ef500000, 0x0000000100000000)
  eden space 32768K, 0% used [0x00000000eab00000,0x00000000eab00000,0x00000000ecb00000)
  from space 5120K, 99% used [0x00000000ecb00000,0x00000000ecffeaa8,0x00000000ed000000)
  to   space 5120K, 0% used [0x00000000ef000000,0x00000000ef000000,0x00000000ef500000)
 ParOldGen       total 86016K, used 1504K [0x00000000c0000000, 0x00000000c5400000, 0x00000000eab00000)
  object space 86016K, 1% used [0x00000000c0000000,0x00000000c01783c0,0x00000000c5400000)
 Metaspace       used 5747K, capacity 7024K, committed 7296K, reserved 1056768K
  class space    used 554K, capacity 616K, committed 640K, reserved 1048576K
}

Deoptimization events (1 events):
Event: 1.894 Thread 0x0000000001f3d800 Uncommon trap: reason=null_check action=make_not_entrant pc=0x00000000025fbe24 method=com.android.dx.rop.type.Type.equals(Ljava/lang/Object;)Z @ 8

Internal exceptions (10 events):
Event: 1.251 Thread 0x0000000001f3d800 Exception <a 'java/security/PrivilegedActionException'> (0x00000000eb5af968) thrown at [C:\workspace\8-2-build-windows-amd64-cygwin\jdk8u31\2394\hotspot\src\share\vm\prims\jvm.cpp, line 1312]
Event: 1.254 Thread 0x0000000001f3d800 Exception <a 'java/security/PrivilegedActionException'> (0x00000000eb5b4a48) thrown at [C:\workspace\8-2-build-windows-amd64-cygwin\jdk8u31\2394\hotspot\src\share\vm\prims\jvm.cpp, line 1312]
Event: 1.255 Thread 0x0000000001f3d800 Exception <a 'java/security/PrivilegedActionException'> (0x00000000eb5bf6d8) thrown at [C:\workspace\8-2-build-windows-amd64-cygwin\jdk8u31\2394\hotspot\src\share\vm\prims\jvm.cpp, line 1312]
Event: 1.717 Thread 0x0000000001f3d800 Exception <a 'java/security/PrivilegedActionException'> (0x00000000eb7d3f88) thrown at [C:\workspace\8-2-build-windows-amd64-cygwin\jdk8u31\2394\hotspot\src\share\vm\prims\jvm.cpp, line 1312]
Event: 1.720 Thread 0x0000000001f3d800 Exception <a 'java/security/PrivilegedActionException'> (0x00000000eb7e0790) thrown at [C:\workspace\8-2-build-windows-amd64-cygwin\jdk8u31\2394\hotspot\src\share\vm\prims\jvm.cpp, line 1312]
Event: 1.808 Thread 0x0000000001f3d800 Exception <a 'java/security/PrivilegedActionException'> (0x00000000eb909cf0) thrown at [C:\workspace\8-2-build-windows-amd64-cygwin\jdk8u31\2394\hotspot\src\share\vm\prims\jvm.cpp, line 1312]
Event: 1.817 Thread 0x0000000001f3d800 Exception <a 'java/security/PrivilegedActionException'> (0x00000000eb95f5b8) thrown at [C:\workspace\8-2-build-windows-amd64-cygwin\jdk8u31\2394\hotspot\src\share\vm\prims\jvm.cpp, line 1312]
Event: 1.894 Thread 0x0000000001f3d800 Implicit null exception at 0x00000000025fbd22 to 0x00000000025fbe15
Event: 3.092 Thread 0x0000000001f3d800 Exception <a 'java/security/PrivilegedActionException'> (0x00000000ec2cac20) thrown at [C:\workspace\8-2-build-windows-amd64-cygwin\jdk8u31\2394\hotspot\src\share\vm\prims\jvm.cpp, line 1312]
Event: 3.096 Thread 0x0000000001f3d800 Exception <a 'java/security/PrivilegedActionException'> (0x00000000ec2e4048) thrown at [C:\workspace\8-2-build-windows-amd64-cygwin\jdk8u31\2394\hotspot\src\share\vm\prims\jvm.cpp, line 1312]

Events (10 events):
Event: 2.046 Executing VM operation: ForceSafepoint
Event: 2.046 Executing VM operation: ForceSafepoint done
Event: 3.092 loading class com/android/dx/cf/code/SwitchList
Event: 3.092 loading class com/android/dx/cf/code/SwitchList done
Event: 3.095 loading class com/android/dx/cf/attrib/AttLocalVariableTypeTable
Event: 3.095 loading class com/android/dx/cf/attrib/AttLocalVariableTypeTable done
Event: 3.423 Executing VM operation: ParallelGCFailedAllocation
Event: 3.828 Executing VM operation: ParallelGCFailedAllocation done
Event: 4.146 Executing VM operation: EnableBiasedLocking
Event: 4.146 Executing VM operation: EnableBiasedLocking done


Dynamic libraries:
0x00007ff7fe5f0000 - 0x00007ff7fe624000 	C:\Program Files (x86)\Java\jdk1.8.0_31\bin\java.exe
0x00007fff9c4d0000 - 0x00007fff9c692000 	C:\WINDOWS\SYSTEM32\ntdll.dll
0x00007fff99e60000 - 0x00007fff99f0d000 	C:\WINDOWS\system32\KERNEL32.DLL
0x00007fff99980000 - 0x00007fff99b5d000 	C:\WINDOWS\system32\KERNELBASE.dll
0x00007fff9c260000 - 0x00007fff9c306000 	C:\WINDOWS\system32\ADVAPI32.dll
0x00007fff9c310000 - 0x00007fff9c3ad000 	C:\WINDOWS\system32\msvcrt.dll
0x00007fff9c0b0000 - 0x00007fff9c10b000 	C:\WINDOWS\system32\sechost.dll
0x00007fff9bbd0000 - 0x00007fff9bcf6000 	C:\WINDOWS\system32\RPCRT4.dll
0x00007fff9c110000 - 0x00007fff9c25e000 	C:\WINDOWS\system32\USER32.dll
0x00007fff9bdc0000 - 0x00007fff9bf46000 	C:\WINDOWS\system32\GDI32.dll
0x00007fff94c90000 - 0x00007fff94f04000 	C:\WINDOWS\WinSxS\amd64_microsoft.windows.common-controls_6595b64144ccf1df_6.0.10240.16384_none_f41f7b285750ef43\COMCTL32.dll
0x00007fff99f10000 - 0x00007fff99f46000 	C:\WINDOWS\system32\IMM32.DLL
0x00007fff9bf50000 - 0x00007fff9c0ac000 	C:\WINDOWS\system32\MSCTF.dll
0x0000000055150000 - 0x0000000055222000 	C:\Program Files (x86)\Java\jdk1.8.0_31\jre\bin\msvcr100.dll
0x0000000055610000 - 0x0000000055e6a000 	C:\Program Files (x86)\Java\jdk1.8.0_31\jre\bin\server\jvm.dll
0x00007fff9b860000 - 0x00007fff9b868000 	C:\WINDOWS\system32\PSAPI.DLL
0x00007fff83c30000 - 0x00007fff83c39000 	C:\WINDOWS\SYSTEM32\WSOCK32.dll
0x00007fff9b870000 - 0x00007fff9b8d9000 	C:\WINDOWS\system32\WS2_32.dll
0x00007fff9b680000 - 0x00007fff9b688000 	C:\WINDOWS\system32\NSI.dll
0x00007fff96c80000 - 0x00007fff96ca3000 	C:\WINDOWS\SYSTEM32\WINMM.dll
0x00007fff96b70000 - 0x00007fff96b9c000 	C:\WINDOWS\SYSTEM32\WINMMBASE.dll
0x00007fff99590000 - 0x00007fff995d4000 	C:\WINDOWS\system32\cfgmgr32.dll
0x00007fff98a30000 - 0x00007fff98a57000 	C:\WINDOWS\SYSTEM32\DEVOBJ.dll
0x0000000055600000 - 0x000000005560f000 	C:\Program Files (x86)\Java\jdk1.8.0_31\jre\bin\verify.dll
0x00000000555d0000 - 0x00000000555f8000 	C:\Program Files (x86)\Java\jdk1.8.0_31\jre\bin\java.dll
0x00000000555b0000 - 0x00000000555c6000 	C:\Program Files (x86)\Java\jdk1.8.0_31\jre\bin\zip.dll
0x00007fff99f50000 - 0x00007fff9b4b8000 	C:\WINDOWS\system32\SHELL32.dll
0x00007fff98f60000 - 0x00007fff99588000 	C:\WINDOWS\system32\windows.storage.dll
0x00007fff9b950000 - 0x00007fff9bbcc000 	C:\WINDOWS\system32\combase.dll
0x00007fff9c3b0000 - 0x00007fff9c401000 	C:\WINDOWS\system32\shlwapi.dll
0x00007fff98f30000 - 0x00007fff98f3f000 	C:\WINDOWS\system32\kernel.appcore.dll
0x00007fff998c0000 - 0x00007fff99973000 	C:\WINDOWS\system32\shcore.dll
0x00007fff98ee0000 - 0x00007fff98f2a000 	C:\WINDOWS\system32\powrprof.dll
0x00007fff98ec0000 - 0x00007fff98ed3000 	C:\WINDOWS\system32\profapi.dll
0x00007fff9bd00000 - 0x00007fff9bdbe000 	C:\WINDOWS\system32\OLEAUT32.dll
0x00007fff83e20000 - 0x00007fff83faa000 	C:\WINDOWS\SYSTEM32\dbghelp.dll

VM Arguments:
jvm_args: -Djava.awt.headless=true -Xmx1024M -Dfile.encoding=windows-1252 -Duser.country=GB -Duser.language=en -Duser.variant 
java_command: com.android.dx.command.Main --dex --force-jumbo --multi-dex --output C:\Users\Jasper\Downloads\VirgielOwee2016\app\build\intermediates\transforms\dex\debug\folders\1000\10\internal_impl-23.4.0_a2c8ff0b2bd9a94bf7fd8adea131f24e7e8db6bb C:\Users\Jasper\Downloads\VirgielOwee2016\app\build\intermediates\exploded-aar\com.android.support\support-v4\23.4.0\jars\libs\internal_impl-23.4.0.jar
java_class_path (initial): C:\Users\Jasper\AppData\Local\Android\sdk\build-tools\21.1.2\lib\dx.jar
Launcher Type: SUN_STANDARD

Environment Variables:
JAVA_HOME=C:/Program Files (x86)/Java/jdk1.8.0_31
PATH=C:\ProgramData\Oracle\Java\javapath;c:\Program Files (x86)\Intel\iCLS Client\;c:\Program Files\Intel\iCLS Client\;C:\Program Files (x86)\NVIDIA Corporation\PhysX\Common;C:\WINDOWS\system32;C:\WINDOWS;C:\WINDOWS\System32\Wbem;C:\WINDOWS\System32\WindowsPowerShell\v1.0\;C:\Program Files (x86)\Hewlett-Packard\HP Performance Advisor;c:\Program Files\Intel\WiFi\bin\;c:\Program Files\Common Files\Intel\WirelessCommon\;C:\Program Files\Intel\Intel(R) Management Engine Components\DAL;C:\Program Files\Intel\Intel(R) Management Engine Components\IPT;C:\Program Files (x86)\Intel\Intel(R) Management Engine Components\DAL;C:\Program Files (x86)\Intel\Intel(R) Management Engine Components\IPT;C:\Program Files\Microsoft SQL Server\110\Tools\Binn\;C:\Program Files\Microsoft SQL Server\120\Tools\Binn\;C:\Program Files (x86)\Skype\Phone\
USERNAME=Jasper
OS=Windows_NT
PROCESSOR_IDENTIFIER=Intel64 Family 6 Model 60 Stepping 3, GenuineIntel



---------------  S Y S T E M  ---------------

OS: Windows 8.1 , 64 bit Build 9600 

CPU:total 8 (4 cores per cpu, 2 threads per core) family 6 model 60 stepping 3, cmov, cx8, fxsr, mmx, sse, sse2, sse3, ssse3, sse4.1, sse4.2, popcnt, avx, avx2, aes, clmul, erms, lzcnt, ht, tsc, tscinvbit, bmi1, bmi2

Memory: 4k page, physical 8184940k(1320672k free), swap 12379244k(307940k free)

vm_info: Java HotSpot(TM) 64-Bit Server VM (25.31-b07) for windows-amd64 JRE (1.8.0_31-b13), built on Dec 17 2014 21:00:28 by "java_re" with MS VC++ 10.0 (VS2010)

time: Thu Jun 09 16:11:53 2016
elapsed time: 5 seconds (0d 0h 0m 5s)

