#
# There is insufficient memory for the Java Runtime Environment to continue.
# Native memory allocation (malloc) failed to allocate 811696 bytes for Chunk::new
# Possible reasons:
#   The system is out of physical RAM or swap space
#   In 32 bit mode, the process size limit was hit
# Possible solutions:
#   Reduce memory load on the system
#   Increase physical memory or swap space
#   Check if swap backing store is full
#   Use 64 bit Java on a 64 bit OS
#   Decrease Java heap size (-Xmx/-Xms)
#   Decrease number of Java threads
#   Decrease Java thread stack sizes (-Xss)
#   Set larger code cache with -XX:ReservedCodeCacheSize=
# This output file may be truncated or incomplete.
#
#  Out of Memory Error (allocation.cpp:390), pid=190020, tid=200932
#
# JRE version: Java(TM) SE Runtime Environment (8.0_31-b13) (build 1.8.0_31-b13)
# Java VM: Java HotSpot(TM) 64-Bit Server VM (25.31-b07 mixed mode windows-amd64 compressed oops)
# Failed to write core dump. Minidumps are not enabled by default on client versions of Windows
#

---------------  T H R E A D  ---------------

Current thread (0x00000000176b8000):  JavaThread "C2 CompilerThread0" daemon [_thread_in_native, id=200932, stack(0x0000000017c90000,0x0000000017d90000)]

Stack: [0x0000000017c90000,0x0000000017d90000]
Native frames: (J=compiled Java code, j=interpreted, Vv=VM code, C=native code)
V  [jvm.dll+0x3169ba]


Current CompileTask:
C2:   5842 1390   !   4       com.android.dx.cf.code.RopperMachine::run (1550 bytes)


---------------  P R O C E S S  ---------------

Java Threads: ( => current thread )
  0x000000001774e800 JavaThread "Service Thread" daemon [_thread_blocked, id=199560, stack(0x0000000018090000,0x0000000018190000)]
  0x000000001770e000 JavaThread "C1 CompilerThread3" daemon [_thread_blocked, id=198996, stack(0x0000000017f90000,0x0000000018090000)]
  0x000000001770b000 JavaThread "C2 CompilerThread2" daemon [_thread_in_native, id=184948, stack(0x0000000017e90000,0x0000000017f90000)]
  0x00000000176ff800 JavaThread "C2 CompilerThread1" daemon [_thread_in_native, id=200004, stack(0x0000000017d90000,0x0000000017e90000)]
=>0x00000000176b8000 JavaThread "C2 CompilerThread0" daemon [_thread_in_native, id=200932, stack(0x0000000017c90000,0x0000000017d90000)]
  0x00000000176b6000 JavaThread "Attach Listener" daemon [_thread_blocked, id=200788, stack(0x0000000017b90000,0x0000000017c90000)]
  0x000000001569e800 JavaThread "Signal Dispatcher" daemon [_thread_blocked, id=201128, stack(0x0000000017a90000,0x0000000017b90000)]
  0x0000000002a88800 JavaThread "Finalizer" daemon [_thread_blocked, id=200872, stack(0x0000000017590000,0x0000000017690000)]
  0x0000000002a82000 JavaThread "Reference Handler" daemon [_thread_blocked, id=197184, stack(0x0000000017490000,0x0000000017590000)]
  0x0000000002b6d800 JavaThread "main" [_thread_in_Java, id=195624, stack(0x0000000002860000,0x0000000002960000)]

Other Threads:
  0x0000000015687800 VMThread [stack: 0x0000000017390000,0x0000000017490000] [id=199500]
  0x0000000017752800 WatcherThread [stack: 0x0000000018190000,0x0000000018290000] [id=7480]

VM state:not at safepoint (normal execution)

VM Mutex/Monitor currently owned by a thread: None

Heap:
 PSYoungGen      total 37888K, used 9685K [0x00000000eab00000, 0x00000000ef500000, 0x0000000100000000)
  eden space 32768K, 13% used [0x00000000eab00000,0x00000000eaf755f8,0x00000000ecb00000)
  from space 5120K, 99% used [0x00000000ecb00000,0x00000000ecfffec0,0x00000000ed000000)
  to   space 5120K, 0% used [0x00000000ef000000,0x00000000ef000000,0x00000000ef500000)
 ParOldGen       total 86016K, used 26136K [0x00000000c0000000, 0x00000000c5400000, 0x00000000eab00000)
  object space 86016K, 30% used [0x00000000c0000000,0x00000000c1986308,0x00000000c5400000)
 Metaspace       used 5564K, capacity 6832K, committed 7040K, reserved 1056768K
  class space    used 551K, capacity 616K, committed 640K, reserved 1048576K

Card table byte_map: [0x0000000011f30000,0x0000000012140000] byte_map_base: 0x0000000011930000

Marking Bits: (ParMarkBitMap*) 0x000000005f66d4f0
 Begin Bits: [0x0000000012aa0000, 0x0000000013aa0000)
 End Bits:   [0x0000000013aa0000, 0x0000000014aa0000)

Polling page: 0x0000000002960000

CodeCache: size=245760Kb used=6251Kb max_used=6262Kb free=239508Kb
 bounds [0x0000000002b70000, 0x00000000031a0000, 0x0000000011b70000]
 total_blobs=1694 nmethods=1434 adapters=174
 compilation: enabled

Compilation events (10 events):
Event: 5.822 Thread 0x000000001770b000 nmethod 1445 0x000000000318e3d0 code [0x000000000318e500, 0x000000000318e578]
Event: 5.825 Thread 0x000000001770e000 1446       3       com.android.dx.cf.code.Ropper::getFirstTempStackReg (20 bytes)
Event: 5.826 Thread 0x000000001770e000 nmethod 1446 0x000000000318f410 code [0x000000000318f5a0, 0x000000000318fb88]
Event: 5.826 Thread 0x000000001770e000 1447       3       com.android.dx.cf.code.Ropper::getNormalRegCount (13 bytes)
Event: 5.826 Thread 0x000000001770e000 nmethod 1447 0x000000000318de90 code [0x000000000318e000, 0x000000000318e2d0]
Event: 5.829 Thread 0x000000001770b000 1448       4       com.android.dx.rop.code.Rop::<init> (137 bytes)
Event: 5.831 Thread 0x000000001770b000 nmethod 1448 0x000000000318ef50 code [0x000000000318f0a0, 0x000000000318f238]
Event: 5.835 Thread 0x000000001770b000 1449       4       com.android.dx.rop.code.RegisterSpec::withReg (23 bytes)
Event: 5.835 Thread 0x000000001770b000 nmethod 1449 0x0000000003190f10 code [0x0000000003191060, 0x0000000003191108]
Event: 5.837 Thread 0x000000001770b000 1450       4       com.android.dx.cf.code.Ropper::addBlock (37 bytes)

GC Heap History (6 events):
Event: 2.435 GC heap before
{Heap before GC invocations=1 (full 0):
 PSYoungGen      total 37888K, used 32768K [0x00000000eab00000, 0x00000000ed500000, 0x0000000100000000)
  eden space 32768K, 100% used [0x00000000eab00000,0x00000000ecb00000,0x00000000ecb00000)
  from space 5120K, 0% used [0x00000000ed000000,0x00000000ed000000,0x00000000ed500000)
  to   space 5120K, 0% used [0x00000000ecb00000,0x00000000ecb00000,0x00000000ed000000)
 ParOldGen       total 86016K, used 0K [0x00000000c0000000, 0x00000000c5400000, 0x00000000eab00000)
  object space 86016K, 0% used [0x00000000c0000000,0x00000000c0000000,0x00000000c5400000)
 Metaspace       used 5426K, capacity 6768K, committed 7040K, reserved 1056768K
  class space    used 545K, capacity 616K, committed 640K, reserved 1048576K
Event: 2.459 GC heap after
Heap after GC invocations=1 (full 0):
 PSYoungGen      total 37888K, used 5115K [0x00000000eab00000, 0x00000000ed500000, 0x0000000100000000)
  eden space 32768K, 0% used [0x00000000eab00000,0x00000000eab00000,0x00000000ecb00000)
  from space 5120K, 99% used [0x00000000ecb00000,0x00000000ecffec58,0x00000000ed000000)
  to   space 5120K, 0% used [0x00000000ed000000,0x00000000ed000000,0x00000000ed500000)
 ParOldGen       total 86016K, used 6534K [0x00000000c0000000, 0x00000000c5400000, 0x00000000eab00000)
  object space 86016K, 7% used [0x00000000c0000000,0x00000000c0661b30,0x00000000c5400000)
 Metaspace       used 5426K, capacity 6768K, committed 7040K, reserved 1056768K
  class space    used 545K, capacity 616K, committed 640K, reserved 1048576K
}
Event: 3.654 GC heap before
{Heap before GC invocations=2 (full 0):
 PSYoungGen      total 37888K, used 37883K [0x00000000eab00000, 0x00000000ed500000, 0x0000000100000000)
  eden space 32768K, 100% used [0x00000000eab00000,0x00000000ecb00000,0x00000000ecb00000)
  from space 5120K, 99% used [0x00000000ecb00000,0x00000000ecffec58,0x00000000ed000000)
  to   space 5120K, 0% used [0x00000000ed000000,0x00000000ed000000,0x00000000ed500000)
 ParOldGen       total 86016K, used 6534K [0x00000000c0000000, 0x00000000c5400000, 0x00000000eab00000)
  object space 86016K, 7% used [0x00000000c0000000,0x00000000c0661b30,0x00000000c5400000)
 Metaspace       used 5482K, capacity 6768K, committed 7040K, reserved 1056768K
  class space    used 548K, capacity 616K, committed 640K, reserved 1048576K
Event: 3.838 GC heap after
Heap after GC invocations=2 (full 0):
 PSYoungGen      total 37888K, used 5099K [0x00000000eab00000, 0x00000000ef500000, 0x0000000100000000)
  eden space 32768K, 0% used [0x00000000eab00000,0x00000000eab00000,0x00000000ecb00000)
  from space 5120K, 99% used [0x00000000ed000000,0x00000000ed4fac38,0x00000000ed500000)
  to   space 5120K, 0% used [0x00000000ecb00000,0x00000000ecb00000,0x00000000ed000000)
 ParOldGen       total 86016K, used 19330K [0x00000000c0000000, 0x00000000c5400000, 0x00000000eab00000)
  object space 86016K, 22% used [0x00000000c0000000,0x00000000c12e0978,0x00000000c5400000)
 Metaspace       used 5482K, capacity 6768K, committed 7040K, reserved 1056768K
  class space    used 548K, capacity 616K, committed 640K, reserved 1048576K
}
Event: 5.725 GC heap before
{Heap before GC invocations=3 (full 0):
 PSYoungGen      total 37888K, used 37867K [0x00000000eab00000, 0x00000000ef500000, 0x0000000100000000)
  eden space 32768K, 100% used [0x00000000eab00000,0x00000000ecb00000,0x00000000ecb00000)
  from space 5120K, 99% used [0x00000000ed000000,0x00000000ed4fac38,0x00000000ed500000)
  to   space 5120K, 0% used [0x00000000ecb00000,0x00000000ecb00000,0x00000000ed000000)
 ParOldGen       total 86016K, used 19330K [0x00000000c0000000, 0x00000000c5400000, 0x00000000eab00000)
  object space 86016K, 22% used [0x00000000c0000000,0x00000000c12e0978,0x00000000c5400000)
 Metaspace       used 5559K, capacity 6832K, committed 7040K, reserved 1056768K
  class space    used 550K, capacity 616K, committed 640K, reserved 1048576K
Event: 5.764 GC heap after
Heap after GC invocations=3 (full 0):
 PSYoungGen      total 37888K, used 5119K [0x00000000eab00000, 0x00000000ef500000, 0x0000000100000000)
  eden space 32768K, 0% used [0x00000000eab00000,0x00000000eab00000,0x00000000ecb00000)
  from space 5120K, 99% used [0x00000000ecb00000,0x00000000ecfffec0,0x00000000ed000000)
  to   space 5120K, 0% used [0x00000000ef000000,0x00000000ef000000,0x00000000ef500000)
 ParOldGen       total 86016K, used 26136K [0x00000000c0000000, 0x00000000c5400000, 0x00000000eab00000)
  object space 86016K, 30% used [0x00000000c0000000,0x00000000c1986308,0x00000000c5400000)
 Metaspace       used 5559K, capacity 6832K, committed 7040K, reserved 1056768K
  class space    used 550K, capacity 616K, committed 640K, reserved 1048576K
}

Deoptimization events (10 events):
Event: 5.484 Thread 0x0000000002b6d800 Uncommon trap: reason=class_check action=maybe_recompile pc=0x0000000002ee7e30 method=com.android.dx.rop.type.Type.equals(Ljava/lang/Object;)Z @ 8
Event: 5.486 Thread 0x0000000002b6d800 Uncommon trap: reason=unreached action=reinterpret pc=0x0000000002fe5ee4 method=com.android.dx.util.LabeledList.set(ILcom/android/dx/util/LabeledItem;)V @ 16
Event: 5.486 Thread 0x0000000002b6d800 Uncommon trap: reason=unreached action=reinterpret pc=0x0000000002f65b6c method=com.android.dx.util.LabeledList.set(ILcom/android/dx/util/LabeledItem;)V @ 16
Event: 5.656 Thread 0x0000000002b6d800 Uncommon trap: reason=bimorphic action=maybe_recompile pc=0x0000000002f60558 method=com.android.dx.cf.code.BaseMachine.getLocalTarget(Z)Lcom/android/dx/rop/code/RegisterSpec; @ 70
Event: 5.676 Thread 0x0000000002b6d800 Uncommon trap: reason=class_check action=maybe_recompile pc=0x00000000030661c4 method=com.android.dx.ssa.SsaMethod.isRegALocal(Lcom/android/dx/rop/code/RegisterSpec;)Z @ 16
Event: 5.676 Thread 0x0000000002b6d800 Uncommon trap: reason=class_check action=maybe_recompile pc=0x00000000030661c4 method=com.android.dx.ssa.SsaMethod.isRegALocal(Lcom/android/dx/rop/code/RegisterSpec;)Z @ 16
Event: 5.676 Thread 0x0000000002b6d800 Uncommon trap: reason=unreached action=reinterpret pc=0x0000000002f9c620 method=com.android.dx.ssa.SCCP.simulateStmt(Lcom/android/dx/ssa/SsaInsn;)V @ 418
Event: 5.679 Thread 0x0000000002b6d800 Uncommon trap: reason=class_check action=maybe_recompile pc=0x00000000030661c4 method=com.android.dx.ssa.SsaMethod.isRegALocal(Lcom/android/dx/rop/code/RegisterSpec;)Z @ 16
Event: 5.679 Thread 0x0000000002b6d800 Uncommon trap: reason=class_check action=maybe_recompile pc=0x00000000030661c4 method=com.android.dx.ssa.SsaMethod.isRegALocal(Lcom/android/dx/rop/code/RegisterSpec;)Z @ 16
Event: 5.793 Thread 0x0000000002b6d800 Uncommon trap: reason=unreached action=reinterpret pc=0x000000000309e2cc method=com.android.dx.rop.code.LocalVariableExtractor.processBlock(I)V @ 195

Internal exceptions (10 events):
Event: 1.963 Thread 0x0000000002b6d800 Exception <a 'java/security/PrivilegedActionException'> (0x00000000eb6bfc40) thrown at [C:\workspace\8-2-build-windows-amd64-cygwin\jdk8u31\2394\hotspot\src\share\vm\prims\jvm.cpp, line 1312]
Event: 1.963 Thread 0x0000000002b6d800 Exception <a 'java/security/PrivilegedActionException'> (0x00000000eb6c3148) thrown at [C:\workspace\8-2-build-windows-amd64-cygwin\jdk8u31\2394\hotspot\src\share\vm\prims\jvm.cpp, line 1312]
Event: 1.977 Thread 0x0000000002b6d800 Implicit null exception at 0x0000000002e96914 to 0x0000000002e98705
Event: 2.317 Thread 0x0000000002b6d800 Exception <a 'java/security/PrivilegedActionException'> (0x00000000ec827f98) thrown at [C:\workspace\8-2-build-windows-amd64-cygwin\jdk8u31\2394\hotspot\src\share\vm\prims\jvm.cpp, line 1312]
Event: 2.365 Thread 0x0000000002b6d800 Exception <a 'java/security/PrivilegedActionException'> (0x00000000ec89a6e8) thrown at [C:\workspace\8-2-build-windows-amd64-cygwin\jdk8u31\2394\hotspot\src\share\vm\prims\jvm.cpp, line 1312]
Event: 2.877 Thread 0x0000000002b6d800 Exception <a 'java/security/PrivilegedActionException'> (0x00000000eb34edd8) thrown at [C:\workspace\8-2-build-windows-amd64-cygwin\jdk8u31\2394\hotspot\src\share\vm\prims\jvm.cpp, line 1312]
Event: 3.162 Thread 0x0000000002b6d800 Exception <a 'java/security/PrivilegedActionException'> (0x00000000eb8bae08) thrown at [C:\workspace\8-2-build-windows-amd64-cygwin\jdk8u31\2394\hotspot\src\share\vm\prims\jvm.cpp, line 1312]
Event: 5.482 Thread 0x0000000002b6d800 Exception <a 'java/security/PrivilegedActionException'> (0x00000000ec4231d8) thrown at [C:\workspace\8-2-build-windows-amd64-cygwin\jdk8u31\2394\hotspot\src\share\vm\prims\jvm.cpp, line 1312]
Event: 5.554 Thread 0x0000000002b6d800 Exception <a 'java/security/PrivilegedActionException'> (0x00000000ec678650) thrown at [C:\workspace\8-2-build-windows-amd64-cygwin\jdk8u31\2394\hotspot\src\share\vm\prims\jvm.cpp, line 1312]
Event: 5.799 Thread 0x0000000002b6d800 Exception <a 'java/security/PrivilegedActionException'> (0x00000000eacc1668) thrown at [C:\workspace\8-2-build-windows-amd64-cygwin\jdk8u31\2394\hotspot\src\share\vm\prims\jvm.cpp, line 1312]

Events (10 events):
Event: 5.783 Executing VM operation: RevokeBias done
Event: 5.788 Executing VM operation: RevokeBias
Event: 5.788 Executing VM operation: RevokeBias done
Event: 5.793 Thread 0x0000000002b6d800 Uncommon trap: trap_request=0xffffffad fr.pc=0x000000000309e2cc
Event: 5.793 Thread 0x0000000002b6d800 DEOPT PACKING pc=0x000000000309e2cc sp=0x000000000295e990
Event: 5.793 Thread 0x0000000002b6d800 DEOPT UNPACKING pc=0x0000000002bb556a sp=0x000000000295e940 mode 2
Event: 5.798 loading class com/android/dx/dex/file/MethodAnnotationStruct
Event: 5.798 loading class com/android/dx/dex/file/MethodAnnotationStruct done
Event: 5.803 Thread 0x0000000002b6d800 DEOPT PACKING pc=0x000000000309a7b5 sp=0x000000000295e900
Event: 5.803 Thread 0x0000000002b6d800 DEOPT UNPACKING pc=0x0000000002bb75bf sp=0x000000000295e5e0 mode 0


Dynamic libraries:
0x00007ff664760000 - 0x00007ff664794000 	C:\Program Files (x86)\Java\jdk1.8.0_31\bin\java.exe
0x00007ffdd7110000 - 0x00007ffdd72d2000 	C:\WINDOWS\SYSTEM32\ntdll.dll
0x00007ffdd4e10000 - 0x00007ffdd4ebd000 	C:\WINDOWS\system32\KERNEL32.DLL
0x00007ffdd3e00000 - 0x00007ffdd3fdd000 	C:\WINDOWS\system32\KERNELBASE.dll
0x00007ffdd5a30000 - 0x00007ffdd5ad6000 	C:\WINDOWS\system32\ADVAPI32.dll
0x00007ffdd47e0000 - 0x00007ffdd487d000 	C:\WINDOWS\system32\msvcrt.dll
0x00007ffdd5480000 - 0x00007ffdd54db000 	C:\WINDOWS\system32\sechost.dll
0x00007ffdd51f0000 - 0x00007ffdd5316000 	C:\WINDOWS\system32\RPCRT4.dll
0x00007ffdd48f0000 - 0x00007ffdd4a3e000 	C:\WINDOWS\system32\USER32.dll
0x00007ffdd4a40000 - 0x00007ffdd4bc5000 	C:\WINDOWS\system32\GDI32.dll
0x00007ffdd06a0000 - 0x00007ffdd0914000 	C:\WINDOWS\WinSxS\amd64_microsoft.windows.common-controls_6595b64144ccf1df_6.0.10240.16384_none_f41f7b285750ef43\COMCTL32.dll
0x00007ffdd54f0000 - 0x00007ffdd5526000 	C:\WINDOWS\system32\IMM32.DLL
0x00007ffdd5090000 - 0x00007ffdd51ec000 	C:\WINDOWS\system32\MSCTF.dll
0x000000005e9d0000 - 0x000000005eaa2000 	C:\Program Files (x86)\Java\jdk1.8.0_31\jre\bin\msvcr100.dll
0x000000005ee90000 - 0x000000005f6ea000 	C:\Program Files (x86)\Java\jdk1.8.0_31\jre\bin\server\jvm.dll
0x00007ffdd5320000 - 0x00007ffdd5328000 	C:\WINDOWS\system32\PSAPI.DLL
0x00007ffdc9220000 - 0x00007ffdc9229000 	C:\WINDOWS\SYSTEM32\WSOCK32.dll
0x00007ffdd4bd0000 - 0x00007ffdd4c39000 	C:\WINDOWS\system32\WS2_32.dll
0x00007ffdd4880000 - 0x00007ffdd4888000 	C:\WINDOWS\system32\NSI.dll
0x00007ffdd1a70000 - 0x00007ffdd1a93000 	C:\WINDOWS\SYSTEM32\WINMM.dll
0x00007ffdd1750000 - 0x00007ffdd177c000 	C:\WINDOWS\SYSTEM32\WINMMBASE.dll
0x00007ffdd3db0000 - 0x00007ffdd3df4000 	C:\WINDOWS\system32\cfgmgr32.dll
0x00007ffdd23b0000 - 0x00007ffdd23d7000 	C:\WINDOWS\SYSTEM32\DEVOBJ.dll
0x000000005ee80000 - 0x000000005ee8f000 	C:\Program Files (x86)\Java\jdk1.8.0_31\jre\bin\verify.dll
0x000000005ee50000 - 0x000000005ee78000 	C:\Program Files (x86)\Java\jdk1.8.0_31\jre\bin\java.dll
0x000000005ee30000 - 0x000000005ee46000 	C:\Program Files (x86)\Java\jdk1.8.0_31\jre\bin\zip.dll
0x00007ffdd5ae0000 - 0x00007ffdd7003000 	C:\WINDOWS\system32\SHELL32.dll
0x00007ffdd41b0000 - 0x00007ffdd47d9000 	C:\WINDOWS\system32\windows.storage.dll
0x00007ffdd56e0000 - 0x00007ffdd595c000 	C:\WINDOWS\system32\combase.dll
0x00007ffdd5960000 - 0x00007ffdd59b1000 	C:\WINDOWS\system32\shlwapi.dll
0x00007ffdd3bd0000 - 0x00007ffdd3bdf000 	C:\WINDOWS\system32\kernel.appcore.dll
0x00007ffdd3fe0000 - 0x00007ffdd4093000 	C:\WINDOWS\system32\shcore.dll
0x00007ffdd3b40000 - 0x00007ffdd3b8a000 	C:\WINDOWS\system32\powrprof.dll
0x00007ffdd3b90000 - 0x00007ffdd3ba3000 	C:\WINDOWS\system32\profapi.dll

VM Arguments:
jvm_args: -Djava.awt.headless=true -Xmx1024M -Dfile.encoding=windows-1252 -Duser.country=GB -Duser.language=en -Duser.variant 
java_command: com.android.dx.command.Main --dex --force-jumbo --multi-dex --output D:\TIStuff\GitProjects\VirgielOwee2016\app\build\intermediates\transforms\dex\debug\folders\1000\5\slice_1 D:\TIStuff\GitProjects\VirgielOwee2016\app\build\intermediates\transforms\instantRunSlicer\debug\folders\1\5\slice_1
java_class_path (initial): C:\Users\Jasper\AppData\Local\Android\sdk\build-tools\21.1.2\lib\dx.jar
Launcher Type: SUN_STANDARD

Environment Variables:
JAVA_HOME=C:/Program Files (x86)/Java/jdk1.8.0_31
PATH=C:\ProgramData\Oracle\Java\javapath;c:\Program Files (x86)\Intel\iCLS Client\;c:\Program Files\Intel\iCLS Client\;C:\Program Files (x86)\NVIDIA Corporation\PhysX\Common;C:\WINDOWS\system32;C:\WINDOWS;C:\WINDOWS\System32\Wbem;C:\WINDOWS\System32\WindowsPowerShell\v1.0\;C:\Program Files (x86)\Hewlett-Packard\HP Performance Advisor;c:\Program Files\Intel\WiFi\bin\;c:\Program Files\Common Files\Intel\WirelessCommon\;C:\Program Files\Intel\Intel(R) Management Engine Components\DAL;C:\Program Files\Intel\Intel(R) Management Engine Components\IPT;C:\Program Files (x86)\Intel\Intel(R) Management Engine Components\DAL;C:\Program Files (x86)\Intel\Intel(R) Management Engine Components\IPT;C:\Program Files\Microsoft SQL Server\110\Tools\Binn\;C:\Program Files\Microsoft SQL Server\120\Tools\Binn\;C:\Program Files (x86)\Skype\Phone\
USERNAME=Jasper
OS=Windows_NT
PROCESSOR_IDENTIFIER=Intel64 Family 6 Model 60 Stepping 3, GenuineIntel



---------------  S Y S T E M  ---------------

OS: Windows 8.1 , 64 bit Build 9600 

CPU:total 8 (4 cores per cpu, 2 threads per core) family 6 model 60 stepping 3, cmov, cx8, fxsr, mmx, sse, sse2, sse3, ssse3, sse4.1, sse4.2, popcnt, avx, avx2, aes, clmul, erms, lzcnt, ht, tsc, tscinvbit, bmi1, bmi2

Memory: 4k page, physical 8184940k(1696228k free), swap 10736196k(4152k free)

vm_info: Java HotSpot(TM) 64-Bit Server VM (25.31-b07) for windows-amd64 JRE (1.8.0_31-b13), built on Dec 17 2014 21:00:28 by "java_re" with MS VC++ 10.0 (VS2010)

time: Thu Jul 28 15:17:34 2016
elapsed time: 5 seconds (0d 0h 0m 5s)

