#
# There is insufficient memory for the Java Runtime Environment to continue.
# Native memory allocation (malloc) failed to allocate 1117776 bytes for Chunk::new
# Possible reasons:
#   The system is out of physical RAM or swap space
#   In 32 bit mode, the process size limit was hit
# Possible solutions:
#   Reduce memory load on the system
#   Increase physical memory or swap space
#   Check if swap backing store is full
#   Use 64 bit Java on a 64 bit OS
#   Decrease Java heap size (-Xmx/-Xms)
#   Decrease number of Java threads
#   Decrease Java thread stack sizes (-Xss)
#   Set larger code cache with -XX:ReservedCodeCacheSize=
# This output file may be truncated or incomplete.
#
#  Out of Memory Error (allocation.cpp:390), pid=10664, tid=11164
#
# JRE version: Java(TM) SE Runtime Environment (8.0_31-b13) (build 1.8.0_31-b13)
# Java VM: Java HotSpot(TM) 64-Bit Server VM (25.31-b07 mixed mode windows-amd64 compressed oops)
# Failed to write core dump. Minidumps are not enabled by default on client versions of Windows
#

---------------  T H R E A D  ---------------

Current thread (0x0000000017adb800):  JavaThread "C2 CompilerThread2" daemon [_thread_in_native, id=11164, stack(0x00000000182b0000,0x00000000183b0000)]

Stack: [0x00000000182b0000,0x00000000183b0000]
Native frames: (J=compiled Java code, j=interpreted, Vv=VM code, C=native code)
V  [jvm.dll+0x3169ba]
V  [jvm.dll+0x2674c3]
V  [jvm.dll+0x268103]
V  [jvm.dll+0x25f8f5]
V  [jvm.dll+0xbf025]
V  [jvm.dll+0xbf4cc]
V  [jvm.dll+0x4798bc]
V  [jvm.dll+0x446e60]
V  [jvm.dll+0x451bce]
V  [jvm.dll+0x4541b8]
V  [jvm.dll+0x437c62]
V  [jvm.dll+0x988e2]
V  [jvm.dll+0x990d3]
V  [jvm.dll+0x22c194]
V  [jvm.dll+0x28576a]
C  [msvcr100.dll+0x21d9f]
C  [msvcr100.dll+0x21e3b]
C  [KERNEL32.DLL+0x12d92]
C  [ntdll.dll+0x9f64]


Current CompileTask:
C2:   3358 1562   !   4       com.android.dx.cf.code.RopperMachine::run (1550 bytes)


---------------  P R O C E S S  ---------------

Java Threads: ( => current thread )
  0x0000000017b6b000 JavaThread "Service Thread" daemon [_thread_blocked, id=12804, stack(0x00000000184b0000,0x00000000185b0000)]
  0x0000000017ae4000 JavaThread "C1 CompilerThread3" daemon [_thread_blocked, id=9148, stack(0x00000000183b0000,0x00000000184b0000)]
=>0x0000000017adb800 JavaThread "C2 CompilerThread2" daemon [_thread_in_native, id=11164, stack(0x00000000182b0000,0x00000000183b0000)]
  0x0000000017ada000 JavaThread "C2 CompilerThread1" daemon [_thread_blocked, id=13248, stack(0x00000000181b0000,0x00000000182b0000)]
  0x0000000017ad8000 JavaThread "C2 CompilerThread0" daemon [_thread_blocked, id=12940, stack(0x00000000180b0000,0x00000000181b0000)]
  0x0000000017ad6000 JavaThread "Attach Listener" daemon [_thread_blocked, id=12456, stack(0x0000000017fb0000,0x00000000180b0000)]
  0x0000000017ad5800 JavaThread "Signal Dispatcher" daemon [_thread_blocked, id=12952, stack(0x0000000017eb0000,0x0000000017fb0000)]
  0x0000000002fc9000 JavaThread "Finalizer" daemon [_thread_blocked, id=9220, stack(0x00000000179b0000,0x0000000017ab0000)]
  0x0000000015aec800 JavaThread "Reference Handler" daemon [_thread_blocked, id=12744, stack(0x00000000178b0000,0x00000000179b0000)]
  0x0000000002dcd800 JavaThread "main" [_thread_in_Java, id=12652, stack(0x0000000002dd0000,0x0000000002ed0000)]

Other Threads:
  0x0000000015ae8000 VMThread [stack: 0x00000000177b0000,0x00000000178b0000] [id=13168]
  0x0000000017b6c800 WatcherThread [stack: 0x00000000185b0000,0x00000000186b0000] [id=12736]

VM state:not at safepoint (normal execution)

VM Mutex/Monitor currently owned by a thread: None

Heap:
 PSYoungGen      total 37888K, used 36260K [0x00000000eab00000, 0x00000000ef500000, 0x0000000100000000)
  eden space 32768K, 95% used [0x00000000eab00000,0x00000000ec96bc10,0x00000000ecb00000)
  from space 5120K, 99% used [0x00000000ecb00000,0x00000000ecffd420,0x00000000ed000000)
  to   space 5120K, 0% used [0x00000000ef000000,0x00000000ef000000,0x00000000ef500000)
 ParOldGen       total 86016K, used 1470K [0x00000000c0000000, 0x00000000c5400000, 0x00000000eab00000)
  object space 86016K, 1% used [0x00000000c0000000,0x00000000c016fb18,0x00000000c5400000)
 Metaspace       used 5838K, capacity 7088K, committed 7296K, reserved 1056768K
  class space    used 555K, capacity 616K, committed 640K, reserved 1048576K

Card table byte_map: [0x0000000012390000,0x00000000125a0000] byte_map_base: 0x0000000011d90000

Marking Bits: (ParMarkBitMap*) 0x0000000055ded4f0
 Begin Bits: [0x0000000012f00000, 0x0000000013f00000)
 End Bits:   [0x0000000013f00000, 0x0000000014f00000)

Polling page: 0x00000000014c0000

CodeCache: size=245760Kb used=7059Kb max_used=7076Kb free=238700Kb
 bounds [0x0000000002fd0000, 0x00000000036c0000, 0x0000000011fd0000]
 total_blobs=1883 nmethods=1623 adapters=174
 compilation: enabled

Compilation events (10 events):
Event: 3.062 Thread 0x0000000017ada000 nmethod 1631 0x00000000036b6490 code [0x00000000036b6600, 0x00000000036b69d8]
Event: 3.062 Thread 0x0000000017ada000 1566       4       com.android.dx.ssa.SsaRenamer$BlockRenamer$RenamingMapper::map (28 bytes)
Event: 3.063 Thread 0x0000000017ada000 nmethod 1566 0x000000000368af90 code [0x000000000368b0e0, 0x000000000368b1e8]
Event: 3.063 Thread 0x0000000017ada000 1574       4       com.android.dx.rop.code.SourcePosition::<init> (50 bytes)
Event: 3.064 Thread 0x0000000017ada000 nmethod 1574 0x000000000364fd50 code [0x000000000364fe80, 0x000000000364ff18]
Event: 3.064 Thread 0x0000000017ada000 1625       4       com.android.dx.ssa.back.SsaToRop::convertBasicBlock (126 bytes)
Event: 3.070 Thread 0x0000000017ad8000 nmethod 1624 0x00000000036b6d50 code [0x00000000036b76c0, 0x00000000036b7da8]
Event: 3.071 Thread 0x0000000017ad8000 1617   !   4       com.android.dx.cf.cst.ConstantPoolParser::parseUtf8 (47 bytes)
Event: 3.077 Thread 0x0000000017ad8000 nmethod 1617 0x00000000036b8510 code [0x00000000036b86a0, 0x00000000036b8a78]
Event: 3.126 Thread 0x0000000017ada000 nmethod 1625 0x00000000036bbed0 code [0x00000000036bc120, 0x00000000036bd8d8]

GC Heap History (2 events):
Event: 1.519 GC heap before
{Heap before GC invocations=1 (full 0):
 PSYoungGen      total 37888K, used 32768K [0x00000000eab00000, 0x00000000ed500000, 0x0000000100000000)
  eden space 32768K, 100% used [0x00000000eab00000,0x00000000ecb00000,0x00000000ecb00000)
  from space 5120K, 0% used [0x00000000ed000000,0x00000000ed000000,0x00000000ed500000)
  to   space 5120K, 0% used [0x00000000ecb00000,0x00000000ecb00000,0x00000000ed000000)
 ParOldGen       total 86016K, used 0K [0x00000000c0000000, 0x00000000c5400000, 0x00000000eab00000)
  object space 86016K, 0% used [0x00000000c0000000,0x00000000c0000000,0x00000000c5400000)
 Metaspace       used 5704K, capacity 6960K, committed 7040K, reserved 1056768K
  class space    used 554K, capacity 616K, committed 640K, reserved 1048576K
Event: 1.647 GC heap after
Heap after GC invocations=1 (full 0):
 PSYoungGen      total 37888K, used 5109K [0x00000000eab00000, 0x00000000ef500000, 0x0000000100000000)
  eden space 32768K, 0% used [0x00000000eab00000,0x00000000eab00000,0x00000000ecb00000)
  from space 5120K, 99% used [0x00000000ecb00000,0x00000000ecffd420,0x00000000ed000000)
  to   space 5120K, 0% used [0x00000000ef000000,0x00000000ef000000,0x00000000ef500000)
 ParOldGen       total 86016K, used 1470K [0x00000000c0000000, 0x00000000c5400000, 0x00000000eab00000)
  object space 86016K, 1% used [0x00000000c0000000,0x00000000c016fb18,0x00000000c5400000)
 Metaspace       used 5704K, capacity 6960K, committed 7040K, reserved 1056768K
  class space    used 554K, capacity 616K, committed 640K, reserved 1048576K
}

Deoptimization events (10 events):
Event: 1.025 Thread 0x0000000002dcd800 Uncommon trap: reason=null_check action=make_not_entrant pc=0x0000000003348c64 method=com.android.dx.rop.type.Type.equals(Ljava/lang/Object;)Z @ 8
Event: 2.004 Thread 0x0000000002dcd800 Uncommon trap: reason=class_check action=maybe_recompile pc=0x00000000035b313c method=com.android.dx.rop.code.RegisterSpec.withSimpleType()Lcom/android/dx/rop/code/RegisterSpec; @ 21
Event: 2.054 Thread 0x0000000002dcd800 Uncommon trap: reason=class_check action=maybe_recompile pc=0x00000000035b313c method=com.android.dx.rop.code.RegisterSpec.withSimpleType()Lcom/android/dx/rop/code/RegisterSpec; @ 21
Event: 2.057 Thread 0x0000000002dcd800 Uncommon trap: reason=class_check action=maybe_recompile pc=0x00000000035b313c method=com.android.dx.rop.code.RegisterSpec.withSimpleType()Lcom/android/dx/rop/code/RegisterSpec; @ 21
Event: 2.174 Thread 0x0000000002dcd800 Uncommon trap: reason=class_check action=maybe_recompile pc=0x00000000035b313c method=com.android.dx.rop.code.RegisterSpec.withSimpleType()Lcom/android/dx/rop/code/RegisterSpec; @ 21
Event: 2.270 Thread 0x0000000002dcd800 Uncommon trap: reason=unreached action=reinterpret pc=0x000000000352b278 method=com.android.dx.cf.code.BytecodeArray.parseInstruction(ILcom/android/dx/cf/code/BytecodeArray$Visitor;)I @ 1198
Event: 2.658 Thread 0x0000000002dcd800 Uncommon trap: reason=bimorphic action=maybe_recompile pc=0x000000000362f690 method=com.android.dx.rop.code.RegisterSpec.withSimpleType()Lcom/android/dx/rop/code/RegisterSpec; @ 21
Event: 3.043 Thread 0x0000000002dcd800 Uncommon trap: reason=unreached action=reinterpret pc=0x0000000003517f00 method=com.android.dx.ssa.SCCP.simulateBranch(Lcom/android/dx/ssa/SsaInsn;)V @ 132
Event: 3.043 Thread 0x0000000002dcd800 Uncommon trap: reason=unloaded action=reinterpret pc=0x000000000356014c method=com.android.dx.ssa.LiteralOpUpgrader$1.visitNonMoveInsn(Lcom/android/dx/ssa/NormalSsaInsn;)V @ 72
Event: 3.044 Thread 0x0000000002dcd800 Uncommon trap: reason=unreached action=reinterpret pc=0x00000000033f72dc method=com.android.dx.ssa.SsaMethod.updateOneDefinition(Lcom/android/dx/ssa/SsaInsn;Lcom/android/dx/rop/code/RegisterSpec;)V @ 4

Internal exceptions (10 events):
Event: 0.767 Thread 0x0000000002dcd800 Exception <a 'java/security/PrivilegedActionException'> (0x00000000eb5b6570) thrown at [C:\workspace\8-2-build-windows-amd64-cygwin\jdk8u31\2394\hotspot\src\share\vm\prims\jvm.cpp, line 1312]
Event: 0.770 Thread 0x0000000002dcd800 Exception <a 'java/security/PrivilegedActionException'> (0x00000000eb5c1200) thrown at [C:\workspace\8-2-build-windows-amd64-cygwin\jdk8u31\2394\hotspot\src\share\vm\prims\jvm.cpp, line 1312]
Event: 0.865 Thread 0x0000000002dcd800 Exception <a 'java/security/PrivilegedActionException'> (0x00000000eb7d5ae8) thrown at [C:\workspace\8-2-build-windows-amd64-cygwin\jdk8u31\2394\hotspot\src\share\vm\prims\jvm.cpp, line 1312]
Event: 0.866 Thread 0x0000000002dcd800 Exception <a 'java/security/PrivilegedActionException'> (0x00000000eb7e22f0) thrown at [C:\workspace\8-2-build-windows-amd64-cygwin\jdk8u31\2394\hotspot\src\share\vm\prims\jvm.cpp, line 1312]
Event: 0.920 Thread 0x0000000002dcd800 Exception <a 'java/security/PrivilegedActionException'> (0x00000000eb90b898) thrown at [C:\workspace\8-2-build-windows-amd64-cygwin\jdk8u31\2394\hotspot\src\share\vm\prims\jvm.cpp, line 1312]
Event: 0.934 Thread 0x0000000002dcd800 Exception <a 'java/security/PrivilegedActionException'> (0x00000000eb961340) thrown at [C:\workspace\8-2-build-windows-amd64-cygwin\jdk8u31\2394\hotspot\src\share\vm\prims\jvm.cpp, line 1312]
Event: 1.025 Thread 0x0000000002dcd800 Implicit null exception at 0x0000000003348b62 to 0x0000000003348c55
Event: 1.302 Thread 0x0000000002dcd800 Exception <a 'java/security/PrivilegedActionException'> (0x00000000ec2ceac0) thrown at [C:\workspace\8-2-build-windows-amd64-cygwin\jdk8u31\2394\hotspot\src\share\vm\prims\jvm.cpp, line 1312]
Event: 1.306 Thread 0x0000000002dcd800 Exception <a 'java/security/PrivilegedActionException'> (0x00000000ec2e7ee8) thrown at [C:\workspace\8-2-build-windows-amd64-cygwin\jdk8u31\2394\hotspot\src\share\vm\prims\jvm.cpp, line 1312]
Event: 3.043 Thread 0x0000000002dcd800 Exception <a 'java/security/PrivilegedActionException'> (0x00000000ec8f00b0) thrown at [C:\workspace\8-2-build-windows-amd64-cygwin\jdk8u31\2394\hotspot\src\share\vm\prims\jvm.cpp, line 1312]

Events (10 events):
Event: 3.043 Thread 0x0000000002dcd800 DEOPT PACKING pc=0x0000000003517f00 sp=0x0000000002ece4c0
Event: 3.043 Thread 0x0000000002dcd800 DEOPT UNPACKING pc=0x000000000301556a sp=0x0000000002ece468 mode 2
Event: 3.043 Thread 0x0000000002dcd800 Uncommon trap: trap_request=0x0000004e fr.pc=0x000000000356014c
Event: 3.043 loading class com/android/dx/rop/code/RegOps
Event: 3.043 loading class com/android/dx/rop/code/RegOps done
Event: 3.044 Thread 0x0000000002dcd800 DEOPT PACKING pc=0x000000000356014c sp=0x0000000002ece6c0
Event: 3.044 Thread 0x0000000002dcd800 DEOPT UNPACKING pc=0x000000000301556a sp=0x0000000002ece688 mode 2
Event: 3.044 Thread 0x0000000002dcd800 Uncommon trap: trap_request=0xffffffad fr.pc=0x00000000033f72dc
Event: 3.044 Thread 0x0000000002dcd800 DEOPT PACKING pc=0x00000000033f72dc sp=0x0000000002ece500
Event: 3.045 Thread 0x0000000002dcd800 DEOPT UNPACKING pc=0x000000000301556a sp=0x0000000002ece4a8 mode 2


Dynamic libraries:
0x00007ff7fe5f0000 - 0x00007ff7fe624000 	C:\Program Files (x86)\Java\jdk1.8.0_31\bin\java.exe
0x00007fff9c4d0000 - 0x00007fff9c692000 	C:\WINDOWS\SYSTEM32\ntdll.dll
0x00007fff99e60000 - 0x00007fff99f0d000 	C:\WINDOWS\system32\KERNEL32.DLL
0x00007fff99980000 - 0x00007fff99b5d000 	C:\WINDOWS\system32\KERNELBASE.dll
0x00007fff9c260000 - 0x00007fff9c306000 	C:\WINDOWS\system32\ADVAPI32.dll
0x00007fff9c310000 - 0x00007fff9c3ad000 	C:\WINDOWS\system32\msvcrt.dll
0x00007fff9c0b0000 - 0x00007fff9c10b000 	C:\WINDOWS\system32\sechost.dll
0x00007fff9bbd0000 - 0x00007fff9bcf6000 	C:\WINDOWS\system32\RPCRT4.dll
0x00007fff9c110000 - 0x00007fff9c25e000 	C:\WINDOWS\system32\USER32.dll
0x00007fff9bdc0000 - 0x00007fff9bf46000 	C:\WINDOWS\system32\GDI32.dll
0x00007fff94c90000 - 0x00007fff94f04000 	C:\WINDOWS\WinSxS\amd64_microsoft.windows.common-controls_6595b64144ccf1df_6.0.10240.16384_none_f41f7b285750ef43\COMCTL32.dll
0x00007fff99f10000 - 0x00007fff99f46000 	C:\WINDOWS\system32\IMM32.DLL
0x00007fff9bf50000 - 0x00007fff9c0ac000 	C:\WINDOWS\system32\MSCTF.dll
0x0000000055150000 - 0x0000000055222000 	C:\Program Files (x86)\Java\jdk1.8.0_31\jre\bin\msvcr100.dll
0x0000000055610000 - 0x0000000055e6a000 	C:\Program Files (x86)\Java\jdk1.8.0_31\jre\bin\server\jvm.dll
0x00007fff9b860000 - 0x00007fff9b868000 	C:\WINDOWS\system32\PSAPI.DLL
0x00007fff83c30000 - 0x00007fff83c39000 	C:\WINDOWS\SYSTEM32\WSOCK32.dll
0x00007fff9b870000 - 0x00007fff9b8d9000 	C:\WINDOWS\system32\WS2_32.dll
0x00007fff96c80000 - 0x00007fff96ca3000 	C:\WINDOWS\SYSTEM32\WINMM.dll
0x00007fff9b680000 - 0x00007fff9b688000 	C:\WINDOWS\system32\NSI.dll
0x00007fff96b70000 - 0x00007fff96b9c000 	C:\WINDOWS\SYSTEM32\WINMMBASE.dll
0x00007fff99590000 - 0x00007fff995d4000 	C:\WINDOWS\system32\cfgmgr32.dll
0x00007fff98a30000 - 0x00007fff98a57000 	C:\WINDOWS\SYSTEM32\DEVOBJ.dll
0x0000000055600000 - 0x000000005560f000 	C:\Program Files (x86)\Java\jdk1.8.0_31\jre\bin\verify.dll
0x00000000555d0000 - 0x00000000555f8000 	C:\Program Files (x86)\Java\jdk1.8.0_31\jre\bin\java.dll
0x00000000555b0000 - 0x00000000555c6000 	C:\Program Files (x86)\Java\jdk1.8.0_31\jre\bin\zip.dll
0x00007fff99f50000 - 0x00007fff9b4b8000 	C:\WINDOWS\system32\SHELL32.dll
0x00007fff98f60000 - 0x00007fff99588000 	C:\WINDOWS\system32\windows.storage.dll
0x00007fff9b950000 - 0x00007fff9bbcc000 	C:\WINDOWS\system32\combase.dll
0x00007fff9c3b0000 - 0x00007fff9c401000 	C:\WINDOWS\system32\shlwapi.dll
0x00007fff98f30000 - 0x00007fff98f3f000 	C:\WINDOWS\system32\kernel.appcore.dll
0x00007fff998c0000 - 0x00007fff99973000 	C:\WINDOWS\system32\shcore.dll
0x00007fff98ee0000 - 0x00007fff98f2a000 	C:\WINDOWS\system32\powrprof.dll
0x00007fff98ec0000 - 0x00007fff98ed3000 	C:\WINDOWS\system32\profapi.dll
0x00007fff9bd00000 - 0x00007fff9bdbe000 	C:\WINDOWS\system32\OLEAUT32.dll
0x00007fff83e20000 - 0x00007fff83faa000 	C:\WINDOWS\SYSTEM32\dbghelp.dll

VM Arguments:
jvm_args: -Djava.awt.headless=true -Xmx1024M -Dfile.encoding=windows-1252 -Duser.country=GB -Duser.language=en -Duser.variant 
java_command: com.android.dx.command.Main --dex --force-jumbo --multi-dex --output C:\Users\Jasper\Downloads\VirgielOwee2016\app\build\intermediates\transforms\dex\debug\folders\1000\10\internal_impl-23.4.0_a2c8ff0b2bd9a94bf7fd8adea131f24e7e8db6bb C:\Users\Jasper\Downloads\VirgielOwee2016\app\build\intermediates\exploded-aar\com.android.support\support-v4\23.4.0\jars\libs\internal_impl-23.4.0.jar
java_class_path (initial): C:\Users\Jasper\AppData\Local\Android\sdk\build-tools\21.1.2\lib\dx.jar
Launcher Type: SUN_STANDARD

Environment Variables:
JAVA_HOME=C:/Program Files (x86)/Java/jdk1.8.0_31
PATH=C:\ProgramData\Oracle\Java\javapath;c:\Program Files (x86)\Intel\iCLS Client\;c:\Program Files\Intel\iCLS Client\;C:\Program Files (x86)\NVIDIA Corporation\PhysX\Common;C:\WINDOWS\system32;C:\WINDOWS;C:\WINDOWS\System32\Wbem;C:\WINDOWS\System32\WindowsPowerShell\v1.0\;C:\Program Files (x86)\Hewlett-Packard\HP Performance Advisor;c:\Program Files\Intel\WiFi\bin\;c:\Program Files\Common Files\Intel\WirelessCommon\;C:\Program Files\Intel\Intel(R) Management Engine Components\DAL;C:\Program Files\Intel\Intel(R) Management Engine Components\IPT;C:\Program Files (x86)\Intel\Intel(R) Management Engine Components\DAL;C:\Program Files (x86)\Intel\Intel(R) Management Engine Components\IPT;C:\Program Files\Microsoft SQL Server\110\Tools\Binn\;C:\Program Files\Microsoft SQL Server\120\Tools\Binn\;C:\Program Files (x86)\Skype\Phone\
USERNAME=Jasper
OS=Windows_NT
PROCESSOR_IDENTIFIER=Intel64 Family 6 Model 60 Stepping 3, GenuineIntel



---------------  S Y S T E M  ---------------

OS: Windows 8.1 , 64 bit Build 9600 

CPU:total 8 (4 cores per cpu, 2 threads per core) family 6 model 60 stepping 3, cmov, cx8, fxsr, mmx, sse, sse2, sse3, ssse3, sse4.1, sse4.2, popcnt, avx, avx2, aes, clmul, erms, lzcnt, ht, tsc, tscinvbit, bmi1, bmi2

Memory: 4k page, physical 8184940k(1789676k free), swap 12379244k(5264k free)

vm_info: Java HotSpot(TM) 64-Bit Server VM (25.31-b07) for windows-amd64 JRE (1.8.0_31-b13), built on Dec 17 2014 21:00:28 by "java_re" with MS VC++ 10.0 (VS2010)

time: Thu Jun 09 16:12:36 2016
elapsed time: 3 seconds (0d 0h 0m 3s)

