#
# There is insufficient memory for the Java Runtime Environment to continue.
# Native memory allocation (malloc) failed to allocate 176976 bytes for Chunk::new
# Possible reasons:
#   The system is out of physical RAM or swap space
#   In 32 bit mode, the process size limit was hit
# Possible solutions:
#   Reduce memory load on the system
#   Increase physical memory or swap space
#   Check if swap backing store is full
#   Use 64 bit Java on a 64 bit OS
#   Decrease Java heap size (-Xmx/-Xms)
#   Decrease number of Java threads
#   Decrease Java thread stack sizes (-Xss)
#   Set larger code cache with -XX:ReservedCodeCacheSize=
# This output file may be truncated or incomplete.
#
#  Out of Memory Error (allocation.cpp:390), pid=199480, tid=198892
#
# JRE version: Java(TM) SE Runtime Environment (8.0_31-b13) (build 1.8.0_31-b13)
# Java VM: Java HotSpot(TM) 64-Bit Server VM (25.31-b07 mixed mode windows-amd64 compressed oops)
# Failed to write core dump. Minidumps are not enabled by default on client versions of Windows
#

---------------  T H R E A D  ---------------

Current thread (0x0000000016e3f800):  JavaThread "C2 CompilerThread2" daemon [_thread_in_native, id=198892, stack(0x00000000175c0000,0x00000000176c0000)]

Stack: [0x00000000175c0000,0x00000000176c0000]
Native frames: (J=compiled Java code, j=interpreted, Vv=VM code, C=native code)
V  [jvm.dll+0x3169ba]


Current CompileTask:
C2:   1852  920       4       com.android.dx.ssa.DeadCodeRemover::isCircularNoSideEffect (140 bytes)


---------------  P R O C E S S  ---------------

Java Threads: ( => current thread )
  0x0000000016e4d800 JavaThread "Service Thread" daemon [_thread_blocked, id=199548, stack(0x00000000177c0000,0x00000000178c0000)]
  0x0000000016e43800 JavaThread "C1 CompilerThread3" daemon [_thread_in_native, id=198688, stack(0x00000000176c0000,0x00000000177c0000)]
=>0x0000000016e3f800 JavaThread "C2 CompilerThread2" daemon [_thread_in_native, id=198892, stack(0x00000000175c0000,0x00000000176c0000)]
  0x0000000016e3a800 JavaThread "C2 CompilerThread1" daemon [_thread_in_native, id=198972, stack(0x00000000174c0000,0x00000000175c0000)]
  0x0000000016de7800 JavaThread "C2 CompilerThread0" daemon [_thread_in_native, id=198820, stack(0x00000000173c0000,0x00000000174c0000)]
  0x0000000016de5800 JavaThread "Attach Listener" daemon [_thread_blocked, id=199248, stack(0x00000000172c0000,0x00000000173c0000)]
  0x0000000016de4800 JavaThread "Signal Dispatcher" daemon [_thread_blocked, id=198676, stack(0x00000000171c0000,0x00000000172c0000)]
  0x00000000022c3000 JavaThread "Finalizer" daemon [_thread_blocked, id=198924, stack(0x0000000016cc0000,0x0000000016dc0000)]
  0x0000000014dec000 JavaThread "Reference Handler" daemon [_thread_blocked, id=198812, stack(0x0000000016bc0000,0x0000000016cc0000)]
  0x00000000020cd800 JavaThread "main" [_thread_in_vm, id=181184, stack(0x0000000001fb0000,0x00000000020b0000)]

Other Threads:
  0x0000000014de8800 VMThread [stack: 0x0000000016ac0000,0x0000000016bc0000] [id=199028]
  0x0000000016e4f800 WatcherThread [stack: 0x00000000178c0000,0x00000000179c0000] [id=199208]

VM state:not at safepoint (normal execution)

VM Mutex/Monitor currently owned by a thread: None

Heap:
 PSYoungGen      total 37888K, used 19274K [0x00000000eab00000, 0x00000000ed500000, 0x0000000100000000)
  eden space 32768K, 58% used [0x00000000eab00000,0x00000000ebdd2960,0x00000000ecb00000)
  from space 5120K, 0% used [0x00000000ed000000,0x00000000ed000000,0x00000000ed500000)
  to   space 5120K, 0% used [0x00000000ecb00000,0x00000000ecb00000,0x00000000ed000000)
 ParOldGen       total 86016K, used 0K [0x00000000c0000000, 0x00000000c5400000, 0x00000000eab00000)
  object space 86016K, 0% used [0x00000000c0000000,0x00000000c0000000,0x00000000c5400000)
 Metaspace       used 5366K, capacity 6704K, committed 6784K, reserved 1056768K
  class space    used 542K, capacity 616K, committed 640K, reserved 1048576K

Card table byte_map: [0x0000000011690000,0x00000000118a0000] byte_map_base: 0x0000000011090000

Marking Bits: (ParMarkBitMap*) 0x000000005f66d4f0
 Begin Bits: [0x0000000012200000, 0x0000000013200000)
 End Bits:   [0x0000000013200000, 0x0000000014200000)

Polling page: 0x00000000007e0000

CodeCache: size=245760Kb used=3819Kb max_used=3819Kb free=241940Kb
 bounds [0x00000000022d0000, 0x0000000002690000, 0x00000000112d0000]
 total_blobs=1223 nmethods=965 adapters=172
 compilation: enabled

Compilation events (10 events):
Event: 1.846 Thread 0x0000000016e43800 nmethod 962 0x0000000002689e50 code [0x0000000002689fa0, 0x000000000268a0d0]
Event: 1.846 Thread 0x0000000016e43800  963       3       java.util.TreeMap$ValueIterator::next (8 bytes)
Event: 1.846 Thread 0x0000000016e43800 nmethod 963 0x000000000268a190 code [0x000000000268a300, 0x000000000268a508]
Event: 1.846 Thread 0x0000000016e43800  964       3       java.util.TreeMap$PrivateEntryIterator::nextEntry (54 bytes)
Event: 1.846 Thread 0x0000000016e43800 nmethod 964 0x000000000268a5d0 code [0x000000000268a760, 0x000000000268aac8]
Event: 1.848 Thread 0x0000000016e43800  965       3       com.android.dx.rop.code.Insn$BaseVisitor::visitThrowingCstInsn (1 bytes)
Event: 1.848 Thread 0x0000000016e43800 nmethod 965 0x000000000268ac50 code [0x000000000268ada0, 0x000000000268aef0]
Event: 1.849 Thread 0x0000000016e43800  966       3       com.android.dx.dex.code.RopTranslator$LocalVariableAwareTranslationVisitor::visitThrowingCstInsn (11 bytes)
Event: 1.849 Thread 0x0000000016e43800 nmethod 966 0x000000000268af90 code [0x000000000268b1a0, 0x000000000268bcf8]
Event: 1.849 Thread 0x0000000016e43800  969       3       com.android.dx.rop.code.RegisterSpecList::withFirst (64 bytes)

GC Heap History (0 events):
No events

Deoptimization events (5 events):
Event: 1.326 Thread 0x00000000020cd800 Uncommon trap: reason=bimorphic action=maybe_recompile pc=0x00000000025308c8 method=java.util.HashMap.getNode(ILjava/lang/Object;)Ljava/util/HashMap$Node; @ 126
Event: 1.832 Thread 0x00000000020cd800 Uncommon trap: reason=class_check action=maybe_recompile pc=0x00000000026515e4 method=com.android.dx.ssa.SCCP.setLatticeValueTo(IILcom/android/dx/rop/cst/Constant;)Z @ 43
Event: 1.832 Thread 0x00000000020cd800 Uncommon trap: reason=class_check action=maybe_recompile pc=0x00000000026515e4 method=com.android.dx.ssa.SCCP.setLatticeValueTo(IILcom/android/dx/rop/cst/Constant;)Z @ 43
Event: 1.832 Thread 0x00000000020cd800 Uncommon trap: reason=class_check action=maybe_recompile pc=0x00000000026515e4 method=com.android.dx.ssa.SCCP.setLatticeValueTo(IILcom/android/dx/rop/cst/Constant;)Z @ 43
Event: 1.838 Thread 0x00000000020cd800 Uncommon trap: reason=class_check action=maybe_recompile pc=0x00000000026515e4 method=com.android.dx.ssa.SCCP.setLatticeValueTo(IILcom/android/dx/rop/cst/Constant;)Z @ 43

Internal exceptions (10 events):
Event: 1.382 Thread 0x00000000020cd800 Exception <a 'java/security/PrivilegedActionException'> (0x00000000eb5d2320) thrown at [C:\workspace\8-2-build-windows-amd64-cygwin\jdk8u31\2394\hotspot\src\share\vm\prims\jvm.cpp, line 1312]
Event: 1.383 Thread 0x00000000020cd800 Exception <a 'java/security/PrivilegedActionException'> (0x00000000eb5d54d8) thrown at [C:\workspace\8-2-build-windows-amd64-cygwin\jdk8u31\2394\hotspot\src\share\vm\prims\jvm.cpp, line 1312]
Event: 1.383 Thread 0x00000000020cd800 Exception <a 'java/security/PrivilegedActionException'> (0x00000000eb5d8a08) thrown at [C:\workspace\8-2-build-windows-amd64-cygwin\jdk8u31\2394\hotspot\src\share\vm\prims\jvm.cpp, line 1312]
Event: 1.384 Thread 0x00000000020cd800 Exception <a 'java/security/PrivilegedActionException'> (0x00000000eb5dd6c8) thrown at [C:\workspace\8-2-build-windows-amd64-cygwin\jdk8u31\2394\hotspot\src\share\vm\prims\jvm.cpp, line 1312]
Event: 1.386 Thread 0x00000000020cd800 Exception <a 'java/security/PrivilegedActionException'> (0x00000000eb5e3880) thrown at [C:\workspace\8-2-build-windows-amd64-cygwin\jdk8u31\2394\hotspot\src\share\vm\prims\jvm.cpp, line 1312]
Event: 1.386 Thread 0x00000000020cd800 Exception <a 'java/security/PrivilegedActionException'> (0x00000000eb5e66e8) thrown at [C:\workspace\8-2-build-windows-amd64-cygwin\jdk8u31\2394\hotspot\src\share\vm\prims\jvm.cpp, line 1312]
Event: 1.387 Thread 0x00000000020cd800 Exception <a 'java/security/PrivilegedActionException'> (0x00000000eb5e99e8) thrown at [C:\workspace\8-2-build-windows-amd64-cygwin\jdk8u31\2394\hotspot\src\share\vm\prims\jvm.cpp, line 1312]
Event: 1.388 Thread 0x00000000020cd800 Exception <a 'java/security/PrivilegedActionException'> (0x00000000eb5f2c68) thrown at [C:\workspace\8-2-build-windows-amd64-cygwin\jdk8u31\2394\hotspot\src\share\vm\prims\jvm.cpp, line 1312]
Event: 1.389 Thread 0x00000000020cd800 Exception <a 'java/security/PrivilegedActionException'> (0x00000000eb5f7210) thrown at [C:\workspace\8-2-build-windows-amd64-cygwin\jdk8u31\2394\hotspot\src\share\vm\prims\jvm.cpp, line 1312]
Event: 1.390 Thread 0x00000000020cd800 Exception <a 'java/security/PrivilegedActionException'> (0x00000000eb5fd7a0) thrown at [C:\workspace\8-2-build-windows-amd64-cygwin\jdk8u31\2394\hotspot\src\share\vm\prims\jvm.cpp, line 1312]

Events (10 events):
Event: 1.832 Thread 0x00000000020cd800 DEOPT UNPACKING pc=0x000000000231556a sp=0x00000000020aea28 mode 2
Event: 1.832 Thread 0x00000000020cd800 Uncommon trap: trap_request=0xffffffde fr.pc=0x00000000026515e4
Event: 1.832 Thread 0x00000000020cd800 DEOPT PACKING pc=0x00000000026515e4 sp=0x00000000020aeae0
Event: 1.832 Thread 0x00000000020cd800 DEOPT UNPACKING pc=0x000000000231556a sp=0x00000000020aea28 mode 2
Event: 1.832 Thread 0x00000000020cd800 Uncommon trap: trap_request=0xffffffde fr.pc=0x00000000026515e4
Event: 1.832 Thread 0x00000000020cd800 DEOPT PACKING pc=0x00000000026515e4 sp=0x00000000020aeb80
Event: 1.832 Thread 0x00000000020cd800 DEOPT UNPACKING pc=0x000000000231556a sp=0x00000000020aead8 mode 2
Event: 1.838 Thread 0x00000000020cd800 Uncommon trap: trap_request=0xffffffde fr.pc=0x00000000026515e4
Event: 1.838 Thread 0x00000000020cd800 DEOPT PACKING pc=0x00000000026515e4 sp=0x00000000020aea60
Event: 1.838 Thread 0x00000000020cd800 DEOPT UNPACKING pc=0x000000000231556a sp=0x00000000020ae9a8 mode 2


Dynamic libraries:
0x00007ff664760000 - 0x00007ff664794000 	C:\Program Files (x86)\Java\jdk1.8.0_31\bin\java.exe
0x00007ffdd7110000 - 0x00007ffdd72d2000 	C:\WINDOWS\SYSTEM32\ntdll.dll
0x00007ffdd4e10000 - 0x00007ffdd4ebd000 	C:\WINDOWS\system32\KERNEL32.DLL
0x00007ffdd3e00000 - 0x00007ffdd3fdd000 	C:\WINDOWS\system32\KERNELBASE.dll
0x00007ffdd5a30000 - 0x00007ffdd5ad6000 	C:\WINDOWS\system32\ADVAPI32.dll
0x00007ffdd47e0000 - 0x00007ffdd487d000 	C:\WINDOWS\system32\msvcrt.dll
0x00007ffdd5480000 - 0x00007ffdd54db000 	C:\WINDOWS\system32\sechost.dll
0x00007ffdd51f0000 - 0x00007ffdd5316000 	C:\WINDOWS\system32\RPCRT4.dll
0x00007ffdd48f0000 - 0x00007ffdd4a3e000 	C:\WINDOWS\system32\USER32.dll
0x00007ffdd4a40000 - 0x00007ffdd4bc5000 	C:\WINDOWS\system32\GDI32.dll
0x00007ffdd06a0000 - 0x00007ffdd0914000 	C:\WINDOWS\WinSxS\amd64_microsoft.windows.common-controls_6595b64144ccf1df_6.0.10240.16384_none_f41f7b285750ef43\COMCTL32.dll
0x00007ffdd54f0000 - 0x00007ffdd5526000 	C:\WINDOWS\system32\IMM32.DLL
0x00007ffdd5090000 - 0x00007ffdd51ec000 	C:\WINDOWS\system32\MSCTF.dll
0x000000005e9d0000 - 0x000000005eaa2000 	C:\Program Files (x86)\Java\jdk1.8.0_31\jre\bin\msvcr100.dll
0x000000005ee90000 - 0x000000005f6ea000 	C:\Program Files (x86)\Java\jdk1.8.0_31\jre\bin\server\jvm.dll
0x00007ffdd5320000 - 0x00007ffdd5328000 	C:\WINDOWS\system32\PSAPI.DLL
0x00007ffdc9220000 - 0x00007ffdc9229000 	C:\WINDOWS\SYSTEM32\WSOCK32.dll
0x00007ffdd4bd0000 - 0x00007ffdd4c39000 	C:\WINDOWS\system32\WS2_32.dll
0x00007ffdd4880000 - 0x00007ffdd4888000 	C:\WINDOWS\system32\NSI.dll
0x00007ffdd1a70000 - 0x00007ffdd1a93000 	C:\WINDOWS\SYSTEM32\WINMM.dll
0x00007ffdd1750000 - 0x00007ffdd177c000 	C:\WINDOWS\SYSTEM32\WINMMBASE.dll
0x00007ffdd3db0000 - 0x00007ffdd3df4000 	C:\WINDOWS\system32\cfgmgr32.dll
0x00007ffdd23b0000 - 0x00007ffdd23d7000 	C:\WINDOWS\SYSTEM32\DEVOBJ.dll
0x000000005ee80000 - 0x000000005ee8f000 	C:\Program Files (x86)\Java\jdk1.8.0_31\jre\bin\verify.dll
0x000000005ee50000 - 0x000000005ee78000 	C:\Program Files (x86)\Java\jdk1.8.0_31\jre\bin\java.dll
0x000000005ee30000 - 0x000000005ee46000 	C:\Program Files (x86)\Java\jdk1.8.0_31\jre\bin\zip.dll
0x00007ffdd5ae0000 - 0x00007ffdd7003000 	C:\WINDOWS\system32\SHELL32.dll
0x00007ffdd41b0000 - 0x00007ffdd47d9000 	C:\WINDOWS\system32\windows.storage.dll
0x00007ffdd56e0000 - 0x00007ffdd595c000 	C:\WINDOWS\system32\combase.dll
0x00007ffdd5960000 - 0x00007ffdd59b1000 	C:\WINDOWS\system32\shlwapi.dll
0x00007ffdd3bd0000 - 0x00007ffdd3bdf000 	C:\WINDOWS\system32\kernel.appcore.dll
0x00007ffdd3fe0000 - 0x00007ffdd4093000 	C:\WINDOWS\system32\shcore.dll
0x00007ffdd3b40000 - 0x00007ffdd3b8a000 	C:\WINDOWS\system32\powrprof.dll
0x00007ffdd3b90000 - 0x00007ffdd3ba3000 	C:\WINDOWS\system32\profapi.dll

VM Arguments:
jvm_args: -Djava.awt.headless=true -Xmx1024M -Dfile.encoding=windows-1252 -Duser.country=GB -Duser.language=en -Duser.variant 
java_command: com.android.dx.command.Main --dex --force-jumbo --multi-dex --output D:\TIStuff\GitProjects\VirgielOwee2016\app\build\intermediates\transforms\dex\debug\folders\1000\10\instant-run_0cebdc59307143e1dbec96130b7100766608509c D:\TIStuff\GitProjects\VirgielOwee2016\app\build\intermediates\incremental-runtime-classes\debug\instant-run.jar
java_class_path (initial): C:\Users\Jasper\AppData\Local\Android\sdk\build-tools\21.1.2\lib\dx.jar
Launcher Type: SUN_STANDARD

Environment Variables:
JAVA_HOME=C:/Program Files (x86)/Java/jdk1.8.0_31
PATH=C:\ProgramData\Oracle\Java\javapath;c:\Program Files (x86)\Intel\iCLS Client\;c:\Program Files\Intel\iCLS Client\;C:\Program Files (x86)\NVIDIA Corporation\PhysX\Common;C:\WINDOWS\system32;C:\WINDOWS;C:\WINDOWS\System32\Wbem;C:\WINDOWS\System32\WindowsPowerShell\v1.0\;C:\Program Files (x86)\Hewlett-Packard\HP Performance Advisor;c:\Program Files\Intel\WiFi\bin\;c:\Program Files\Common Files\Intel\WirelessCommon\;C:\Program Files\Intel\Intel(R) Management Engine Components\DAL;C:\Program Files\Intel\Intel(R) Management Engine Components\IPT;C:\Program Files (x86)\Intel\Intel(R) Management Engine Components\DAL;C:\Program Files (x86)\Intel\Intel(R) Management Engine Components\IPT;C:\Program Files\Microsoft SQL Server\110\Tools\Binn\;C:\Program Files\Microsoft SQL Server\120\Tools\Binn\;C:\Program Files (x86)\Skype\Phone\
USERNAME=Jasper
OS=Windows_NT
PROCESSOR_IDENTIFIER=Intel64 Family 6 Model 60 Stepping 3, GenuineIntel



---------------  S Y S T E M  ---------------

OS: Windows 8.1 , 64 bit Build 9600 

CPU:total 8 (4 cores per cpu, 2 threads per core) family 6 model 60 stepping 3, cmov, cx8, fxsr, mmx, sse, sse2, sse3, ssse3, sse4.1, sse4.2, popcnt, avx, avx2, aes, clmul, erms, lzcnt, ht, tsc, tscinvbit, bmi1, bmi2

Memory: 4k page, physical 8184940k(1767312k free), swap 10478680k(4092k free)

vm_info: Java HotSpot(TM) 64-Bit Server VM (25.31-b07) for windows-amd64 JRE (1.8.0_31-b13), built on Dec 17 2014 21:00:28 by "java_re" with MS VC++ 10.0 (VS2010)

time: Thu Jul 28 14:52:04 2016
elapsed time: 1 seconds (0d 0h 0m 1s)

