#
# There is insufficient memory for the Java Runtime Environment to continue.
# Native memory allocation (malloc) failed to allocate 1568976 bytes for Chunk::new
# Possible reasons:
#   The system is out of physical RAM or swap space
#   In 32 bit mode, the process size limit was hit
# Possible solutions:
#   Reduce memory load on the system
#   Increase physical memory or swap space
#   Check if swap backing store is full
#   Use 64 bit Java on a 64 bit OS
#   Decrease Java heap size (-Xmx/-Xms)
#   Decrease number of Java threads
#   Decrease Java thread stack sizes (-Xss)
#   Set larger code cache with -XX:ReservedCodeCacheSize=
# This output file may be truncated or incomplete.
#
#  Out of Memory Error (allocation.cpp:390), pid=2932, tid=980
#
# JRE version: Java(TM) SE Runtime Environment (8.0_31-b13) (build 1.8.0_31-b13)
# Java VM: Java HotSpot(TM) 64-Bit Server VM (25.31-b07 mixed mode windows-amd64 compressed oops)
# Failed to write core dump. Minidumps are not enabled by default on client versions of Windows
#

---------------  T H R E A D  ---------------

Current thread (0x0000000016e11000):  JavaThread "C2 CompilerThread2" daemon [_thread_in_native, id=980, stack(0x00000000175e0000,0x00000000176e0000)]

Stack: [0x00000000175e0000,0x00000000176e0000]
[error occurred during error reporting (printing stack bounds), id 0xc0000005]

Native frames: (J=compiled Java code, j=interpreted, Vv=VM code, C=native code)
V  [jvm.dll+0x3169ba]
V  [jvm.dll+0x2674c3]
V  [jvm.dll+0x268103]
V  [jvm.dll+0x280d66]
V  [jvm.dll+0x28492c]
V  [jvm.dll+0x5af20f]
C  [msvcr100.dll+0x712e3]
V  [jvm.dll+0x5ae90d]
C  [ntdll.dll+0x9666d]
C  [ntdll.dll+0x13c00]
C  [ntdll.dll+0x9577a]
V  [jvm.dll+0x206c01]


Current CompileTask:
C2:   5622 1584   !   4       com.android.dx.cf.code.BytecodeArray::parseInstruction (2764 bytes)


---------------  P R O C E S S  ---------------

Java Threads: ( => current thread )
  0x0000000016e94000 JavaThread "Service Thread" daemon [_thread_blocked, id=8524, stack(0x00000000177e0000,0x00000000178e0000)]
  0x0000000016e14800 JavaThread "C1 CompilerThread3" daemon [_thread_blocked, id=12972, stack(0x00000000176e0000,0x00000000177e0000)]
=>0x0000000016e11000 JavaThread "C2 CompilerThread2" daemon [_thread_in_native, id=980, stack(0x00000000175e0000,0x00000000176e0000)]
  0x0000000016e0d000 JavaThread "C2 CompilerThread1" daemon [_thread_in_native, id=13268, stack(0x00000000174e0000,0x00000000175e0000)]
  0x0000000016e0b000 JavaThread "C2 CompilerThread0" daemon [_thread_in_native, id=12976, stack(0x00000000173e0000,0x00000000174e0000)]
  0x0000000016e05000 JavaThread "Attach Listener" daemon [_thread_blocked, id=8800, stack(0x00000000172e0000,0x00000000173e0000)]
  0x0000000016e04800 JavaThread "Signal Dispatcher" daemon [_thread_blocked, id=5320, stack(0x00000000171e0000,0x00000000172e0000)]
  0x00000000022e3000 JavaThread "Finalizer" daemon [_thread_blocked, id=12356, stack(0x0000000016ce0000,0x0000000016de0000)]
  0x00000000022e2000 JavaThread "Reference Handler" daemon [_thread_blocked, id=12836, stack(0x0000000016be0000,0x0000000016ce0000)]
  0x00000000020ed800 JavaThread "main" [_thread_in_Java, id=696, stack(0x00000000020f0000,0x00000000021f0000)]

Other Threads:
  0x0000000014e08800 VMThread [stack: 0x0000000016ae0000,0x0000000016be0000] [id=13116]
  0x0000000016e98000 WatcherThread [stack: 0x00000000178e0000,0x00000000179e0000] [id=11176]

VM state:not at safepoint (normal execution)

VM Mutex/Monitor currently owned by a thread: None

Heap:
 PSYoungGen      total 70656K, used 58738K [0x00000000eab00000, 0x00000000ef500000, 0x0000000100000000)
  eden space 65536K, 81% used [0x00000000eab00000,0x00000000edf5da28,0x00000000eeb00000)
  from space 5120K, 99% used [0x00000000ef000000,0x00000000ef4feee8,0x00000000ef500000)
  to   space 5120K, 0% used [0x00000000eeb00000,0x00000000eeb00000,0x00000000ef000000)
 ParOldGen       total 86016K, used 6487K [0x00000000c0000000, 0x00000000c5400000, 0x00000000eab00000)
  object space 86016K, 7% used [0x00000000c0000000,0x00000000c0655dc8,0x00000000c5400000)
 Metaspace       used 5892K, capacity 7088K, committed 7296K, reserved 1056768K
  class space    used 556K, capacity 616K, committed 640K, reserved 1048576K

Card table byte_map: [0x00000000116b0000,0x00000000118c0000] byte_map_base: 0x00000000110b0000

Marking Bits: (ParMarkBitMap*) 0x0000000055ded4f0
 Begin Bits: [0x0000000012220000, 0x0000000013220000)
 End Bits:   [0x0000000013220000, 0x0000000014220000)

Polling page: 0x0000000001ee0000

CodeCache: size=245760Kb used=7756Kb max_used=7756Kb free=238003Kb
 bounds [0x00000000022f0000, 0x0000000002a90000, 0x00000000112f0000]
 total_blobs=1978 nmethods=1718 adapters=174
 compilation: enabled

Compilation events (10 events):
Event: 4.607 Thread 0x0000000016e14800 nmethod 1615 0x00000000029c0a50 code [0x00000000029c0bc0, 0x00000000029c0ee8]
Event: 4.607 Thread 0x0000000016e14800 1616   !   3       com.android.dx.rop.type.Type::putIntern (50 bytes)
Event: 4.608 Thread 0x0000000016e14800 nmethod 1616 0x00000000029d3bd0 code [0x00000000029d3dc0, 0x00000000029d4898]
Event: 4.621 Thread 0x0000000016e14800 1617       3       com.android.dx.cf.code.BaseMachine::addResult (35 bytes)
Event: 4.622 Thread 0x0000000016e14800 nmethod 1617 0x00000000029d4dd0 code [0x00000000029d4f40, 0x00000000029d52c8]
Event: 4.624 Thread 0x0000000016e14800 1618       3       java.util.TreeMap::containsKey (14 bytes)
Event: 4.624 Thread 0x0000000016e14800 nmethod 1618 0x00000000029d5410 code [0x00000000029d5580, 0x00000000029d57e8]
Event: 4.625 Thread 0x0000000016e14800 1619       3       com.android.dx.cf.code.BasicBlocker::<init> (79 bytes)
Event: 4.626 Thread 0x0000000016e14800 nmethod 1619 0x00000000029d5890 code [0x00000000029d5a40, 0x00000000029d6408]
Event: 4.626 Thread 0x0000000016e14800 1620   !   3       com.android.dx.cf.code.BasicBlocker::doit (156 bytes)

GC Heap History (4 events):
Event: 2.513 GC heap before
{Heap before GC invocations=1 (full 0):
 PSYoungGen      total 37888K, used 32768K [0x00000000eab00000, 0x00000000ed500000, 0x0000000100000000)
  eden space 32768K, 100% used [0x00000000eab00000,0x00000000ecb00000,0x00000000ecb00000)
  from space 5120K, 0% used [0x00000000ed000000,0x00000000ed000000,0x00000000ed500000)
  to   space 5120K, 0% used [0x00000000ecb00000,0x00000000ecb00000,0x00000000ed000000)
 ParOldGen       total 86016K, used 0K [0x00000000c0000000, 0x00000000c5400000, 0x00000000eab00000)
  object space 86016K, 0% used [0x00000000c0000000,0x00000000c0000000,0x00000000c5400000)
 Metaspace       used 5730K, capacity 6960K, committed 7040K, reserved 1056768K
  class space    used 554K, capacity 616K, committed 640K, reserved 1048576K
Event: 2.591 GC heap after
Heap after GC invocations=1 (full 0):
 PSYoungGen      total 37888K, used 5096K [0x00000000eab00000, 0x00000000ef500000, 0x0000000100000000)
  eden space 32768K, 0% used [0x00000000eab00000,0x00000000eab00000,0x00000000ecb00000)
  from space 5120K, 99% used [0x00000000ecb00000,0x00000000ecffa350,0x00000000ed000000)
  to   space 5120K, 0% used [0x00000000ef000000,0x00000000ef000000,0x00000000ef500000)
 ParOldGen       total 86016K, used 1506K [0x00000000c0000000, 0x00000000c5400000, 0x00000000eab00000)
  object space 86016K, 1% used [0x00000000c0000000,0x00000000c0178910,0x00000000c5400000)
 Metaspace       used 5730K, capacity 6960K, committed 7040K, reserved 1056768K
  class space    used 554K, capacity 616K, committed 640K, reserved 1048576K
}
Event: 4.626 GC heap before
{Heap before GC invocations=2 (full 0):
 PSYoungGen      total 37888K, used 37864K [0x00000000eab00000, 0x00000000ef500000, 0x0000000100000000)
  eden space 32768K, 100% used [0x00000000eab00000,0x00000000ecb00000,0x00000000ecb00000)
  from space 5120K, 99% used [0x00000000ecb00000,0x00000000ecffa350,0x00000000ed000000)
  to   space 5120K, 0% used [0x00000000ef000000,0x00000000ef000000,0x00000000ef500000)
 ParOldGen       total 86016K, used 1506K [0x00000000c0000000, 0x00000000c5400000, 0x00000000eab00000)
  object space 86016K, 1% used [0x00000000c0000000,0x00000000c0178910,0x00000000c5400000)
 Metaspace       used 5845K, capacity 7088K, committed 7296K, reserved 1056768K
  class space    used 555K, capacity 616K, committed 640K, reserved 1048576K
Event: 5.111 GC heap after
Heap after GC invocations=2 (full 0):
 PSYoungGen      total 70656K, used 5115K [0x00000000eab00000, 0x00000000ef500000, 0x0000000100000000)
  eden space 65536K, 0% used [0x00000000eab00000,0x00000000eab00000,0x00000000eeb00000)
  from space 5120K, 99% used [0x00000000ef000000,0x00000000ef4feee8,0x00000000ef500000)
  to   space 5120K, 0% used [0x00000000eeb00000,0x00000000eeb00000,0x00000000ef000000)
 ParOldGen       total 86016K, used 6487K [0x00000000c0000000, 0x00000000c5400000, 0x00000000eab00000)
  object space 86016K, 7% used [0x00000000c0000000,0x00000000c0655dc8,0x00000000c5400000)
 Metaspace       used 5845K, capacity 7088K, committed 7296K, reserved 1056768K
  class space    used 555K, capacity 616K, committed 640K, reserved 1048576K
}

Deoptimization events (10 events):
Event: 4.491 Thread 0x00000000020ed800 Uncommon trap: reason=bimorphic action=maybe_recompile pc=0x000000000250a258 method=java.util.HashMap.getNode(ILjava/lang/Object;)Ljava/util/HashMap$Node; @ 126
Event: 4.491 Thread 0x00000000020ed800 Uncommon trap: reason=class_check action=maybe_recompile pc=0x00000000027d0124 method=java.util.HashMap.putVal(ILjava/lang/Object;Ljava/lang/Object;ZZ)Ljava/lang/Object; @ 203
Event: 4.491 Thread 0x00000000020ed800 Uncommon trap: reason=bimorphic action=maybe_recompile pc=0x000000000250a258 method=java.util.HashMap.getNode(ILjava/lang/Object;)Ljava/util/HashMap$Node; @ 126
Event: 4.491 Thread 0x00000000020ed800 Uncommon trap: reason=class_check action=maybe_recompile pc=0x00000000027d0124 method=java.util.HashMap.putVal(ILjava/lang/Object;Ljava/lang/Object;ZZ)Ljava/lang/Object; @ 203
Event: 4.491 Thread 0x00000000020ed800 Uncommon trap: reason=bimorphic action=maybe_recompile pc=0x000000000299c3f0 method=java.util.HashMap.getNode(ILjava/lang/Object;)Ljava/util/HashMap$Node; @ 126
Event: 4.491 Thread 0x00000000020ed800 Uncommon trap: reason=bimorphic action=maybe_recompile pc=0x000000000250a258 method=java.util.HashMap.getNode(ILjava/lang/Object;)Ljava/util/HashMap$Node; @ 126
Event: 4.491 Thread 0x00000000020ed800 Uncommon trap: reason=bimorphic action=maybe_recompile pc=0x00000000027d0164 method=java.util.HashMap.putVal(ILjava/lang/Object;Ljava/lang/Object;ZZ)Ljava/lang/Object; @ 91
Event: 4.517 Thread 0x00000000020ed800 Uncommon trap: reason=bimorphic action=maybe_recompile pc=0x00000000027d0164 method=java.util.HashMap.putVal(ILjava/lang/Object;Ljava/lang/Object;ZZ)Ljava/lang/Object; @ 91
Event: 4.604 Thread 0x00000000020ed800 Uncommon trap: reason=bimorphic action=maybe_recompile pc=0x0000000002880e74 method=com.android.dx.ssa.LiteralOpUpgrader.tryReplacingWithConstant(Lcom/android/dx/ssa/NormalSsaInsn;)Z @ 52
Event: 4.604 Thread 0x00000000020ed800 Uncommon trap: reason=bimorphic action=maybe_recompile pc=0x0000000002880e74 method=com.android.dx.ssa.LiteralOpUpgrader.tryReplacingWithConstant(Lcom/android/dx/ssa/NormalSsaInsn;)Z @ 52

Internal exceptions (10 events):
Event: 0.952 Thread 0x00000000020ed800 Exception <a 'java/security/PrivilegedActionException'> (0x00000000eb93c858) thrown at [C:\workspace\8-2-build-windows-amd64-cygwin\jdk8u31\2394\hotspot\src\share\vm\prims\jvm.cpp, line 1312]
Event: 1.052 Thread 0x00000000020ed800 Exception <a 'java/security/PrivilegedActionException'> (0x00000000ebaef0f0) thrown at [C:\workspace\8-2-build-windows-amd64-cygwin\jdk8u31\2394\hotspot\src\share\vm\prims\jvm.cpp, line 1312]
Event: 1.139 Thread 0x00000000020ed800 Exception <a 'java/security/PrivilegedActionException'> (0x00000000ebcd0268) thrown at [C:\workspace\8-2-build-windows-amd64-cygwin\jdk8u31\2394\hotspot\src\share\vm\prims\jvm.cpp, line 1312]
Event: 1.339 Thread 0x00000000020ed800 Exception <a 'java/security/PrivilegedActionException'> (0x00000000ebfe8418) thrown at [C:\workspace\8-2-build-windows-amd64-cygwin\jdk8u31\2394\hotspot\src\share\vm\prims\jvm.cpp, line 1312]
Event: 1.345 Thread 0x00000000020ed800 Exception <a 'java/security/PrivilegedActionException'> (0x00000000ec027678) thrown at [C:\workspace\8-2-build-windows-amd64-cygwin\jdk8u31\2394\hotspot\src\share\vm\prims\jvm.cpp, line 1312]
Event: 1.382 Thread 0x00000000020ed800 Exception <a 'java/security/PrivilegedActionException'> (0x00000000ec104d10) thrown at [C:\workspace\8-2-build-windows-amd64-cygwin\jdk8u31\2394\hotspot\src\share\vm\prims\jvm.cpp, line 1312]
Event: 1.833 Thread 0x00000000020ed800 Exception <a 'java/security/PrivilegedActionException'> (0x00000000ec526df0) thrown at [C:\workspace\8-2-build-windows-amd64-cygwin\jdk8u31\2394\hotspot\src\share\vm\prims\jvm.cpp, line 1312]
Event: 3.081 Thread 0x00000000020ed800 Implicit null exception at 0x000000000271f4e2 to 0x000000000271f5d5
Event: 3.389 Thread 0x00000000020ed800 Exception <a 'java/security/PrivilegedActionException'> (0x00000000ebb1a8f8) thrown at [C:\workspace\8-2-build-windows-amd64-cygwin\jdk8u31\2394\hotspot\src\share\vm\prims\jvm.cpp, line 1312]
Event: 4.489 Thread 0x00000000020ed800 Exception <a 'java/security/PrivilegedActionException'> (0x00000000ec45e160) thrown at [C:\workspace\8-2-build-windows-amd64-cygwin\jdk8u31\2394\hotspot\src\share\vm\prims\jvm.cpp, line 1312]

Events (10 events):
Event: 4.517 Thread 0x00000000020ed800 DEOPT PACKING pc=0x00000000027d0164 sp=0x00000000021ee8f0
Event: 4.517 Thread 0x00000000020ed800 DEOPT UNPACKING pc=0x000000000233556a sp=0x00000000021ee868 mode 2
Event: 4.604 Thread 0x00000000020ed800 Uncommon trap: trap_request=0xffffffc6 fr.pc=0x0000000002880e74
Event: 4.604 Thread 0x00000000020ed800 DEOPT PACKING pc=0x0000000002880e74 sp=0x00000000021eea90
Event: 4.604 Thread 0x00000000020ed800 DEOPT UNPACKING pc=0x000000000233556a sp=0x00000000021ee968 mode 2
Event: 4.604 Thread 0x00000000020ed800 Uncommon trap: trap_request=0xffffffc6 fr.pc=0x0000000002880e74
Event: 4.604 Thread 0x00000000020ed800 DEOPT PACKING pc=0x0000000002880e74 sp=0x00000000021eea90
Event: 4.604 Thread 0x00000000020ed800 DEOPT UNPACKING pc=0x000000000233556a sp=0x00000000021ee968 mode 2
Event: 4.626 Executing VM operation: ParallelGCFailedAllocation
Event: 5.111 Executing VM operation: ParallelGCFailedAllocation done


Dynamic libraries:
0x00007ff7fe5f0000 - 0x00007ff7fe624000 	C:\Program Files (x86)\Java\jdk1.8.0_31\bin\java.exe
0x00007fff9c4d0000 - 0x00007fff9c692000 	C:\WINDOWS\SYSTEM32\ntdll.dll
0x00007fff99e60000 - 0x00007fff99f0d000 	C:\WINDOWS\system32\KERNEL32.DLL
0x00007fff99980000 - 0x00007fff99b5d000 	C:\WINDOWS\system32\KERNELBASE.dll
0x00007fff9c260000 - 0x00007fff9c306000 	C:\WINDOWS\system32\ADVAPI32.dll
0x00007fff9c310000 - 0x00007fff9c3ad000 	C:\WINDOWS\system32\msvcrt.dll
0x00007fff9c0b0000 - 0x00007fff9c10b000 	C:\WINDOWS\system32\sechost.dll
0x00007fff9bbd0000 - 0x00007fff9bcf6000 	C:\WINDOWS\system32\RPCRT4.dll
0x00007fff9c110000 - 0x00007fff9c25e000 	C:\WINDOWS\system32\USER32.dll
0x00007fff9bdc0000 - 0x00007fff9bf46000 	C:\WINDOWS\system32\GDI32.dll
0x00007fff94c90000 - 0x00007fff94f04000 	C:\WINDOWS\WinSxS\amd64_microsoft.windows.common-controls_6595b64144ccf1df_6.0.10240.16384_none_f41f7b285750ef43\COMCTL32.dll
0x00007fff99f10000 - 0x00007fff99f46000 	C:\WINDOWS\system32\IMM32.DLL
0x00007fff9bf50000 - 0x00007fff9c0ac000 	C:\WINDOWS\system32\MSCTF.dll
0x0000000055150000 - 0x0000000055222000 	C:\Program Files (x86)\Java\jdk1.8.0_31\jre\bin\msvcr100.dll
0x0000000055610000 - 0x0000000055e6a000 	C:\Program Files (x86)\Java\jdk1.8.0_31\jre\bin\server\jvm.dll
0x00007fff9b860000 - 0x00007fff9b868000 	C:\WINDOWS\system32\PSAPI.DLL
0x00007fff83c30000 - 0x00007fff83c39000 	C:\WINDOWS\SYSTEM32\WSOCK32.dll
0x00007fff96c80000 - 0x00007fff96ca3000 	C:\WINDOWS\SYSTEM32\WINMM.dll
0x00007fff9b870000 - 0x00007fff9b8d9000 	C:\WINDOWS\system32\WS2_32.dll
0x00007fff9b680000 - 0x00007fff9b688000 	C:\WINDOWS\system32\NSI.dll
0x00007fff96b70000 - 0x00007fff96b9c000 	C:\WINDOWS\SYSTEM32\WINMMBASE.dll
0x00007fff99590000 - 0x00007fff995d4000 	C:\WINDOWS\system32\cfgmgr32.dll
0x00007fff98a30000 - 0x00007fff98a57000 	C:\WINDOWS\SYSTEM32\DEVOBJ.dll
0x0000000055600000 - 0x000000005560f000 	C:\Program Files (x86)\Java\jdk1.8.0_31\jre\bin\verify.dll
0x00000000555d0000 - 0x00000000555f8000 	C:\Program Files (x86)\Java\jdk1.8.0_31\jre\bin\java.dll
0x00000000555b0000 - 0x00000000555c6000 	C:\Program Files (x86)\Java\jdk1.8.0_31\jre\bin\zip.dll
0x00007fff99f50000 - 0x00007fff9b4b8000 	C:\WINDOWS\system32\SHELL32.dll
0x00007fff98f60000 - 0x00007fff99588000 	C:\WINDOWS\system32\windows.storage.dll
0x00007fff9b950000 - 0x00007fff9bbcc000 	C:\WINDOWS\system32\combase.dll
0x00007fff9c3b0000 - 0x00007fff9c401000 	C:\WINDOWS\system32\shlwapi.dll
0x00007fff98f30000 - 0x00007fff98f3f000 	C:\WINDOWS\system32\kernel.appcore.dll
0x00007fff998c0000 - 0x00007fff99973000 	C:\WINDOWS\system32\shcore.dll
0x00007fff98ee0000 - 0x00007fff98f2a000 	C:\WINDOWS\system32\powrprof.dll
0x00007fff98ec0000 - 0x00007fff98ed3000 	C:\WINDOWS\system32\profapi.dll
0x00007fff9bd00000 - 0x00007fff9bdbe000 	C:\WINDOWS\system32\OLEAUT32.dll
0x00007fff83e20000 - 0x00007fff83faa000 	C:\WINDOWS\SYSTEM32\dbghelp.dll

VM Arguments:
jvm_args: -Djava.awt.headless=true -Xmx1024M -Dfile.encoding=windows-1252 -Duser.country=GB -Duser.language=en -Duser.variant 
java_command: com.android.dx.command.Main --dex --force-jumbo --multi-dex --output C:\Users\Jasper\Downloads\VirgielOwee2016\app\build\intermediates\transforms\dex\debug\folders\1000\10\com.android.support-appcompat-v7-23.4.0_e38923804ddb3c583359b950811299b9eebd7bd4 C:\Users\Jasper\Downloads\VirgielOwee2016\app\build\intermediates\exploded-aar\com.android.support\appcompat-v7\23.4.0\jars\classes.jar
java_class_path (initial): C:\Users\Jasper\AppData\Local\Android\sdk\build-tools\21.1.2\lib\dx.jar
Launcher Type: SUN_STANDARD

Environment Variables:
JAVA_HOME=C:/Program Files (x86)/Java/jdk1.8.0_31
PATH=C:\ProgramData\Oracle\Java\javapath;c:\Program Files (x86)\Intel\iCLS Client\;c:\Program Files\Intel\iCLS Client\;C:\Program Files (x86)\NVIDIA Corporation\PhysX\Common;C:\WINDOWS\system32;C:\WINDOWS;C:\WINDOWS\System32\Wbem;C:\WINDOWS\System32\WindowsPowerShell\v1.0\;C:\Program Files (x86)\Hewlett-Packard\HP Performance Advisor;c:\Program Files\Intel\WiFi\bin\;c:\Program Files\Common Files\Intel\WirelessCommon\;C:\Program Files\Intel\Intel(R) Management Engine Components\DAL;C:\Program Files\Intel\Intel(R) Management Engine Components\IPT;C:\Program Files (x86)\Intel\Intel(R) Management Engine Components\DAL;C:\Program Files (x86)\Intel\Intel(R) Management Engine Components\IPT;C:\Program Files\Microsoft SQL Server\110\Tools\Binn\;C:\Program Files\Microsoft SQL Server\120\Tools\Binn\;C:\Program Files (x86)\Skype\Phone\
USERNAME=Jasper
OS=Windows_NT
PROCESSOR_IDENTIFIER=Intel64 Family 6 Model 60 Stepping 3, GenuineIntel



---------------  S Y S T E M  ---------------

OS: Windows 8.1 , 64 bit Build 9600 

CPU:total 8 (4 cores per cpu, 2 threads per core) family 6 model 60 stepping 3, cmov, cx8, fxsr, mmx, sse, sse2, sse3, ssse3, sse4.1, sse4.2, popcnt, avx, avx2, aes, clmul, erms, lzcnt, ht, tsc, tscinvbit, bmi1, bmi2

Memory: 4k page, physical 8184940k(1319736k free), swap 12379244k(305836k free)

vm_info: Java HotSpot(TM) 64-Bit Server VM (25.31-b07) for windows-amd64 JRE (1.8.0_31-b13), built on Dec 17 2014 21:00:28 by "java_re" with MS VC++ 10.0 (VS2010)

time: Thu Jun 09 16:11:53 2016
elapsed time: 5 seconds (0d 0h 0m 5s)

