#
# There is insufficient memory for the Java Runtime Environment to continue.
# Native memory allocation (malloc) failed to allocate 717616 bytes for Chunk::new
# Possible reasons:
#   The system is out of physical RAM or swap space
#   In 32 bit mode, the process size limit was hit
# Possible solutions:
#   Reduce memory load on the system
#   Increase physical memory or swap space
#   Check if swap backing store is full
#   Use 64 bit Java on a 64 bit OS
#   Decrease Java heap size (-Xmx/-Xms)
#   Decrease number of Java threads
#   Decrease Java thread stack sizes (-Xss)
#   Set larger code cache with -XX:ReservedCodeCacheSize=
# This output file may be truncated or incomplete.
#
#  Out of Memory Error (allocation.cpp:390), pid=197776, tid=199580
#
# JRE version: Java(TM) SE Runtime Environment (8.0_31-b13) (build 1.8.0_31-b13)
# Java VM: Java HotSpot(TM) 64-Bit Server VM (25.31-b07 mixed mode windows-amd64 compressed oops)
# Failed to write core dump. Minidumps are not enabled by default on client versions of Windows
#

---------------  T H R E A D  ---------------

Current thread (0x0000000017864000):  JavaThread "C2 CompilerThread1" daemon [_thread_in_native, id=199580, stack(0x0000000017ef0000,0x0000000017ff0000)]

Stack: [0x0000000017ef0000,0x0000000017ff0000]
Native frames: (J=compiled Java code, j=interpreted, Vv=VM code, C=native code)
V  [jvm.dll+0x3169ba]
V  [jvm.dll+0x2674c3]
V  [jvm.dll+0x268103]
V  [jvm.dll+0x25f8f5]
V  [jvm.dll+0xbf025]
V  [jvm.dll+0xbf4cc]
V  [jvm.dll+0x45df82]
V  [jvm.dll+0x49f21f]
V  [jvm.dll+0x453401]
V  [jvm.dll+0x454124]
V  [jvm.dll+0x437c62]
V  [jvm.dll+0x988e2]
V  [jvm.dll+0x990d3]
V  [jvm.dll+0x22c194]
V  [jvm.dll+0x28576a]
C  [msvcr100.dll+0x21d9f]
C  [msvcr100.dll+0x21e3b]
C  [KERNEL32.DLL+0x12d92]
C  [ntdll.dll+0x9f64]


Current CompileTask:
C2:   4749 1664 %     4       com.android.dx.ssa.SsaConverter::placePhiFunctions @ 53 (394 bytes)


---------------  P R O C E S S  ---------------

Java Threads: ( => current thread )
  0x00000000178a1800 JavaThread "Service Thread" daemon [_thread_blocked, id=198708, stack(0x00000000181f0000,0x00000000182f0000)]
  0x0000000017870800 JavaThread "C1 CompilerThread3" daemon [_thread_blocked, id=199084, stack(0x00000000180f0000,0x00000000181f0000)]
  0x0000000017865800 JavaThread "C2 CompilerThread2" daemon [_thread_in_native, id=199616, stack(0x0000000017ff0000,0x00000000180f0000)]
=>0x0000000017864000 JavaThread "C2 CompilerThread1" daemon [_thread_in_native, id=199580, stack(0x0000000017ef0000,0x0000000017ff0000)]
  0x0000000017817800 JavaThread "C2 CompilerThread0" daemon [_thread_in_native, id=198756, stack(0x0000000017df0000,0x0000000017ef0000)]
  0x0000000017815000 JavaThread "Attach Listener" daemon [_thread_blocked, id=198956, stack(0x0000000017cf0000,0x0000000017df0000)]
  0x0000000017814000 JavaThread "Signal Dispatcher" daemon [_thread_blocked, id=199188, stack(0x0000000017bf0000,0x0000000017cf0000)]
  0x0000000002ce7800 JavaThread "Finalizer" daemon [_thread_blocked, id=198576, stack(0x00000000176f0000,0x00000000177f0000)]
  0x0000000002ce1000 JavaThread "Reference Handler" daemon [_thread_blocked, id=198112, stack(0x00000000175f0000,0x00000000176f0000)]
  0x0000000002aed800 JavaThread "main" [_thread_in_Java, id=198940, stack(0x0000000002af0000,0x0000000002bf0000)]

Other Threads:
  0x0000000015808800 VMThread [stack: 0x00000000174f0000,0x00000000175f0000] [id=195324]
  0x00000000178a5800 WatcherThread [stack: 0x00000000182f0000,0x00000000183f0000] [id=197904]

VM state:not at safepoint (normal execution)

VM Mutex/Monitor currently owned by a thread: None

Heap:
 PSYoungGen      total 136192K, used 20994K [0x00000000eab00000, 0x00000000f3500000, 0x0000000100000000)
  eden space 131072K, 12% used [0x00000000eab00000,0x00000000eba82a78,0x00000000f2b00000)
  from space 5120K, 99% used [0x00000000f3000000,0x00000000f34fdff0,0x00000000f3500000)
  to   space 5120K, 0% used [0x00000000f2b00000,0x00000000f2b00000,0x00000000f3000000)
 ParOldGen       total 86016K, used 42320K [0x00000000c0000000, 0x00000000c5400000, 0x00000000eab00000)
  object space 86016K, 49% used [0x00000000c0000000,0x00000000c2954090,0x00000000c5400000)
 Metaspace       used 5732K, capacity 7024K, committed 7296K, reserved 1056768K
  class space    used 557K, capacity 616K, committed 640K, reserved 1048576K

Card table byte_map: [0x00000000120b0000,0x00000000122c0000] byte_map_base: 0x0000000011ab0000

Marking Bits: (ParMarkBitMap*) 0x000000005f66d4f0
 Begin Bits: [0x0000000012c20000, 0x0000000013c20000)
 End Bits:   [0x0000000013c20000, 0x0000000014c20000)

Polling page: 0x00000000028d0000

CodeCache: size=245760Kb used=7714Kb max_used=7714Kb free=238045Kb
 bounds [0x0000000002cf0000, 0x0000000003490000, 0x0000000011cf0000]
 total_blobs=1943 nmethods=1681 adapters=174
 compilation: enabled

Compilation events (10 events):
Event: 4.717 Thread 0x0000000017870800 1705       1       com.android.dx.dex.code.LocalSnapshot::getLocals (5 bytes)
Event: 4.717 Thread 0x0000000017870800 nmethod 1705 0x0000000003468f50 code [0x00000000034690a0, 0x00000000034691b0]
Event: 4.717 Thread 0x0000000017870800 1706       3       com.android.dx.dex.code.OutputFinisher::addConstants (93 bytes)
Event: 4.718 Thread 0x0000000017870800 nmethod 1706 0x0000000003467550 code [0x00000000034677a0, 0x0000000003468938]
Event: 4.718 Thread 0x0000000017870800 1707       3       com.android.dx.dex.file.DexFile::internIfAppropriate (128 bytes)
Event: 4.719 Thread 0x0000000017870800 nmethod 1707 0x0000000003465850 code [0x0000000003465ae0, 0x0000000003467038]
Event: 4.722 Thread 0x0000000017870800 1708       3       com.android.dx.dex.code.OutputFinisher::addConstants (68 bytes)
Event: 4.724 Thread 0x0000000017870800 nmethod 1708 0x00000000034636d0 code [0x0000000003463960, 0x0000000003464c98]
Event: 4.725 Thread 0x0000000017870800 1709       3       java.util.HashMap$KeyIterator::next (8 bytes)
Event: 4.725 Thread 0x0000000017870800 nmethod 1709 0x0000000003463290 code [0x0000000003463400, 0x0000000003463608]

GC Heap History (8 events):
Event: 1.359 GC heap before
{Heap before GC invocations=1 (full 0):
 PSYoungGen      total 37888K, used 32768K [0x00000000eab00000, 0x00000000ed500000, 0x0000000100000000)
  eden space 32768K, 100% used [0x00000000eab00000,0x00000000ecb00000,0x00000000ecb00000)
  from space 5120K, 0% used [0x00000000ed000000,0x00000000ed000000,0x00000000ed500000)
  to   space 5120K, 0% used [0x00000000ecb00000,0x00000000ecb00000,0x00000000ed000000)
 ParOldGen       total 86016K, used 0K [0x00000000c0000000, 0x00000000c5400000, 0x00000000eab00000)
  object space 86016K, 0% used [0x00000000c0000000,0x00000000c0000000,0x00000000c5400000)
 Metaspace       used 5390K, capacity 6768K, committed 7040K, reserved 1056768K
  class space    used 545K, capacity 616K, committed 640K, reserved 1048576K
Event: 1.414 GC heap after
Heap after GC invocations=1 (full 0):
 PSYoungGen      total 37888K, used 5089K [0x00000000eab00000, 0x00000000ef500000, 0x0000000100000000)
  eden space 32768K, 0% used [0x00000000eab00000,0x00000000eab00000,0x00000000ecb00000)
  from space 5120K, 99% used [0x00000000ecb00000,0x00000000ecff85b0,0x00000000ed000000)
  to   space 5120K, 0% used [0x00000000ef000000,0x00000000ef000000,0x00000000ef500000)
 ParOldGen       total 86016K, used 6545K [0x00000000c0000000, 0x00000000c5400000, 0x00000000eab00000)
  object space 86016K, 7% used [0x00000000c0000000,0x00000000c0664428,0x00000000c5400000)
 Metaspace       used 5390K, capacity 6768K, committed 7040K, reserved 1056768K
  class space    used 545K, capacity 616K, committed 640K, reserved 1048576K
}
Event: 2.563 GC heap before
{Heap before GC invocations=2 (full 0):
 PSYoungGen      total 37888K, used 37857K [0x00000000eab00000, 0x00000000ef500000, 0x0000000100000000)
  eden space 32768K, 100% used [0x00000000eab00000,0x00000000ecb00000,0x00000000ecb00000)
  from space 5120K, 99% used [0x00000000ecb00000,0x00000000ecff85b0,0x00000000ed000000)
  to   space 5120K, 0% used [0x00000000ef000000,0x00000000ef000000,0x00000000ef500000)
 ParOldGen       total 86016K, used 6545K [0x00000000c0000000, 0x00000000c5400000, 0x00000000eab00000)
  object space 86016K, 7% used [0x00000000c0000000,0x00000000c0664428,0x00000000c5400000)
 Metaspace       used 5449K, capacity 6768K, committed 7040K, reserved 1056768K
  class space    used 548K, capacity 616K, committed 640K, reserved 1048576K
Event: 2.635 GC heap after
Heap after GC invocations=2 (full 0):
 PSYoungGen      total 70656K, used 5100K [0x00000000eab00000, 0x00000000ef500000, 0x0000000100000000)
  eden space 65536K, 0% used [0x00000000eab00000,0x00000000eab00000,0x00000000eeb00000)
  from space 5120K, 99% used [0x00000000ef000000,0x00000000ef4fb1e8,0x00000000ef500000)
  to   space 5120K, 0% used [0x00000000eeb00000,0x00000000eeb00000,0x00000000ef000000)
 ParOldGen       total 86016K, used 18418K [0x00000000c0000000, 0x00000000c5400000, 0x00000000eab00000)
  object space 86016K, 21% used [0x00000000c0000000,0x00000000c11fcb80,0x00000000c5400000)
 Metaspace       used 5449K, capacity 6768K, committed 7040K, reserved 1056768K
  class space    used 548K, capacity 616K, committed 640K, reserved 1048576K
}
Event: 3.432 GC heap before
{Heap before GC invocations=3 (full 0):
 PSYoungGen      total 70656K, used 70636K [0x00000000eab00000, 0x00000000ef500000, 0x0000000100000000)
  eden space 65536K, 100% used [0x00000000eab00000,0x00000000eeb00000,0x00000000eeb00000)
  from space 5120K, 99% used [0x00000000ef000000,0x00000000ef4fb1e8,0x00000000ef500000)
  to   space 5120K, 0% used [0x00000000eeb00000,0x00000000eeb00000,0x00000000ef000000)
 ParOldGen       total 86016K, used 18418K [0x00000000c0000000, 0x00000000c5400000, 0x00000000eab00000)
  object space 86016K, 21% used [0x00000000c0000000,0x00000000c11fcb80,0x00000000c5400000)
 Metaspace       used 5516K, capacity 6832K, committed 7040K, reserved 1056768K
  class space    used 551K, capacity 616K, committed 640K, reserved 1048576K
Event: 3.448 GC heap after
Heap after GC invocations=3 (full 0):
 PSYoungGen      total 70656K, used 5100K [0x00000000eab00000, 0x00000000f3500000, 0x0000000100000000)
  eden space 65536K, 0% used [0x00000000eab00000,0x00000000eab00000,0x00000000eeb00000)
  from space 5120K, 99% used [0x00000000eeb00000,0x00000000eeffb2c0,0x00000000ef000000)
  to   space 5120K, 0% used [0x00000000f3000000,0x00000000f3000000,0x00000000f3500000)
 ParOldGen       total 86016K, used 27884K [0x00000000c0000000, 0x00000000c5400000, 0x00000000eab00000)
  object space 86016K, 32% used [0x00000000c0000000,0x00000000c1b3b198,0x00000000c5400000)
 Metaspace       used 5516K, capacity 6832K, committed 7040K, reserved 1056768K
  class space    used 551K, capacity 616K, committed 640K, reserved 1048576K
}
Event: 4.433 GC heap before
{Heap before GC invocations=4 (full 0):
 PSYoungGen      total 70656K, used 70636K [0x00000000eab00000, 0x00000000f3500000, 0x0000000100000000)
  eden space 65536K, 100% used [0x00000000eab00000,0x00000000eeb00000,0x00000000eeb00000)
  from space 5120K, 99% used [0x00000000eeb00000,0x00000000eeffb2c0,0x00000000ef000000)
  to   space 5120K, 0% used [0x00000000f3000000,0x00000000f3000000,0x00000000f3500000)
 ParOldGen       total 86016K, used 27884K [0x00000000c0000000, 0x00000000c5400000, 0x00000000eab00000)
  object space 86016K, 32% used [0x00000000c0000000,0x00000000c1b3b198,0x00000000c5400000)
 Metaspace       used 5655K, capacity 6960K, committed 7040K, reserved 1056768K
  class space    used 551K, capacity 616K, committed 640K, reserved 1048576K
Event: 4.586 GC heap after
Heap after GC invocations=4 (full 0):
 PSYoungGen      total 136192K, used 5111K [0x00000000eab00000, 0x00000000f3500000, 0x0000000100000000)
  eden space 131072K, 0% used [0x00000000eab00000,0x00000000eab00000,0x00000000f2b00000)
  from space 5120K, 99% used [0x00000000f3000000,0x00000000f34fdff0,0x00000000f3500000)
  to   space 5120K, 0% used [0x00000000f2b00000,0x00000000f2b00000,0x00000000f3000000)
 ParOldGen       total 86016K, used 42320K [0x00000000c0000000, 0x00000000c5400000, 0x00000000eab00000)
  object space 86016K, 49% used [0x00000000c0000000,0x00000000c2954090,0x00000000c5400000)
 Metaspace       used 5655K, capacity 6960K, committed 7040K, reserved 1056768K
  class space    used 551K, capacity 616K, committed 640K, reserved 1048576K
}

Deoptimization events (10 events):
Event: 4.702 Thread 0x0000000002aed800 Uncommon trap: reason=class_check action=maybe_recompile pc=0x0000000003180424 method=java.util.Arrays.hashCode([Ljava/lang/Object;)I @ 43
Event: 4.702 Thread 0x0000000002aed800 Uncommon trap: reason=class_check action=maybe_recompile pc=0x0000000003180424 method=java.util.Arrays.hashCode([Ljava/lang/Object;)I @ 43
Event: 4.702 Thread 0x0000000002aed800 Uncommon trap: reason=class_check action=maybe_recompile pc=0x000000000317fe48 method=java.util.Arrays.hashCode([Ljava/lang/Object;)I @ 43
Event: 4.715 Thread 0x0000000002aed800 Uncommon trap: reason=bimorphic action=maybe_recompile pc=0x0000000002f19a84 method=java.util.HashMap.getNode(ILjava/lang/Object;)Ljava/util/HashMap$Node; @ 126
Event: 4.715 Thread 0x0000000002aed800 Uncommon trap: reason=class_check action=maybe_recompile pc=0x0000000003109db8 method=java.util.HashMap.putVal(ILjava/lang/Object;Ljava/lang/Object;ZZ)Ljava/lang/Object; @ 203
Event: 4.715 Thread 0x0000000002aed800 Uncommon trap: reason=bimorphic action=maybe_recompile pc=0x0000000002f19a84 method=java.util.HashMap.getNode(ILjava/lang/Object;)Ljava/util/HashMap$Node; @ 126
Event: 4.715 Thread 0x0000000002aed800 Uncommon trap: reason=class_check action=maybe_recompile pc=0x0000000003109db8 method=java.util.HashMap.putVal(ILjava/lang/Object;Ljava/lang/Object;ZZ)Ljava/lang/Object; @ 203
Event: 4.715 Thread 0x0000000002aed800 Uncommon trap: reason=bimorphic action=maybe_recompile pc=0x0000000002f19a84 method=java.util.HashMap.getNode(ILjava/lang/Object;)Ljava/util/HashMap$Node; @ 126
Event: 4.715 Thread 0x0000000002aed800 Uncommon trap: reason=class_check action=maybe_recompile pc=0x0000000003109db8 method=java.util.HashMap.putVal(ILjava/lang/Object;Ljava/lang/Object;ZZ)Ljava/lang/Object; @ 203
Event: 4.725 Thread 0x0000000002aed800 Uncommon trap: reason=class_check action=maybe_recompile pc=0x00000000030c1b2c method=java.util.HashMap.putVal(ILjava/lang/Object;Ljava/lang/Object;ZZ)Ljava/lang/Object; @ 203

Internal exceptions (10 events):
Event: 0.632 Thread 0x0000000002aed800 Exception <a 'java/security/PrivilegedActionException'> (0x00000000eb6bfe10) thrown at [C:\workspace\8-2-build-windows-amd64-cygwin\jdk8u31\2394\hotspot\src\share\vm\prims\jvm.cpp, line 1312]
Event: 0.633 Thread 0x0000000002aed800 Exception <a 'java/security/PrivilegedActionException'> (0x00000000eb6c3318) thrown at [C:\workspace\8-2-build-windows-amd64-cygwin\jdk8u31\2394\hotspot\src\share\vm\prims\jvm.cpp, line 1312]
Event: 1.290 Thread 0x0000000002aed800 Exception <a 'java/security/PrivilegedActionException'> (0x00000000ec827fc8) thrown at [C:\workspace\8-2-build-windows-amd64-cygwin\jdk8u31\2394\hotspot\src\share\vm\prims\jvm.cpp, line 1312]
Event: 1.302 Thread 0x0000000002aed800 Exception <a 'java/security/PrivilegedActionException'> (0x00000000ec89a720) thrown at [C:\workspace\8-2-build-windows-amd64-cygwin\jdk8u31\2394\hotspot\src\share\vm\prims\jvm.cpp, line 1312]
Event: 1.976 Thread 0x0000000002aed800 Exception <a 'java/security/PrivilegedActionException'> (0x00000000eb3517b0) thrown at [C:\workspace\8-2-build-windows-amd64-cygwin\jdk8u31\2394\hotspot\src\share\vm\prims\jvm.cpp, line 1312]
Event: 2.324 Thread 0x0000000002aed800 Exception <a 'java/security/PrivilegedActionException'> (0x00000000eb8b0050) thrown at [C:\workspace\8-2-build-windows-amd64-cygwin\jdk8u31\2394\hotspot\src\share\vm\prims\jvm.cpp, line 1312]
Event: 3.004 Thread 0x0000000002aed800 Exception <a 'java/security/PrivilegedActionException'> (0x00000000ec42ba30) thrown at [C:\workspace\8-2-build-windows-amd64-cygwin\jdk8u31\2394\hotspot\src\share\vm\prims\jvm.cpp, line 1312]
Event: 3.029 Thread 0x0000000002aed800 Exception <a 'java/security/PrivilegedActionException'> (0x00000000ec647548) thrown at [C:\workspace\8-2-build-windows-amd64-cygwin\jdk8u31\2394\hotspot\src\share\vm\prims\jvm.cpp, line 1312]
Event: 3.081 Thread 0x0000000002aed800 Exception <a 'java/security/PrivilegedActionException'> (0x00000000ecc90ba0) thrown at [C:\workspace\8-2-build-windows-amd64-cygwin\jdk8u31\2394\hotspot\src\share\vm\prims\jvm.cpp, line 1312]
Event: 4.701 Thread 0x0000000002aed800 Exception <a 'java/security/PrivilegedActionException'> (0x00000000eb830e18) thrown at [C:\workspace\8-2-build-windows-amd64-cygwin\jdk8u31\2394\hotspot\src\share\vm\prims\jvm.cpp, line 1312]

Events (10 events):
Event: 4.715 Thread 0x0000000002aed800 Uncommon trap: trap_request=0xffffffde fr.pc=0x0000000003109db8
Event: 4.715 Thread 0x0000000002aed800 DEOPT PACKING pc=0x0000000003109db8 sp=0x0000000002beedf0
Event: 4.715 Thread 0x0000000002aed800 DEOPT UNPACKING pc=0x0000000002d3556a sp=0x0000000002beed18 mode 2
Event: 4.716 loading class java/util/HashMap$KeySet
Event: 4.716 loading class java/util/HashMap$KeySet done
Event: 4.716 loading class java/util/HashMap$KeyIterator
Event: 4.716 loading class java/util/HashMap$KeyIterator done
Event: 4.725 Thread 0x0000000002aed800 Uncommon trap: trap_request=0xffffffde fr.pc=0x00000000030c1b2c
Event: 4.725 Thread 0x0000000002aed800 DEOPT PACKING pc=0x00000000030c1b2c sp=0x0000000002beecb0
Event: 4.725 Thread 0x0000000002aed800 DEOPT UNPACKING pc=0x0000000002d3556a sp=0x0000000002beec28 mode 2


Dynamic libraries:
0x00007ff664760000 - 0x00007ff664794000 	C:\Program Files (x86)\Java\jdk1.8.0_31\bin\java.exe
0x00007ffdd7110000 - 0x00007ffdd72d2000 	C:\WINDOWS\SYSTEM32\ntdll.dll
0x00007ffdd4e10000 - 0x00007ffdd4ebd000 	C:\WINDOWS\system32\KERNEL32.DLL
0x00007ffdd3e00000 - 0x00007ffdd3fdd000 	C:\WINDOWS\system32\KERNELBASE.dll
0x00007ffdd5a30000 - 0x00007ffdd5ad6000 	C:\WINDOWS\system32\ADVAPI32.dll
0x00007ffdd47e0000 - 0x00007ffdd487d000 	C:\WINDOWS\system32\msvcrt.dll
0x00007ffdd5480000 - 0x00007ffdd54db000 	C:\WINDOWS\system32\sechost.dll
0x00007ffdd51f0000 - 0x00007ffdd5316000 	C:\WINDOWS\system32\RPCRT4.dll
0x00007ffdd48f0000 - 0x00007ffdd4a3e000 	C:\WINDOWS\system32\USER32.dll
0x00007ffdd4a40000 - 0x00007ffdd4bc5000 	C:\WINDOWS\system32\GDI32.dll
0x00007ffdd06a0000 - 0x00007ffdd0914000 	C:\WINDOWS\WinSxS\amd64_microsoft.windows.common-controls_6595b64144ccf1df_6.0.10240.16384_none_f41f7b285750ef43\COMCTL32.dll
0x00007ffdd54f0000 - 0x00007ffdd5526000 	C:\WINDOWS\system32\IMM32.DLL
0x00007ffdd5090000 - 0x00007ffdd51ec000 	C:\WINDOWS\system32\MSCTF.dll
0x000000005e9d0000 - 0x000000005eaa2000 	C:\Program Files (x86)\Java\jdk1.8.0_31\jre\bin\msvcr100.dll
0x000000005ee90000 - 0x000000005f6ea000 	C:\Program Files (x86)\Java\jdk1.8.0_31\jre\bin\server\jvm.dll
0x00007ffdd5320000 - 0x00007ffdd5328000 	C:\WINDOWS\system32\PSAPI.DLL
0x00007ffdc9220000 - 0x00007ffdc9229000 	C:\WINDOWS\SYSTEM32\WSOCK32.dll
0x00007ffdd1a70000 - 0x00007ffdd1a93000 	C:\WINDOWS\SYSTEM32\WINMM.dll
0x00007ffdd4bd0000 - 0x00007ffdd4c39000 	C:\WINDOWS\system32\WS2_32.dll
0x00007ffdd4880000 - 0x00007ffdd4888000 	C:\WINDOWS\system32\NSI.dll
0x00007ffdd1750000 - 0x00007ffdd177c000 	C:\WINDOWS\SYSTEM32\WINMMBASE.dll
0x00007ffdd3db0000 - 0x00007ffdd3df4000 	C:\WINDOWS\system32\cfgmgr32.dll
0x00007ffdd23b0000 - 0x00007ffdd23d7000 	C:\WINDOWS\SYSTEM32\DEVOBJ.dll
0x000000005ee80000 - 0x000000005ee8f000 	C:\Program Files (x86)\Java\jdk1.8.0_31\jre\bin\verify.dll
0x000000005ee50000 - 0x000000005ee78000 	C:\Program Files (x86)\Java\jdk1.8.0_31\jre\bin\java.dll
0x000000005ee30000 - 0x000000005ee46000 	C:\Program Files (x86)\Java\jdk1.8.0_31\jre\bin\zip.dll
0x00007ffdd5ae0000 - 0x00007ffdd7003000 	C:\WINDOWS\system32\SHELL32.dll
0x00007ffdd41b0000 - 0x00007ffdd47d9000 	C:\WINDOWS\system32\windows.storage.dll
0x00007ffdd56e0000 - 0x00007ffdd595c000 	C:\WINDOWS\system32\combase.dll
0x00007ffdd5960000 - 0x00007ffdd59b1000 	C:\WINDOWS\system32\shlwapi.dll
0x00007ffdd3bd0000 - 0x00007ffdd3bdf000 	C:\WINDOWS\system32\kernel.appcore.dll
0x00007ffdd3fe0000 - 0x00007ffdd4093000 	C:\WINDOWS\system32\shcore.dll
0x00007ffdd3b40000 - 0x00007ffdd3b8a000 	C:\WINDOWS\system32\powrprof.dll
0x00007ffdd3b90000 - 0x00007ffdd3ba3000 	C:\WINDOWS\system32\profapi.dll
0x00007ffdbd5e0000 - 0x00007ffdbd76a000 	C:\WINDOWS\SYSTEM32\dbghelp.dll

VM Arguments:
jvm_args: -Djava.awt.headless=true -Xmx1024M -Dfile.encoding=windows-1252 -Duser.country=GB -Duser.language=en -Duser.variant 
java_command: com.android.dx.command.Main --dex --force-jumbo --multi-dex --output D:\TIStuff\GitProjects\VirgielOwee2016\app\build\intermediates\transforms\dex\debug\folders\1000\5\slice_1 D:\TIStuff\GitProjects\VirgielOwee2016\app\build\intermediates\transforms\instantRunSlicer\debug\folders\1\5\slice_1
java_class_path (initial): C:\Users\Jasper\AppData\Local\Android\sdk\build-tools\21.1.2\lib\dx.jar
Launcher Type: SUN_STANDARD

Environment Variables:
JAVA_HOME=C:/Program Files (x86)/Java/jdk1.8.0_31
PATH=C:\ProgramData\Oracle\Java\javapath;c:\Program Files (x86)\Intel\iCLS Client\;c:\Program Files\Intel\iCLS Client\;C:\Program Files (x86)\NVIDIA Corporation\PhysX\Common;C:\WINDOWS\system32;C:\WINDOWS;C:\WINDOWS\System32\Wbem;C:\WINDOWS\System32\WindowsPowerShell\v1.0\;C:\Program Files (x86)\Hewlett-Packard\HP Performance Advisor;c:\Program Files\Intel\WiFi\bin\;c:\Program Files\Common Files\Intel\WirelessCommon\;C:\Program Files\Intel\Intel(R) Management Engine Components\DAL;C:\Program Files\Intel\Intel(R) Management Engine Components\IPT;C:\Program Files (x86)\Intel\Intel(R) Management Engine Components\DAL;C:\Program Files (x86)\Intel\Intel(R) Management Engine Components\IPT;C:\Program Files\Microsoft SQL Server\110\Tools\Binn\;C:\Program Files\Microsoft SQL Server\120\Tools\Binn\;C:\Program Files (x86)\Skype\Phone\
USERNAME=Jasper
OS=Windows_NT
PROCESSOR_IDENTIFIER=Intel64 Family 6 Model 60 Stepping 3, GenuineIntel



---------------  S Y S T E M  ---------------

OS: Windows 8.1 , 64 bit Build 9600 

CPU:total 8 (4 cores per cpu, 2 threads per core) family 6 model 60 stepping 3, cmov, cx8, fxsr, mmx, sse, sse2, sse3, ssse3, sse4.1, sse4.2, popcnt, avx, avx2, aes, clmul, erms, lzcnt, ht, tsc, tscinvbit, bmi1, bmi2

Memory: 4k page, physical 8184940k(1698464k free), swap 10479656k(9956k free)

vm_info: Java HotSpot(TM) 64-Bit Server VM (25.31-b07) for windows-amd64 JRE (1.8.0_31-b13), built on Dec 17 2014 21:00:28 by "java_re" with MS VC++ 10.0 (VS2010)

time: Thu Jul 28 14:52:50 2016
elapsed time: 4 seconds (0d 0h 0m 4s)

