#
# There is insufficient memory for the Java Runtime Environment to continue.
# Native memory allocation (malloc) failed to allocate 57392 bytes for Chunk::new
# Possible reasons:
#   The system is out of physical RAM or swap space
#   In 32 bit mode, the process size limit was hit
# Possible solutions:
#   Reduce memory load on the system
#   Increase physical memory or swap space
#   Check if swap backing store is full
#   Use 64 bit Java on a 64 bit OS
#   Decrease Java heap size (-Xmx/-Xms)
#   Decrease number of Java threads
#   Decrease Java thread stack sizes (-Xss)
#   Set larger code cache with -XX:ReservedCodeCacheSize=
# This output file may be truncated or incomplete.
#
#  Out of Memory Error (allocation.cpp:390), pid=198360, tid=198472
#
# JRE version: Java(TM) SE Runtime Environment (8.0_31-b13) (build 1.8.0_31-b13)
# Java VM: Java HotSpot(TM) 64-Bit Server VM (25.31-b07 mixed mode windows-amd64 compressed oops)
# Failed to write core dump. Minidumps are not enabled by default on client versions of Windows
#

---------------  T H R E A D  ---------------

Current thread (0x0000000017546000):  JavaThread "C2 CompilerThread0" daemon [_thread_in_native, id=198472, stack(0x0000000017b10000,0x0000000017c10000)]

Stack: [0x0000000017b10000,0x0000000017c10000]
Native frames: (J=compiled Java code, j=interpreted, Vv=VM code, C=native code)
V  [jvm.dll+0x3169ba]


Current CompileTask:
C2:   1068 1079       4       com.android.dx.ssa.SCCP::simulateStmt (481 bytes)


---------------  P R O C E S S  ---------------

Java Threads: ( => current thread )
  0x00000000175d0000 JavaThread "Service Thread" daemon [_thread_blocked, id=199324, stack(0x0000000017f10000,0x0000000018010000)]
  0x000000001753f800 JavaThread "C1 CompilerThread3" daemon [_thread_blocked, id=197720, stack(0x0000000017e10000,0x0000000017f10000)]
  0x0000000017538000 JavaThread "C2 CompilerThread2" daemon [_thread_in_native, id=198672, stack(0x0000000017d10000,0x0000000017e10000)]
  0x0000000017536000 JavaThread "C2 CompilerThread1" daemon [_thread_in_native, id=146292, stack(0x0000000017c10000,0x0000000017d10000)]
=>0x0000000017546000 JavaThread "C2 CompilerThread0" daemon [_thread_in_native, id=198472, stack(0x0000000017b10000,0x0000000017c10000)]
  0x0000000017543800 JavaThread "Attach Listener" daemon [_thread_blocked, id=189992, stack(0x0000000017a10000,0x0000000017b10000)]
  0x0000000017542800 JavaThread "Signal Dispatcher" daemon [_thread_blocked, id=198128, stack(0x0000000017910000,0x0000000017a10000)]
  0x000000001552c000 JavaThread "Finalizer" daemon [_thread_blocked, id=198568, stack(0x0000000017410000,0x0000000017510000)]
  0x0000000002a06800 JavaThread "Reference Handler" daemon [_thread_blocked, id=198108, stack(0x0000000017310000,0x0000000017410000)]
  0x000000000290d800 JavaThread "main" [_thread_in_vm, id=198764, stack(0x00000000027e0000,0x00000000028e0000)]

Other Threads:
  0x0000000015528800 VMThread [stack: 0x0000000017210000,0x0000000017310000] [id=197676]
  0x00000000175d6000 WatcherThread [stack: 0x0000000018010000,0x0000000018110000] [id=199028]

VM state:not at safepoint (normal execution)

VM Mutex/Monitor currently owned by a thread: None

Heap:
 PSYoungGen      total 37888K, used 22567K [0x00000000eab00000, 0x00000000ed500000, 0x0000000100000000)
  eden space 32768K, 68% used [0x00000000eab00000,0x00000000ec109cb8,0x00000000ecb00000)
  from space 5120K, 0% used [0x00000000ed000000,0x00000000ed000000,0x00000000ed500000)
  to   space 5120K, 0% used [0x00000000ecb00000,0x00000000ecb00000,0x00000000ed000000)
 ParOldGen       total 86016K, used 0K [0x00000000c0000000, 0x00000000c5400000, 0x00000000eab00000)
  object space 86016K, 0% used [0x00000000c0000000,0x00000000c0000000,0x00000000c5400000)
 Metaspace       used 5500K, capacity 6768K, committed 7040K, reserved 1058816K
  class space    used 554K, capacity 616K, committed 640K, reserved 1048576K

Card table byte_map: [0x0000000011dd0000,0x0000000011fe0000] byte_map_base: 0x00000000117d0000

Marking Bits: (ParMarkBitMap*) 0x000000005f66d4f0
 Begin Bits: [0x0000000012940000, 0x0000000013940000)
 End Bits:   [0x0000000013940000, 0x0000000014940000)

Polling page: 0x0000000000fb0000

CodeCache: size=245760Kb used=4163Kb max_used=4177Kb free=241596Kb
 bounds [0x0000000002a10000, 0x0000000002e30000, 0x0000000011a10000]
 total_blobs=1346 nmethods=1086 adapters=174
 compilation: enabled

Compilation events (10 events):
Event: 1.045 Thread 0x000000001753f800 1084       3       java.util.TreeMap$Values::iterator (19 bytes)
Event: 1.046 Thread 0x000000001753f800 nmethod 1084 0x0000000002e1e5d0 code [0x0000000002e1e760, 0x0000000002e1ec70]
Event: 1.046 Thread 0x000000001753f800 1085       3       java.util.TreeMap$ValueIterator::<init> (12 bytes)
Event: 1.046 Thread 0x000000001753f800 nmethod 1085 0x0000000002e1e0d0 code [0x0000000002e1e240, 0x0000000002e1e4b0]
Event: 1.048 Thread 0x0000000017536000 nmethod 1080 0x0000000002e24110 code [0x0000000002e24280, 0x0000000002e24538]
Event: 1.048 Thread 0x0000000017536000 1083       4       com.android.dx.ssa.SsaMethod$1::visitNonMoveInsn (26 bytes)
Event: 1.050 Thread 0x0000000017536000 nmethod 1083 0x0000000002e24810 code [0x0000000002e24960, 0x0000000002e24a58]
Event: 1.054 Thread 0x0000000017536000 1086       4       com.android.dx.rop.code.RegisterSpec::intersect (169 bytes)
Event: 1.061 Thread 0x0000000017536000 nmethod 1086 0x0000000002e21fd0 code [0x0000000002e22140, 0x0000000002e22678]
Event: 1.061 Thread 0x0000000017536000 1087       4       com.android.dx.ssa.SsaBasicBlock::forEachPhiInsn (54 bytes)

GC Heap History (0 events):
No events

Deoptimization events (1 events):
Event: 0.908 Thread 0x000000000290d800 Uncommon trap: reason=bimorphic action=maybe_recompile pc=0x0000000002c4b7b8 method=java.util.HashMap.getNode(ILjava/lang/Object;)Ljava/util/HashMap$Node; @ 126

Internal exceptions (10 events):
Event: 0.707 Thread 0x000000000290d800 Exception <a 'java/security/PrivilegedActionException'> (0x00000000eb5734c8) thrown at [C:\workspace\8-2-build-windows-amd64-cygwin\jdk8u31\2394\hotspot\src\share\vm\prims\jvm.cpp, line 1312]
Event: 0.709 Thread 0x000000000290d800 Exception <a 'java/security/PrivilegedActionException'> (0x00000000eb580a90) thrown at [C:\workspace\8-2-build-windows-amd64-cygwin\jdk8u31\2394\hotspot\src\share\vm\prims\jvm.cpp, line 1312]
Event: 0.710 Thread 0x000000000290d800 Exception <a 'java/security/PrivilegedActionException'> (0x00000000eb583050) thrown at [C:\workspace\8-2-build-windows-amd64-cygwin\jdk8u31\2394\hotspot\src\share\vm\prims\jvm.cpp, line 1312]
Event: 0.710 Thread 0x000000000290d800 Exception <a 'java/security/PrivilegedActionException'> (0x00000000eb586b78) thrown at [C:\workspace\8-2-build-windows-amd64-cygwin\jdk8u31\2394\hotspot\src\share\vm\prims\jvm.cpp, line 1312]
Event: 0.711 Thread 0x000000000290d800 Exception <a 'java/security/PrivilegedActionException'> (0x00000000eb58a7c0) thrown at [C:\workspace\8-2-build-windows-amd64-cygwin\jdk8u31\2394\hotspot\src\share\vm\prims\jvm.cpp, line 1312]
Event: 0.737 Thread 0x000000000290d800 Exception <a 'java/security/PrivilegedActionException'> (0x00000000eb5d82a0) thrown at [C:\workspace\8-2-build-windows-amd64-cygwin\jdk8u31\2394\hotspot\src\share\vm\prims\jvm.cpp, line 1312]
Event: 0.738 Thread 0x000000000290d800 Exception <a 'java/security/PrivilegedActionException'> (0x00000000eb5ddd08) thrown at [C:\workspace\8-2-build-windows-amd64-cygwin\jdk8u31\2394\hotspot\src\share\vm\prims\jvm.cpp, line 1312]
Event: 0.739 Thread 0x000000000290d800 Exception <a 'java/security/PrivilegedActionException'> (0x00000000eb5e3518) thrown at [C:\workspace\8-2-build-windows-amd64-cygwin\jdk8u31\2394\hotspot\src\share\vm\prims\jvm.cpp, line 1312]
Event: 1.011 Thread 0x000000000290d800 Exception <a 'java/security/PrivilegedActionException'> (0x00000000ebdb6548) thrown at [C:\workspace\8-2-build-windows-amd64-cygwin\jdk8u31\2394\hotspot\src\share\vm\prims\jvm.cpp, line 1312]
Event: 1.015 Thread 0x000000000290d800 Exception <a 'java/security/PrivilegedActionException'> (0x00000000ebdd87c0) thrown at [C:\workspace\8-2-build-windows-amd64-cygwin\jdk8u31\2394\hotspot\src\share\vm\prims\jvm.cpp, line 1312]

Events (10 events):
Event: 1.011 loading class com/android/dx/cf/attrib/AttEnclosingMethod
Event: 1.011 loading class com/android/dx/cf/attrib/AttEnclosingMethod done
Event: 1.015 loading class com/android/dx/dex/file/FieldAnnotationStruct
Event: 1.015 loading class com/android/dx/dex/file/FieldAnnotationStruct done
Event: 1.030 loading class java/util/TreeMap$EntrySet
Event: 1.030 loading class java/util/TreeMap$EntrySet done
Event: 1.030 loading class java/util/TreeMap$EntryIterator
Event: 1.030 loading class java/util/TreeMap$EntryIterator done
Event: 1.030 Executing VM operation: Deoptimize
Event: 1.030 Executing VM operation: Deoptimize done


Dynamic libraries:
0x00007ff664760000 - 0x00007ff664794000 	C:\Program Files (x86)\Java\jdk1.8.0_31\bin\java.exe
0x00007ffdd7110000 - 0x00007ffdd72d2000 	C:\WINDOWS\SYSTEM32\ntdll.dll
0x00007ffdd4e10000 - 0x00007ffdd4ebd000 	C:\WINDOWS\system32\KERNEL32.DLL
0x00007ffdd3e00000 - 0x00007ffdd3fdd000 	C:\WINDOWS\system32\KERNELBASE.dll
0x00007ffdd5a30000 - 0x00007ffdd5ad6000 	C:\WINDOWS\system32\ADVAPI32.dll
0x00007ffdd47e0000 - 0x00007ffdd487d000 	C:\WINDOWS\system32\msvcrt.dll
0x00007ffdd5480000 - 0x00007ffdd54db000 	C:\WINDOWS\system32\sechost.dll
0x00007ffdd51f0000 - 0x00007ffdd5316000 	C:\WINDOWS\system32\RPCRT4.dll
0x00007ffdd48f0000 - 0x00007ffdd4a3e000 	C:\WINDOWS\system32\USER32.dll
0x00007ffdd4a40000 - 0x00007ffdd4bc5000 	C:\WINDOWS\system32\GDI32.dll
0x00007ffdd06a0000 - 0x00007ffdd0914000 	C:\WINDOWS\WinSxS\amd64_microsoft.windows.common-controls_6595b64144ccf1df_6.0.10240.16384_none_f41f7b285750ef43\COMCTL32.dll
0x00007ffdd54f0000 - 0x00007ffdd5526000 	C:\WINDOWS\system32\IMM32.DLL
0x00007ffdd5090000 - 0x00007ffdd51ec000 	C:\WINDOWS\system32\MSCTF.dll
0x000000005e9d0000 - 0x000000005eaa2000 	C:\Program Files (x86)\Java\jdk1.8.0_31\jre\bin\msvcr100.dll
0x000000005ee90000 - 0x000000005f6ea000 	C:\Program Files (x86)\Java\jdk1.8.0_31\jre\bin\server\jvm.dll
0x00007ffdd5320000 - 0x00007ffdd5328000 	C:\WINDOWS\system32\PSAPI.DLL
0x00007ffdc9220000 - 0x00007ffdc9229000 	C:\WINDOWS\SYSTEM32\WSOCK32.dll
0x00007ffdd1a70000 - 0x00007ffdd1a93000 	C:\WINDOWS\SYSTEM32\WINMM.dll
0x00007ffdd4bd0000 - 0x00007ffdd4c39000 	C:\WINDOWS\system32\WS2_32.dll
0x00007ffdd4880000 - 0x00007ffdd4888000 	C:\WINDOWS\system32\NSI.dll
0x00000000027b0000 - 0x00000000027dc000 	C:\WINDOWS\SYSTEM32\WINMMBASE.dll
0x00007ffdd3db0000 - 0x00007ffdd3df4000 	C:\WINDOWS\system32\cfgmgr32.dll
0x00007ffdd23b0000 - 0x00007ffdd23d7000 	C:\WINDOWS\SYSTEM32\DEVOBJ.dll
0x000000005ee80000 - 0x000000005ee8f000 	C:\Program Files (x86)\Java\jdk1.8.0_31\jre\bin\verify.dll
0x000000005ee50000 - 0x000000005ee78000 	C:\Program Files (x86)\Java\jdk1.8.0_31\jre\bin\java.dll
0x000000005ee30000 - 0x000000005ee46000 	C:\Program Files (x86)\Java\jdk1.8.0_31\jre\bin\zip.dll
0x00007ffdd5ae0000 - 0x00007ffdd7003000 	C:\WINDOWS\system32\SHELL32.dll
0x00007ffdd41b0000 - 0x00007ffdd47d9000 	C:\WINDOWS\system32\windows.storage.dll
0x00007ffdd56e0000 - 0x00007ffdd595c000 	C:\WINDOWS\system32\combase.dll
0x00007ffdd5960000 - 0x00007ffdd59b1000 	C:\WINDOWS\system32\shlwapi.dll
0x00007ffdd3bd0000 - 0x00007ffdd3bdf000 	C:\WINDOWS\system32\kernel.appcore.dll
0x00007ffdd3fe0000 - 0x00007ffdd4093000 	C:\WINDOWS\system32\shcore.dll
0x00007ffdd3b40000 - 0x00007ffdd3b8a000 	C:\WINDOWS\system32\powrprof.dll
0x00007ffdd3b90000 - 0x00007ffdd3ba3000 	C:\WINDOWS\system32\profapi.dll
0x00007ffdbd5e0000 - 0x00007ffdbd76a000 	C:\WINDOWS\SYSTEM32\dbghelp.dll

VM Arguments:
jvm_args: -Djava.awt.headless=true -Xmx1024M -Dfile.encoding=windows-1252 -Duser.country=GB -Duser.language=en -Duser.variant 
java_command: com.android.dx.command.Main --dex --force-jumbo --multi-dex --output D:\TIStuff\GitProjects\VirgielOwee2016\app\build\intermediates\transforms\dex\debug\folders\1000\10\com.android.support-support-vector-drawable-23.4.0_af8b70559d872ab189f8663c580869cfd1e27e6b D:\TIStuff\GitProjects\VirgielOwee2016\app\build\intermediates\exploded-aar\com.android.support\support-vector-drawable\23.4.0\jars\classes.jar
java_class_path (initial): C:\Users\Jasper\AppData\Local\Android\sdk\build-tools\21.1.2\lib\dx.jar
Launcher Type: SUN_STANDARD

Environment Variables:
JAVA_HOME=C:/Program Files (x86)/Java/jdk1.8.0_31
PATH=C:\ProgramData\Oracle\Java\javapath;c:\Program Files (x86)\Intel\iCLS Client\;c:\Program Files\Intel\iCLS Client\;C:\Program Files (x86)\NVIDIA Corporation\PhysX\Common;C:\WINDOWS\system32;C:\WINDOWS;C:\WINDOWS\System32\Wbem;C:\WINDOWS\System32\WindowsPowerShell\v1.0\;C:\Program Files (x86)\Hewlett-Packard\HP Performance Advisor;c:\Program Files\Intel\WiFi\bin\;c:\Program Files\Common Files\Intel\WirelessCommon\;C:\Program Files\Intel\Intel(R) Management Engine Components\DAL;C:\Program Files\Intel\Intel(R) Management Engine Components\IPT;C:\Program Files (x86)\Intel\Intel(R) Management Engine Components\DAL;C:\Program Files (x86)\Intel\Intel(R) Management Engine Components\IPT;C:\Program Files\Microsoft SQL Server\110\Tools\Binn\;C:\Program Files\Microsoft SQL Server\120\Tools\Binn\;C:\Program Files (x86)\Skype\Phone\
USERNAME=Jasper
OS=Windows_NT
PROCESSOR_IDENTIFIER=Intel64 Family 6 Model 60 Stepping 3, GenuineIntel



---------------  S Y S T E M  ---------------

OS: Windows 8.1 , 64 bit Build 9600 

CPU:total 8 (4 cores per cpu, 2 threads per core) family 6 model 60 stepping 3, cmov, cx8, fxsr, mmx, sse, sse2, sse3, ssse3, sse4.1, sse4.2, popcnt, avx, avx2, aes, clmul, erms, lzcnt, ht, tsc, tscinvbit, bmi1, bmi2

Memory: 4k page, physical 8184940k(1673648k free), swap 10484396k(4908k free)

vm_info: Java HotSpot(TM) 64-Bit Server VM (25.31-b07) for windows-amd64 JRE (1.8.0_31-b13), built on Dec 17 2014 21:00:28 by "java_re" with MS VC++ 10.0 (VS2010)

time: Thu Jul 28 14:53:33 2016
elapsed time: 1 seconds (0d 0h 0m 1s)

