#
# There is insufficient memory for the Java Runtime Environment to continue.
# Native memory allocation (malloc) failed to allocate 1579056 bytes for Chunk::new
# Possible reasons:
#   The system is out of physical RAM or swap space
#   In 32 bit mode, the process size limit was hit
# Possible solutions:
#   Reduce memory load on the system
#   Increase physical memory or swap space
#   Check if swap backing store is full
#   Use 64 bit Java on a 64 bit OS
#   Decrease Java heap size (-Xmx/-Xms)
#   Decrease number of Java threads
#   Decrease Java thread stack sizes (-Xss)
#   Set larger code cache with -XX:ReservedCodeCacheSize=
# This output file may be truncated or incomplete.
#
#  Out of Memory Error (allocation.cpp:390), pid=199460, tid=198240
#
# JRE version: Java(TM) SE Runtime Environment (8.0_31-b13) (build 1.8.0_31-b13)
# Java VM: Java HotSpot(TM) 64-Bit Server VM (25.31-b07 mixed mode windows-amd64 compressed oops)
# Failed to write core dump. Minidumps are not enabled by default on client versions of Windows
#

---------------  T H R E A D  ---------------

Current thread (0x0000000016cc7000):  JavaThread "C2 CompilerThread0" daemon [_thread_in_native, id=198240, stack(0x00000000172a0000,0x00000000173a0000)]

Stack: [0x00000000172a0000,0x00000000173a0000]
Native frames: (J=compiled Java code, j=interpreted, Vv=VM code, C=native code)
V  [jvm.dll+0x3169ba]
V  [jvm.dll+0x2674c3]
V  [jvm.dll+0x268103]
V  [jvm.dll+0x25f8f5]
V  [jvm.dll+0xbf025]
V  [jvm.dll+0xbf4cc]
V  [jvm.dll+0x45df82]
V  [jvm.dll+0x49f21f]
V  [jvm.dll+0x452b35]
V  [jvm.dll+0x454124]
V  [jvm.dll+0x437c62]
V  [jvm.dll+0x988e2]
V  [jvm.dll+0x990d3]
V  [jvm.dll+0x22c194]
V  [jvm.dll+0x28576a]
C  [msvcr100.dll+0x21d9f]
C  [msvcr100.dll+0x21e3b]
C  [KERNEL32.DLL+0x12d92]
C  [ntdll.dll+0x9f64]


Current CompileTask:
C2:   3175 1335       4       com.android.dx.rop.code.Rops::ropFor (771 bytes)


---------------  P R O C E S S  ---------------

Java Threads: ( => current thread )
  0x0000000016d38000 JavaThread "Service Thread" daemon [_thread_blocked, id=199552, stack(0x00000000176a0000,0x00000000177a0000)]
  0x0000000016d1d000 JavaThread "C1 CompilerThread3" daemon [_thread_in_native, id=198668, stack(0x00000000175a0000,0x00000000176a0000)]
  0x0000000016d1a000 JavaThread "C2 CompilerThread2" daemon [_thread_in_native, id=198792, stack(0x00000000174a0000,0x00000000175a0000)]
  0x0000000016d0e800 JavaThread "C2 CompilerThread1" daemon [_thread_in_native, id=198932, stack(0x00000000173a0000,0x00000000174a0000)]
=>0x0000000016cc7000 JavaThread "C2 CompilerThread0" daemon [_thread_in_native, id=198240, stack(0x00000000172a0000,0x00000000173a0000)]
  0x0000000016cc5000 JavaThread "Attach Listener" daemon [_thread_blocked, id=199008, stack(0x00000000171a0000,0x00000000172a0000)]
  0x0000000016cc4000 JavaThread "Signal Dispatcher" daemon [_thread_blocked, id=199284, stack(0x00000000170a0000,0x00000000171a0000)]
  0x0000000002197800 JavaThread "Finalizer" daemon [_thread_blocked, id=199624, stack(0x0000000016ba0000,0x0000000016ca0000)]
  0x0000000002191000 JavaThread "Reference Handler" daemon [_thread_blocked, id=199676, stack(0x0000000016aa0000,0x0000000016ba0000)]
  0x000000000209d800 JavaThread "main" [_thread_in_vm, id=199464, stack(0x0000000001f70000,0x0000000002070000)]

Other Threads:
  0x0000000014cb8800 VMThread [stack: 0x00000000169a0000,0x0000000016aa0000] [id=198944]
  0x0000000016d3d000 WatcherThread [stack: 0x00000000177a0000,0x00000000178a0000] [id=197920]

VM state:not at safepoint (normal execution)

VM Mutex/Monitor currently owned by a thread: None

Heap:
 PSYoungGen      total 70656K, used 35203K [0x00000000eab00000, 0x00000000ef500000, 0x0000000100000000)
  eden space 65536K, 45% used [0x00000000eab00000,0x00000000ec867b08,0x00000000eeb00000)
  from space 5120K, 99% used [0x00000000ef000000,0x00000000ef4f93c0,0x00000000ef500000)
  to   space 5120K, 0% used [0x00000000eeb00000,0x00000000eeb00000,0x00000000ef000000)
 ParOldGen       total 86016K, used 19302K [0x00000000c0000000, 0x00000000c5400000, 0x00000000eab00000)
  object space 86016K, 22% used [0x00000000c0000000,0x00000000c12d9ab0,0x00000000c5400000)
 Metaspace       used 5516K, capacity 6832K, committed 7040K, reserved 1056768K
  class space    used 550K, capacity 616K, committed 640K, reserved 1048576K

Card table byte_map: [0x0000000011560000,0x0000000011770000] byte_map_base: 0x0000000010f60000

Marking Bits: (ParMarkBitMap*) 0x000000005f66d4f0
 Begin Bits: [0x00000000120d0000, 0x00000000130d0000)
 End Bits:   [0x00000000130d0000, 0x00000000140d0000)

Polling page: 0x0000000001f00000

CodeCache: size=245760Kb used=5831Kb max_used=5836Kb free=239928Kb
 bounds [0x00000000021a0000, 0x0000000002760000, 0x00000000111a0000]
 total_blobs=1605 nmethods=1344 adapters=174
 compilation: enabled

Compilation events (10 events):
Event: 3.145 Thread 0x0000000016d1a000 nmethod 1345 0x0000000002730690 code [0x00000000027307c0, 0x0000000002730858]
Event: 3.145 Thread 0x0000000016d1a000 1344       4       com.android.dx.ssa.NormalSsaInsn::<init> (15 bytes)
Event: 3.145 Thread 0x0000000016d1d000 1351       3       com.android.dx.rop.code.RopMethod::<init> (53 bytes)
Event: 3.145 Thread 0x0000000016d1d000 nmethod 1351 0x00000000027417d0 code [0x0000000002741960, 0x0000000002741cf8]
Event: 3.146 Thread 0x0000000016d1a000 nmethod 1344 0x000000000273af90 code [0x000000000273b0c0, 0x000000000273b178]
Event: 3.146 Thread 0x0000000016d1a000 1350       4       com.android.dx.util.BitIntSet::iterator (9 bytes)
Event: 3.147 Thread 0x0000000016d1d000 1353       1       com.android.dx.cf.code.ByteCatchList$Item::getHandlerPc (5 bytes)
Event: 3.147 Thread 0x0000000016d1d000 nmethod 1353 0x0000000002733c90 code [0x0000000002733de0, 0x0000000002733ef0]
Event: 3.148 Thread 0x0000000016d1a000 nmethod 1350 0x0000000002742450 code [0x00000000027425a0, 0x00000000027426f8]
Event: 3.148 Thread 0x0000000016d1a000 1352       4       com.android.dx.rop.code.BasicBlockList$RegCountVisitor::visitThrowingCstInsn (6 bytes)

GC Heap History (4 events):
Event: 1.482 GC heap before
{Heap before GC invocations=1 (full 0):
 PSYoungGen      total 37888K, used 32768K [0x00000000eab00000, 0x00000000ed500000, 0x0000000100000000)
  eden space 32768K, 100% used [0x00000000eab00000,0x00000000ecb00000,0x00000000ecb00000)
  from space 5120K, 0% used [0x00000000ed000000,0x00000000ed000000,0x00000000ed500000)
  to   space 5120K, 0% used [0x00000000ecb00000,0x00000000ecb00000,0x00000000ed000000)
 ParOldGen       total 86016K, used 0K [0x00000000c0000000, 0x00000000c5400000, 0x00000000eab00000)
  object space 86016K, 0% used [0x00000000c0000000,0x00000000c0000000,0x00000000c5400000)
 Metaspace       used 5391K, capacity 6768K, committed 7040K, reserved 1056768K
  class space    used 545K, capacity 616K, committed 640K, reserved 1048576K
Event: 1.504 GC heap after
Heap after GC invocations=1 (full 0):
 PSYoungGen      total 37888K, used 5099K [0x00000000eab00000, 0x00000000ef500000, 0x0000000100000000)
  eden space 32768K, 0% used [0x00000000eab00000,0x00000000eab00000,0x00000000ecb00000)
  from space 5120K, 99% used [0x00000000ecb00000,0x00000000ecffac68,0x00000000ed000000)
  to   space 5120K, 0% used [0x00000000ef000000,0x00000000ef000000,0x00000000ef500000)
 ParOldGen       total 86016K, used 6538K [0x00000000c0000000, 0x00000000c5400000, 0x00000000eab00000)
  object space 86016K, 7% used [0x00000000c0000000,0x00000000c06629f0,0x00000000c5400000)
 Metaspace       used 5391K, capacity 6768K, committed 7040K, reserved 1056768K
  class space    used 545K, capacity 616K, committed 640K, reserved 1048576K
}
Event: 2.275 GC heap before
{Heap before GC invocations=2 (full 0):
 PSYoungGen      total 37888K, used 37867K [0x00000000eab00000, 0x00000000ef500000, 0x0000000100000000)
  eden space 32768K, 100% used [0x00000000eab00000,0x00000000ecb00000,0x00000000ecb00000)
  from space 5120K, 99% used [0x00000000ecb00000,0x00000000ecffac68,0x00000000ed000000)
  to   space 5120K, 0% used [0x00000000ef000000,0x00000000ef000000,0x00000000ef500000)
 ParOldGen       total 86016K, used 6538K [0x00000000c0000000, 0x00000000c5400000, 0x00000000eab00000)
  object space 86016K, 7% used [0x00000000c0000000,0x00000000c06629f0,0x00000000c5400000)
 Metaspace       used 5448K, capacity 6768K, committed 7040K, reserved 1056768K
  class space    used 548K, capacity 616K, committed 640K, reserved 1048576K
Event: 2.293 GC heap after
Heap after GC invocations=2 (full 0):
 PSYoungGen      total 70656K, used 5092K [0x00000000eab00000, 0x00000000ef500000, 0x0000000100000000)
  eden space 65536K, 0% used [0x00000000eab00000,0x00000000eab00000,0x00000000eeb00000)
  from space 5120K, 99% used [0x00000000ef000000,0x00000000ef4f93c0,0x00000000ef500000)
  to   space 5120K, 0% used [0x00000000eeb00000,0x00000000eeb00000,0x00000000ef000000)
 ParOldGen       total 86016K, used 19302K [0x00000000c0000000, 0x00000000c5400000, 0x00000000eab00000)
  object space 86016K, 22% used [0x00000000c0000000,0x00000000c12d9ab0,0x00000000c5400000)
 Metaspace       used 5448K, capacity 6768K, committed 7040K, reserved 1056768K
  class space    used 548K, capacity 616K, committed 640K, reserved 1048576K
}

Deoptimization events (10 events):
Event: 2.994 Thread 0x000000000209d800 Uncommon trap: reason=bimorphic action=maybe_recompile pc=0x000000000257a458 method=com.android.dx.cf.code.BaseMachine.getLocalTarget(Z)Lcom/android/dx/rop/code/RegisterSpec; @ 70
Event: 2.994 Thread 0x000000000209d800 Uncommon trap: reason=bimorphic action=maybe_recompile pc=0x00000000026953ac method=com.android.dx.cf.code.BaseMachine.getLocalTarget(Z)Lcom/android/dx/rop/code/RegisterSpec; @ 70
Event: 2.994 Thread 0x000000000209d800 Uncommon trap: reason=class_check action=maybe_recompile pc=0x000000000250e870 method=com.android.dx.rop.type.Type.equals(Ljava/lang/Object;)Z @ 8
Event: 2.994 Thread 0x000000000209d800 Uncommon trap: reason=bimorphic action=maybe_recompile pc=0x000000000257a458 method=com.android.dx.cf.code.BaseMachine.getLocalTarget(Z)Lcom/android/dx/rop/code/RegisterSpec; @ 70
Event: 2.994 Thread 0x000000000209d800 Uncommon trap: reason=bimorphic action=maybe_recompile pc=0x00000000026953ac method=com.android.dx.cf.code.BaseMachine.getLocalTarget(Z)Lcom/android/dx/rop/code/RegisterSpec; @ 70
Event: 2.994 Thread 0x000000000209d800 Uncommon trap: reason=class_check action=maybe_recompile pc=0x000000000250e870 method=com.android.dx.rop.type.Type.equals(Ljava/lang/Object;)Z @ 8
Event: 2.996 Thread 0x000000000209d800 Uncommon trap: reason=class_check action=maybe_recompile pc=0x000000000250e870 method=com.android.dx.rop.type.Type.equals(Ljava/lang/Object;)Z @ 8
Event: 2.996 Thread 0x000000000209d800 Uncommon trap: reason=class_check action=maybe_recompile pc=0x000000000250e870 method=com.android.dx.rop.type.Type.equals(Ljava/lang/Object;)Z @ 8
Event: 2.997 Thread 0x000000000209d800 Uncommon trap: reason=unreached action=reinterpret pc=0x000000000258cea4 method=com.android.dx.util.LabeledList.set(ILcom/android/dx/util/LabeledItem;)V @ 16
Event: 2.997 Thread 0x000000000209d800 Uncommon trap: reason=unreached action=reinterpret pc=0x0000000002586034 method=com.android.dx.util.LabeledList.set(ILcom/android/dx/util/LabeledItem;)V @ 16

Internal exceptions (10 events):
Event: 0.730 Thread 0x000000000209d800 Exception <a 'java/security/PrivilegedActionException'> (0x00000000eb6b9938) thrown at [C:\workspace\8-2-build-windows-amd64-cygwin\jdk8u31\2394\hotspot\src\share\vm\prims\jvm.cpp, line 1312]
Event: 0.732 Thread 0x000000000209d800 Exception <a 'java/security/PrivilegedActionException'> (0x00000000eb6bfe98) thrown at [C:\workspace\8-2-build-windows-amd64-cygwin\jdk8u31\2394\hotspot\src\share\vm\prims\jvm.cpp, line 1312]
Event: 0.732 Thread 0x000000000209d800 Exception <a 'java/security/PrivilegedActionException'> (0x00000000eb6c33a0) thrown at [C:\workspace\8-2-build-windows-amd64-cygwin\jdk8u31\2394\hotspot\src\share\vm\prims\jvm.cpp, line 1312]
Event: 0.754 Thread 0x000000000209d800 Implicit null exception at 0x0000000002471114 to 0x0000000002472f15
Event: 1.380 Thread 0x000000000209d800 Exception <a 'java/security/PrivilegedActionException'> (0x00000000ec828040) thrown at [C:\workspace\8-2-build-windows-amd64-cygwin\jdk8u31\2394\hotspot\src\share\vm\prims\jvm.cpp, line 1312]
Event: 1.408 Thread 0x000000000209d800 Exception <a 'java/security/PrivilegedActionException'> (0x00000000ec89a798) thrown at [C:\workspace\8-2-build-windows-amd64-cygwin\jdk8u31\2394\hotspot\src\share\vm\prims\jvm.cpp, line 1312]
Event: 2.017 Thread 0x000000000209d800 Exception <a 'java/security/PrivilegedActionException'> (0x00000000eb8b1bf8) thrown at [C:\workspace\8-2-build-windows-amd64-cygwin\jdk8u31\2394\hotspot\src\share\vm\prims\jvm.cpp, line 1312]
Event: 2.188 Thread 0x000000000209d800 Exception <a 'java/security/PrivilegedActionException'> (0x00000000ec5fce18) thrown at [C:\workspace\8-2-build-windows-amd64-cygwin\jdk8u31\2394\hotspot\src\share\vm\prims\jvm.cpp, line 1312]
Event: 2.993 Thread 0x000000000209d800 Exception <a 'java/security/PrivilegedActionException'> (0x00000000ec4731c0) thrown at [C:\workspace\8-2-build-windows-amd64-cygwin\jdk8u31\2394\hotspot\src\share\vm\prims\jvm.cpp, line 1312]
Event: 3.099 Thread 0x000000000209d800 Exception <a 'java/security/PrivilegedActionException'> (0x00000000ec625c30) thrown at [C:\workspace\8-2-build-windows-amd64-cygwin\jdk8u31\2394\hotspot\src\share\vm\prims\jvm.cpp, line 1312]

Events (10 events):
Event: 2.996 Thread 0x000000000209d800 DEOPT PACKING pc=0x000000000250e870 sp=0x000000000206e2a0
Event: 2.996 Thread 0x000000000209d800 DEOPT UNPACKING pc=0x00000000021e556a sp=0x000000000206e238 mode 2
Event: 2.997 Thread 0x000000000209d800 Uncommon trap: trap_request=0xffffffad fr.pc=0x000000000258cea4
Event: 2.997 Thread 0x000000000209d800 DEOPT PACKING pc=0x000000000258cea4 sp=0x000000000206e4f0
Event: 2.997 Thread 0x000000000209d800 DEOPT UNPACKING pc=0x00000000021e556a sp=0x000000000206e488 mode 2
Event: 2.997 Thread 0x000000000209d800 Uncommon trap: trap_request=0xffffffad fr.pc=0x0000000002586034
Event: 2.997 Thread 0x000000000209d800 DEOPT PACKING pc=0x0000000002586034 sp=0x000000000206e480
Event: 2.997 Thread 0x000000000209d800 DEOPT UNPACKING pc=0x00000000021e556a sp=0x000000000206e480 mode 2
Event: 3.099 loading class com/android/dx/cf/attrib/AttExceptions
Event: 3.099 loading class com/android/dx/cf/attrib/AttExceptions done


Dynamic libraries:
0x00007ff664760000 - 0x00007ff664794000 	C:\Program Files (x86)\Java\jdk1.8.0_31\bin\java.exe
0x00007ffdd7110000 - 0x00007ffdd72d2000 	C:\WINDOWS\SYSTEM32\ntdll.dll
0x00007ffdd4e10000 - 0x00007ffdd4ebd000 	C:\WINDOWS\system32\KERNEL32.DLL
0x00007ffdd3e00000 - 0x00007ffdd3fdd000 	C:\WINDOWS\system32\KERNELBASE.dll
0x00007ffdd5a30000 - 0x00007ffdd5ad6000 	C:\WINDOWS\system32\ADVAPI32.dll
0x00007ffdd47e0000 - 0x00007ffdd487d000 	C:\WINDOWS\system32\msvcrt.dll
0x00007ffdd5480000 - 0x00007ffdd54db000 	C:\WINDOWS\system32\sechost.dll
0x00007ffdd51f0000 - 0x00007ffdd5316000 	C:\WINDOWS\system32\RPCRT4.dll
0x00007ffdd48f0000 - 0x00007ffdd4a3e000 	C:\WINDOWS\system32\USER32.dll
0x00007ffdd4a40000 - 0x00007ffdd4bc5000 	C:\WINDOWS\system32\GDI32.dll
0x00007ffdd06a0000 - 0x00007ffdd0914000 	C:\WINDOWS\WinSxS\amd64_microsoft.windows.common-controls_6595b64144ccf1df_6.0.10240.16384_none_f41f7b285750ef43\COMCTL32.dll
0x00007ffdd54f0000 - 0x00007ffdd5526000 	C:\WINDOWS\system32\IMM32.DLL
0x00007ffdd5090000 - 0x00007ffdd51ec000 	C:\WINDOWS\system32\MSCTF.dll
0x000000005e9d0000 - 0x000000005eaa2000 	C:\Program Files (x86)\Java\jdk1.8.0_31\jre\bin\msvcr100.dll
0x000000005ee90000 - 0x000000005f6ea000 	C:\Program Files (x86)\Java\jdk1.8.0_31\jre\bin\server\jvm.dll
0x00007ffdd5320000 - 0x00007ffdd5328000 	C:\WINDOWS\system32\PSAPI.DLL
0x00007ffdd1a70000 - 0x00007ffdd1a93000 	C:\WINDOWS\SYSTEM32\WINMM.dll
0x00007ffdc9220000 - 0x00007ffdc9229000 	C:\WINDOWS\SYSTEM32\WSOCK32.dll
0x00007ffdd4bd0000 - 0x00007ffdd4c39000 	C:\WINDOWS\system32\WS2_32.dll
0x00007ffdd1750000 - 0x00007ffdd177c000 	C:\WINDOWS\SYSTEM32\WINMMBASE.dll
0x00007ffdd4880000 - 0x00007ffdd4888000 	C:\WINDOWS\system32\NSI.dll
0x00007ffdd3db0000 - 0x00007ffdd3df4000 	C:\WINDOWS\system32\cfgmgr32.dll
0x00007ffdd23b0000 - 0x00007ffdd23d7000 	C:\WINDOWS\SYSTEM32\DEVOBJ.dll
0x000000005ee80000 - 0x000000005ee8f000 	C:\Program Files (x86)\Java\jdk1.8.0_31\jre\bin\verify.dll
0x000000005ee50000 - 0x000000005ee78000 	C:\Program Files (x86)\Java\jdk1.8.0_31\jre\bin\java.dll
0x000000005ee30000 - 0x000000005ee46000 	C:\Program Files (x86)\Java\jdk1.8.0_31\jre\bin\zip.dll
0x00007ffdd5ae0000 - 0x00007ffdd7003000 	C:\WINDOWS\system32\SHELL32.dll
0x00007ffdd41b0000 - 0x00007ffdd47d9000 	C:\WINDOWS\system32\windows.storage.dll
0x00007ffdd56e0000 - 0x00007ffdd595c000 	C:\WINDOWS\system32\combase.dll
0x00007ffdd5960000 - 0x00007ffdd59b1000 	C:\WINDOWS\system32\shlwapi.dll
0x00007ffdd3bd0000 - 0x00007ffdd3bdf000 	C:\WINDOWS\system32\kernel.appcore.dll
0x00007ffdd3fe0000 - 0x00007ffdd4093000 	C:\WINDOWS\system32\shcore.dll
0x00007ffdd3b40000 - 0x00007ffdd3b8a000 	C:\WINDOWS\system32\powrprof.dll
0x00007ffdd3b90000 - 0x00007ffdd3ba3000 	C:\WINDOWS\system32\profapi.dll
0x00007ffdbd5e0000 - 0x00007ffdbd76a000 	C:\WINDOWS\SYSTEM32\dbghelp.dll

VM Arguments:
jvm_args: -Djava.awt.headless=true -Xmx1024M -Dfile.encoding=windows-1252 -Duser.country=GB -Duser.language=en -Duser.variant 
java_command: com.android.dx.command.Main --dex --force-jumbo --multi-dex --output D:\TIStuff\GitProjects\VirgielOwee2016\app\build\intermediates\transforms\dex\debug\folders\1000\5\slice_1 D:\TIStuff\GitProjects\VirgielOwee2016\app\build\intermediates\transforms\instantRunSlicer\debug\folders\1\5\slice_1
java_class_path (initial): C:\Users\Jasper\AppData\Local\Android\sdk\build-tools\21.1.2\lib\dx.jar
Launcher Type: SUN_STANDARD

Environment Variables:
JAVA_HOME=C:/Program Files (x86)/Java/jdk1.8.0_31
PATH=C:\ProgramData\Oracle\Java\javapath;c:\Program Files (x86)\Intel\iCLS Client\;c:\Program Files\Intel\iCLS Client\;C:\Program Files (x86)\NVIDIA Corporation\PhysX\Common;C:\WINDOWS\system32;C:\WINDOWS;C:\WINDOWS\System32\Wbem;C:\WINDOWS\System32\WindowsPowerShell\v1.0\;C:\Program Files (x86)\Hewlett-Packard\HP Performance Advisor;c:\Program Files\Intel\WiFi\bin\;c:\Program Files\Common Files\Intel\WirelessCommon\;C:\Program Files\Intel\Intel(R) Management Engine Components\DAL;C:\Program Files\Intel\Intel(R) Management Engine Components\IPT;C:\Program Files (x86)\Intel\Intel(R) Management Engine Components\DAL;C:\Program Files (x86)\Intel\Intel(R) Management Engine Components\IPT;C:\Program Files\Microsoft SQL Server\110\Tools\Binn\;C:\Program Files\Microsoft SQL Server\120\Tools\Binn\;C:\Program Files (x86)\Skype\Phone\
USERNAME=Jasper
OS=Windows_NT
PROCESSOR_IDENTIFIER=Intel64 Family 6 Model 60 Stepping 3, GenuineIntel



---------------  S Y S T E M  ---------------

OS: Windows 8.1 , 64 bit Build 9600 

CPU:total 8 (4 cores per cpu, 2 threads per core) family 6 model 60 stepping 3, cmov, cx8, fxsr, mmx, sse, sse2, sse3, ssse3, sse4.1, sse4.2, popcnt, avx, avx2, aes, clmul, erms, lzcnt, ht, tsc, tscinvbit, bmi1, bmi2

Memory: 4k page, physical 8184940k(1767708k free), swap 10478680k(2940k free)

vm_info: Java HotSpot(TM) 64-Bit Server VM (25.31-b07) for windows-amd64 JRE (1.8.0_31-b13), built on Dec 17 2014 21:00:28 by "java_re" with MS VC++ 10.0 (VS2010)

time: Thu Jul 28 14:52:04 2016
elapsed time: 3 seconds (0d 0h 0m 3s)

