#
# There is insufficient memory for the Java Runtime Environment to continue.
# Native memory allocation (malloc) failed to allocate 16777232 bytes for Chunk::new
# Possible reasons:
#   The system is out of physical RAM or swap space
#   In 32 bit mode, the process size limit was hit
# Possible solutions:
#   Reduce memory load on the system
#   Increase physical memory or swap space
#   Check if swap backing store is full
#   Use 64 bit Java on a 64 bit OS
#   Decrease Java heap size (-Xmx/-Xms)
#   Decrease number of Java threads
#   Decrease Java thread stack sizes (-Xss)
#   Set larger code cache with -XX:ReservedCodeCacheSize=
# This output file may be truncated or incomplete.
#
#  Out of Memory Error (allocation.cpp:390), pid=199508, tid=198732
#
# JRE version: Java(TM) SE Runtime Environment (8.0_31-b13) (build 1.8.0_31-b13)
# Java VM: Java HotSpot(TM) 64-Bit Server VM (25.31-b07 mixed mode windows-amd64 compressed oops)
# Failed to write core dump. Minidumps are not enabled by default on client versions of Windows
#

---------------  T H R E A D  ---------------

Current thread (0x000000001721c000):  JavaThread "C2 CompilerThread1" daemon [_thread_in_native, id=198732, stack(0x00000000178c0000,0x00000000179c0000)]

Stack: [0x00000000178c0000,0x00000000179c0000]
Native frames: (J=compiled Java code, j=interpreted, Vv=VM code, C=native code)
V  [jvm.dll+0x3169ba]
V  [jvm.dll+0x2674c3]
V  [jvm.dll+0x268103]
V  [jvm.dll+0x25f8f5]
V  [jvm.dll+0xbf025]
V  [jvm.dll+0xbf4cc]
V  [jvm.dll+0x431938]
V  [jvm.dll+0x45f9c0]
V  [jvm.dll+0x45fc7a]
V  [jvm.dll+0x460b5f]
V  [jvm.dll+0x462c21]
V  [jvm.dll+0x465055]
V  [jvm.dll+0x4659dc]
V  [jvm.dll+0x465d23]
V  [jvm.dll+0x452b83]
V  [jvm.dll+0x454124]
V  [jvm.dll+0x437c62]
V  [jvm.dll+0x988e2]
V  [jvm.dll+0x990d3]
V  [jvm.dll+0x22c194]
V  [jvm.dll+0x28576a]
C  [msvcr100.dll+0x21d9f]
C  [msvcr100.dll+0x21e3b]
C  [KERNEL32.DLL+0x12d92]
C  [ntdll.dll+0x9f64]


Current CompileTask:
C2:   6446 1727   !   4       com.android.dx.cf.code.Ropper::processBlock (1101 bytes)


---------------  P R O C E S S  ---------------

Java Threads: ( => current thread )
  0x0000000017261000 JavaThread "Service Thread" daemon [_thread_blocked, id=199232, stack(0x0000000017bc0000,0x0000000017cc0000)]
  0x0000000017249000 JavaThread "C1 CompilerThread3" daemon [_thread_blocked, id=199536, stack(0x0000000017ac0000,0x0000000017bc0000)]
  0x000000001723a800 JavaThread "C2 CompilerThread2" daemon [_thread_blocked, id=199252, stack(0x00000000179c0000,0x0000000017ac0000)]
=>0x000000001721c000 JavaThread "C2 CompilerThread1" daemon [_thread_in_native, id=198732, stack(0x00000000178c0000,0x00000000179c0000)]
  0x00000000171e7800 JavaThread "C2 CompilerThread0" daemon [_thread_blocked, id=198428, stack(0x00000000177c0000,0x00000000178c0000)]
  0x00000000171e5000 JavaThread "Attach Listener" daemon [_thread_blocked, id=197788, stack(0x00000000176c0000,0x00000000177c0000)]
  0x00000000026d7800 JavaThread "Finalizer" daemon [_thread_blocked, id=179440, stack(0x00000000170c0000,0x00000000171c0000)]
  0x00000000151fb800 JavaThread "Reference Handler" daemon [_thread_blocked, id=198332, stack(0x0000000016fc0000,0x00000000170c0000)]

Other Threads:
  0x00000000151f7800 VMThread [stack: 0x0000000016ec0000,0x0000000016fc0000] [id=199088]

VM state:at safepoint (normal execution)

VM Mutex/Monitor currently owned by a thread:  ([mutex/lock_event])
[0x00000000025dc4c0] Threads_lock - owner thread: 0x00000000151f7800
[0x00000000025dc6c0] Heap_lock - owner thread: 0x00000000025dd800

Heap:
 PSYoungGen      total 70656K, used 20548K [0x00000000eab00000, 0x00000000f3500000, 0x0000000100000000)
  eden space 65536K, 23% used [0x00000000eab00000,0x00000000eba17b30,0x00000000eeb00000)
  from space 5120K, 99% used [0x00000000eeb00000,0x00000000eeff9850,0x00000000ef000000)
  to   space 5120K, 0% used [0x00000000f3000000,0x00000000f3000000,0x00000000f3500000)
 ParOldGen       total 86016K, used 16506K [0x00000000c0000000, 0x00000000c5400000, 0x00000000eab00000)
  object space 86016K, 19% used [0x00000000c0000000,0x00000000c101e8a0,0x00000000c5400000)
 Metaspace       used 6573K, capacity 7472K, committed 7552K, reserved 1056768K
  class space    used 607K, capacity 616K, committed 640K, reserved 1048576K

Card table byte_map: [0x0000000011aa0000,0x0000000011cb0000] byte_map_base: 0x00000000114a0000

Marking Bits: (ParMarkBitMap*) 0x000000005f66d4f0
 Begin Bits: [0x0000000012610000, 0x0000000013610000)
 End Bits:   [0x0000000013610000, 0x0000000014610000)

Polling page: 0x0000000000c10000

CodeCache: size=245760Kb used=9323Kb max_used=9335Kb free=236436Kb
 bounds [0x00000000026e0000, 0x0000000003010000, 0x00000000116e0000]
 total_blobs=2472 nmethods=2203 adapters=182
 compilation: enabled

Compilation events (10 events):
Event: 4.978 Thread 0x000000001723a800 nmethod 2212% 0x0000000002ffa5d0 code [0x0000000002ffa740, 0x0000000002ffab38]
Event: 4.978 Thread 0x000000001723a800 2236       4       java.lang.Integer::reverseBytes (26 bytes)
Event: 4.979 Thread 0x000000001723a800 nmethod 2236 0x0000000002ffb290 code [0x0000000002ffb3c0, 0x0000000002ffb438]
Event: 4.979 Thread 0x000000001723a800 2160       4       com.android.dx.util.ByteArrayAnnotatedOutput::annotates (13 bytes)
Event: 4.979 Thread 0x000000001723a800 nmethod 2160 0x0000000002ffa390 code [0x0000000002ffa4c0, 0x0000000002ffa538]
Event: 4.979 Thread 0x000000001723a800 2192       4       com.android.dx.util.ByteArrayAnnotatedOutput::alignTo (69 bytes)
Event: 4.981 Thread 0x000000001723a800 nmethod 2192 0x0000000002ffa010 code [0x0000000002ffa160, 0x0000000002ffa258]
Event: 4.981 Thread 0x000000001723a800 2214       4       com.android.dx.rop.type.StdTypeList::getType (6 bytes)
Event: 4.982 Thread 0x000000001723a800 nmethod 2214 0x0000000002ff9c90 code [0x0000000002ff9de0, 0x0000000002ff9eb8]
Event: 4.982 Thread 0x000000001723a800 2188       4       com.android.dx.rop.cst.CstBaseMethodRef::getPrototype (41 bytes)

GC Heap History (6 events):
Event: 2.162 GC heap before
{Heap before GC invocations=1 (full 0):
 PSYoungGen      total 37888K, used 32768K [0x00000000eab00000, 0x00000000ed500000, 0x0000000100000000)
  eden space 32768K, 100% used [0x00000000eab00000,0x00000000ecb00000,0x00000000ecb00000)
  from space 5120K, 0% used [0x00000000ed000000,0x00000000ed000000,0x00000000ed500000)
  to   space 5120K, 0% used [0x00000000ecb00000,0x00000000ecb00000,0x00000000ed000000)
 ParOldGen       total 86016K, used 0K [0x00000000c0000000, 0x00000000c5400000, 0x00000000eab00000)
  object space 86016K, 0% used [0x00000000c0000000,0x00000000c0000000,0x00000000c5400000)
 Metaspace       used 5691K, capacity 6960K, committed 7040K, reserved 1056768K
  class space    used 552K, capacity 616K, committed 640K, reserved 1048576K
Event: 2.205 GC heap after
Heap after GC invocations=1 (full 0):
 PSYoungGen      total 37888K, used 5117K [0x00000000eab00000, 0x00000000ef500000, 0x0000000100000000)
  eden space 32768K, 0% used [0x00000000eab00000,0x00000000eab00000,0x00000000ecb00000)
  from space 5120K, 99% used [0x00000000ecb00000,0x00000000ecfff7b8,0x00000000ed000000)
  to   space 5120K, 0% used [0x00000000ef000000,0x00000000ef000000,0x00000000ef500000)
 ParOldGen       total 86016K, used 1570K [0x00000000c0000000, 0x00000000c5400000, 0x00000000eab00000)
  object space 86016K, 1% used [0x00000000c0000000,0x00000000c01889e8,0x00000000c5400000)
 Metaspace       used 5691K, capacity 6960K, committed 7040K, reserved 1056768K
  class space    used 552K, capacity 616K, committed 640K, reserved 1048576K
}
Event: 3.114 GC heap before
{Heap before GC invocations=2 (full 0):
 PSYoungGen      total 37888K, used 37885K [0x00000000eab00000, 0x00000000ef500000, 0x0000000100000000)
  eden space 32768K, 100% used [0x00000000eab00000,0x00000000ecb00000,0x00000000ecb00000)
  from space 5120K, 99% used [0x00000000ecb00000,0x00000000ecfff7b8,0x00000000ed000000)
  to   space 5120K, 0% used [0x00000000ef000000,0x00000000ef000000,0x00000000ef500000)
 ParOldGen       total 86016K, used 1570K [0x00000000c0000000, 0x00000000c5400000, 0x00000000eab00000)
  object space 86016K, 1% used [0x00000000c0000000,0x00000000c01889e8,0x00000000c5400000)
 Metaspace       used 5834K, capacity 7088K, committed 7296K, reserved 1056768K
  class space    used 554K, capacity 616K, committed 640K, reserved 1048576K
Event: 3.144 GC heap after
Heap after GC invocations=2 (full 0):
 PSYoungGen      total 70656K, used 5111K [0x00000000eab00000, 0x00000000ef500000, 0x0000000100000000)
  eden space 65536K, 0% used [0x00000000eab00000,0x00000000eab00000,0x00000000eeb00000)
  from space 5120K, 99% used [0x00000000ef000000,0x00000000ef4fdc88,0x00000000ef500000)
  to   space 5120K, 0% used [0x00000000eeb00000,0x00000000eeb00000,0x00000000ef000000)
 ParOldGen       total 86016K, used 6375K [0x00000000c0000000, 0x00000000c5400000, 0x00000000eab00000)
  object space 86016K, 7% used [0x00000000c0000000,0x00000000c0639f18,0x00000000c5400000)
 Metaspace       used 5834K, capacity 7088K, committed 7296K, reserved 1056768K
  class space    used 554K, capacity 616K, committed 640K, reserved 1048576K
}
Event: 4.009 GC heap before
{Heap before GC invocations=3 (full 0):
 PSYoungGen      total 70656K, used 70647K [0x00000000eab00000, 0x00000000ef500000, 0x0000000100000000)
  eden space 65536K, 100% used [0x00000000eab00000,0x00000000eeb00000,0x00000000eeb00000)
  from space 5120K, 99% used [0x00000000ef000000,0x00000000ef4fdc88,0x00000000ef500000)
  to   space 5120K, 0% used [0x00000000eeb00000,0x00000000eeb00000,0x00000000ef000000)
 ParOldGen       total 86016K, used 6375K [0x00000000c0000000, 0x00000000c5400000, 0x00000000eab00000)
  object space 86016K, 7% used [0x00000000c0000000,0x00000000c0639f18,0x00000000c5400000)
 Metaspace       used 5873K, capacity 7088K, committed 7296K, reserved 1056768K
  class space    used 555K, capacity 616K, committed 640K, reserved 1048576K
Event: 4.128 GC heap after
Heap after GC invocations=3 (full 0):
 PSYoungGen      total 70656K, used 5094K [0x00000000eab00000, 0x00000000f3500000, 0x0000000100000000)
  eden space 65536K, 0% used [0x00000000eab00000,0x00000000eab00000,0x00000000eeb00000)
  from space 5120K, 99% used [0x00000000eeb00000,0x00000000eeff9850,0x00000000ef000000)
  to   space 5120K, 0% used [0x00000000f3000000,0x00000000f3000000,0x00000000f3500000)
 ParOldGen       total 86016K, used 16506K [0x00000000c0000000, 0x00000000c5400000, 0x00000000eab00000)
  object space 86016K, 19% used [0x00000000c0000000,0x00000000c101e8a0,0x00000000c5400000)
 Metaspace       used 5873K, capacity 7088K, committed 7296K, reserved 1056768K
  class space    used 555K, capacity 616K, committed 640K, reserved 1048576K
}

Deoptimization events (10 events):
Event: 4.221 Thread 0x00000000025dd800 Uncommon trap: reason=class_check action=maybe_recompile pc=0x0000000002b5b560 method=java.util.Arrays.hashCode([Ljava/lang/Object;)I @ 43
Event: 4.221 Thread 0x00000000025dd800 Uncommon trap: reason=class_check action=maybe_recompile pc=0x0000000002b5b560 method=java.util.Arrays.hashCode([Ljava/lang/Object;)I @ 43
Event: 4.221 Thread 0x00000000025dd800 Uncommon trap: reason=class_check action=maybe_recompile pc=0x0000000002b5b560 method=java.util.Arrays.hashCode([Ljava/lang/Object;)I @ 43
Event: 4.221 Thread 0x00000000025dd800 Uncommon trap: reason=class_check action=maybe_recompile pc=0x0000000002b5b560 method=java.util.Arrays.hashCode([Ljava/lang/Object;)I @ 43
Event: 4.221 Thread 0x00000000025dd800 Uncommon trap: reason=class_check action=maybe_recompile pc=0x0000000002b5afc0 method=java.util.Arrays.hashCode([Ljava/lang/Object;)I @ 43
Event: 4.877 Thread 0x00000000025dd800 Uncommon trap: reason=unreached action=reinterpret pc=0x0000000002a42e28 method=java.util.Arrays.copyOf([Ljava/lang/Object;ILjava/lang/Class;)[Ljava/lang/Object; @ 3
Event: 4.879 Thread 0x00000000025dd800 Uncommon trap: reason=class_check action=maybe_recompile pc=0x0000000002df228c method=java.util.HashMap.putVal(ILjava/lang/Object;Ljava/lang/Object;ZZ)Ljava/lang/Object; @ 56
Event: 4.879 Thread 0x00000000025dd800 Uncommon trap: reason=class_check action=maybe_recompile pc=0x0000000002df22e8 method=java.util.HashMap.putVal(ILjava/lang/Object;Ljava/lang/Object;ZZ)Ljava/lang/Object; @ 152
Event: 4.879 Thread 0x00000000025dd800 Uncommon trap: reason=class_check action=maybe_recompile pc=0x0000000002df228c method=java.util.HashMap.putVal(ILjava/lang/Object;Ljava/lang/Object;ZZ)Ljava/lang/Object; @ 56
Event: 4.879 Thread 0x00000000025dd800 Uncommon trap: reason=class_check action=maybe_recompile pc=0x0000000002df228c method=java.util.HashMap.putVal(ILjava/lang/Object;Ljava/lang/Object;ZZ)Ljava/lang/Object; @ 56

Internal exceptions (10 events):
Event: 4.501 Thread 0x00000000025dd800 Exception <a 'java/security/PrivilegedActionException'> (0x00000000eb2ef4d0) thrown at [C:\workspace\8-2-build-windows-amd64-cygwin\jdk8u31\2394\hotspot\src\share\vm\prims\jvm.cpp, line 1312]
Event: 4.503 Thread 0x00000000025dd800 Exception <a 'java/security/PrivilegedActionException'> (0x00000000eb2f25d0) thrown at [C:\workspace\8-2-build-windows-amd64-cygwin\jdk8u31\2394\hotspot\src\share\vm\prims\jvm.cpp, line 1312]
Event: 4.504 Thread 0x00000000025dd800 Exception <a 'java/security/PrivilegedActionException'> (0x00000000eb2f5850) thrown at [C:\workspace\8-2-build-windows-amd64-cygwin\jdk8u31\2394\hotspot\src\share\vm\prims\jvm.cpp, line 1312]
Event: 4.718 Thread 0x00000000025dd800 Exception <a 'java/security/PrivilegedActionException'> (0x00000000eb5220b8) thrown at [C:\workspace\8-2-build-windows-amd64-cygwin\jdk8u31\2394\hotspot\src\share\vm\prims\jvm.cpp, line 1312]
Event: 4.720 Thread 0x00000000025dd800 Exception <a 'java/security/PrivilegedActionException'> (0x00000000eb52dec8) thrown at [C:\workspace\8-2-build-windows-amd64-cygwin\jdk8u31\2394\hotspot\src\share\vm\prims\jvm.cpp, line 1312]
Event: 4.721 Thread 0x00000000025dd800 Exception <a 'java/security/PrivilegedActionException'> (0x00000000eb530c20) thrown at [C:\workspace\8-2-build-windows-amd64-cygwin\jdk8u31\2394\hotspot\src\share\vm\prims\jvm.cpp, line 1312]
Event: 4.794 Thread 0x00000000025dd800 Exception <a 'java/security/PrivilegedActionException'> (0x00000000eb734290) thrown at [C:\workspace\8-2-build-windows-amd64-cygwin\jdk8u31\2394\hotspot\src\share\vm\prims\jvm.cpp, line 1312]
Event: 4.803 Thread 0x00000000025dd800 Exception <a 'java/security/PrivilegedActionException'> (0x00000000eb7b6080) thrown at [C:\workspace\8-2-build-windows-amd64-cygwin\jdk8u31\2394\hotspot\src\share\vm\prims\jvm.cpp, line 1312]
Event: 4.808 Thread 0x00000000025dd800 Exception <a 'java/security/PrivilegedActionException'> (0x00000000eb7bbd50) thrown at [C:\workspace\8-2-build-windows-amd64-cygwin\jdk8u31\2394\hotspot\src\share\vm\prims\jvm.cpp, line 1312]
Event: 4.865 Thread 0x00000000025dd800 Exception <a 'java/security/PrivilegedActionException'> (0x00000000eb7c0590) thrown at [C:\workspace\8-2-build-windows-amd64-cygwin\jdk8u31\2394\hotspot\src\share\vm\prims\jvm.cpp, line 1312]

Events (10 events):
Event: 4.900 loading class java/io/FileOutputStream$1
Event: 4.900 loading class java/io/FileOutputStream$1 done
Event: 5.037 Thread 0x00000000025dd800 Thread exited: 0x00000000025dd800
Event: 5.037 Thread 0x00000000025dd800 Thread added: 0x00000000025dd800
Event: 5.038 loading class java/lang/Shutdown
Event: 5.038 loading class java/lang/Shutdown done
Event: 5.038 loading class java/lang/Shutdown$Lock
Event: 5.038 loading class java/lang/Shutdown$Lock done
Event: 5.039 Thread 0x00000000171e4800 Thread exited: 0x00000000171e4800
Event: 5.039 Thread 0x00000000025dd800 Thread exited: 0x00000000025dd800


Dynamic libraries:
0x00007ff664760000 - 0x00007ff664794000 	C:\Program Files (x86)\Java\jdk1.8.0_31\bin\java.exe
0x00007ffdd7110000 - 0x00007ffdd72d2000 	C:\WINDOWS\SYSTEM32\ntdll.dll
0x00007ffdd4e10000 - 0x00007ffdd4ebd000 	C:\WINDOWS\system32\KERNEL32.DLL
0x00007ffdd3e00000 - 0x00007ffdd3fdd000 	C:\WINDOWS\system32\KERNELBASE.dll
0x00007ffdd5a30000 - 0x00007ffdd5ad6000 	C:\WINDOWS\system32\ADVAPI32.dll
0x00007ffdd47e0000 - 0x00007ffdd487d000 	C:\WINDOWS\system32\msvcrt.dll
0x00007ffdd5480000 - 0x00007ffdd54db000 	C:\WINDOWS\system32\sechost.dll
0x00007ffdd51f0000 - 0x00007ffdd5316000 	C:\WINDOWS\system32\RPCRT4.dll
0x00007ffdd48f0000 - 0x00007ffdd4a3e000 	C:\WINDOWS\system32\USER32.dll
0x00007ffdd4a40000 - 0x00007ffdd4bc5000 	C:\WINDOWS\system32\GDI32.dll
0x00007ffdd06a0000 - 0x00007ffdd0914000 	C:\WINDOWS\WinSxS\amd64_microsoft.windows.common-controls_6595b64144ccf1df_6.0.10240.16384_none_f41f7b285750ef43\COMCTL32.dll
0x00007ffdd54f0000 - 0x00007ffdd5526000 	C:\WINDOWS\system32\IMM32.DLL
0x00007ffdd5090000 - 0x00007ffdd51ec000 	C:\WINDOWS\system32\MSCTF.dll
0x000000005e9d0000 - 0x000000005eaa2000 	C:\Program Files (x86)\Java\jdk1.8.0_31\jre\bin\msvcr100.dll
0x000000005ee90000 - 0x000000005f6ea000 	C:\Program Files (x86)\Java\jdk1.8.0_31\jre\bin\server\jvm.dll
0x00007ffdd5320000 - 0x00007ffdd5328000 	C:\WINDOWS\system32\PSAPI.DLL
0x00007ffdc9220000 - 0x00007ffdc9229000 	C:\WINDOWS\SYSTEM32\WSOCK32.dll
0x00007ffdd4bd0000 - 0x00007ffdd4c39000 	C:\WINDOWS\system32\WS2_32.dll
0x00007ffdd4880000 - 0x00007ffdd4888000 	C:\WINDOWS\system32\NSI.dll
0x00007ffdd1a70000 - 0x00007ffdd1a93000 	C:\WINDOWS\SYSTEM32\WINMM.dll
0x0000000000be0000 - 0x0000000000c0c000 	C:\WINDOWS\SYSTEM32\WINMMBASE.dll
0x00007ffdd3db0000 - 0x00007ffdd3df4000 	C:\WINDOWS\system32\cfgmgr32.dll
0x00007ffdd23b0000 - 0x00007ffdd23d7000 	C:\WINDOWS\SYSTEM32\DEVOBJ.dll
0x000000005ee80000 - 0x000000005ee8f000 	C:\Program Files (x86)\Java\jdk1.8.0_31\jre\bin\verify.dll
0x000000005ee50000 - 0x000000005ee78000 	C:\Program Files (x86)\Java\jdk1.8.0_31\jre\bin\java.dll
0x000000005ee30000 - 0x000000005ee46000 	C:\Program Files (x86)\Java\jdk1.8.0_31\jre\bin\zip.dll
0x00007ffdd5ae0000 - 0x00007ffdd7003000 	C:\WINDOWS\system32\SHELL32.dll
0x00007ffdd41b0000 - 0x00007ffdd47d9000 	C:\WINDOWS\system32\windows.storage.dll
0x00007ffdd56e0000 - 0x00007ffdd595c000 	C:\WINDOWS\system32\combase.dll
0x00007ffdd5960000 - 0x00007ffdd59b1000 	C:\WINDOWS\system32\shlwapi.dll
0x00007ffdd3bd0000 - 0x00007ffdd3bdf000 	C:\WINDOWS\system32\kernel.appcore.dll
0x00007ffdd3fe0000 - 0x00007ffdd4093000 	C:\WINDOWS\system32\shcore.dll
0x00007ffdd3b40000 - 0x00007ffdd3b8a000 	C:\WINDOWS\system32\powrprof.dll
0x00007ffdd3b90000 - 0x00007ffdd3ba3000 	C:\WINDOWS\system32\profapi.dll
0x00007ffdbd5e0000 - 0x00007ffdbd76a000 	C:\WINDOWS\SYSTEM32\dbghelp.dll

VM Arguments:
jvm_args: -Djava.awt.headless=true -Xmx1024M -Dfile.encoding=windows-1252 -Duser.country=GB -Duser.language=en -Duser.variant 
java_command: com.android.dx.command.Main --dex --force-jumbo --multi-dex --output D:\TIStuff\GitProjects\VirgielOwee2016\app\build\intermediates\transforms\dex\debug\folders\1000\10\com.android.support-design-23.4.0_8a45bb18fee50cc52263433b56038d99df16fb94 D:\TIStuff\GitProjects\VirgielOwee2016\app\build\intermediates\exploded-aar\com.android.support\design\23.4.0\jars\classes.jar
java_class_path (initial): C:\Users\Jasper\AppData\Local\Android\sdk\build-tools\21.1.2\lib\dx.jar
Launcher Type: SUN_STANDARD

Environment Variables:
JAVA_HOME=C:/Program Files (x86)/Java/jdk1.8.0_31
PATH=C:\ProgramData\Oracle\Java\javapath;c:\Program Files (x86)\Intel\iCLS Client\;c:\Program Files\Intel\iCLS Client\;C:\Program Files (x86)\NVIDIA Corporation\PhysX\Common;C:\WINDOWS\system32;C:\WINDOWS;C:\WINDOWS\System32\Wbem;C:\WINDOWS\System32\WindowsPowerShell\v1.0\;C:\Program Files (x86)\Hewlett-Packard\HP Performance Advisor;c:\Program Files\Intel\WiFi\bin\;c:\Program Files\Common Files\Intel\WirelessCommon\;C:\Program Files\Intel\Intel(R) Management Engine Components\DAL;C:\Program Files\Intel\Intel(R) Management Engine Components\IPT;C:\Program Files (x86)\Intel\Intel(R) Management Engine Components\DAL;C:\Program Files (x86)\Intel\Intel(R) Management Engine Components\IPT;C:\Program Files\Microsoft SQL Server\110\Tools\Binn\;C:\Program Files\Microsoft SQL Server\120\Tools\Binn\;C:\Program Files (x86)\Skype\Phone\
USERNAME=Jasper
OS=Windows_NT
PROCESSOR_IDENTIFIER=Intel64 Family 6 Model 60 Stepping 3, GenuineIntel



---------------  S Y S T E M  ---------------

OS: Windows 8.1 , 64 bit Build 9600 

CPU:total 8 (4 cores per cpu, 2 threads per core) family 6 model 60 stepping 3, cmov, cx8, fxsr, mmx, sse, sse2, sse3, ssse3, sse4.1, sse4.2, popcnt, avx, avx2, aes, clmul, erms, lzcnt, ht, tsc, tscinvbit, bmi1, bmi2

Memory: 4k page, physical 8184940k(1462836k free), swap 10479104k(17808k free)

vm_info: Java HotSpot(TM) 64-Bit Server VM (25.31-b07) for windows-amd64 JRE (1.8.0_31-b13), built on Dec 17 2014 21:00:28 by "java_re" with MS VC++ 10.0 (VS2010)

time: Thu Jul 28 14:52:12 2016
elapsed time: 6 seconds (0d 0h 0m 6s)

