#
# There is insufficient memory for the Java Runtime Environment to continue.
# Native memory allocation (malloc) failed to allocate 1249216 bytes for Chunk::new
# Possible reasons:
#   The system is out of physical RAM or swap space
#   In 32 bit mode, the process size limit was hit
# Possible solutions:
#   Reduce memory load on the system
#   Increase physical memory or swap space
#   Check if swap backing store is full
#   Use 64 bit Java on a 64 bit OS
#   Decrease Java heap size (-Xmx/-Xms)
#   Decrease number of Java threads
#   Decrease Java thread stack sizes (-Xss)
#   Set larger code cache with -XX:ReservedCodeCacheSize=
# This output file may be truncated or incomplete.
#
#  Out of Memory Error (allocation.cpp:390), pid=198824, tid=193344
#
# JRE version: Java(TM) SE Runtime Environment (8.0_31-b13) (build 1.8.0_31-b13)
# Java VM: Java HotSpot(TM) 64-Bit Server VM (25.31-b07 mixed mode windows-amd64 compressed oops)
# Failed to write core dump. Minidumps are not enabled by default on client versions of Windows
#

---------------  T H R E A D  ---------------

Current thread (0x000000001731e800):  JavaThread "C2 CompilerThread1" daemon [_thread_in_native, id=193344, stack(0x00000000179b0000,0x0000000017ab0000)]

Stack: [0x00000000179b0000,0x0000000017ab0000]
Native frames: (J=compiled Java code, j=interpreted, Vv=VM code, C=native code)
V  [jvm.dll+0x3169ba]
V  [jvm.dll+0x2674c3]
V  [jvm.dll+0x268103]
V  [jvm.dll+0x25f8f5]
V  [jvm.dll+0xbf025]
V  [jvm.dll+0xbf4cc]
V  [jvm.dll+0x45df82]
V  [jvm.dll+0x49f21f]
V  [jvm.dll+0x453401]
V  [jvm.dll+0x454124]
V  [jvm.dll+0x437c62]
V  [jvm.dll+0x988e2]
V  [jvm.dll+0x990d3]
V  [jvm.dll+0x22c194]
V  [jvm.dll+0x28576a]
C  [msvcr100.dll+0x21d9f]
C  [msvcr100.dll+0x21e3b]
C  [KERNEL32.DLL+0x12d92]
C  [ntdll.dll+0x9f64]


Current CompileTask:
C2:   1189  910   !   4       com.android.dx.cf.code.RopperMachine::run (1550 bytes)


---------------  P R O C E S S  ---------------

Java Threads: ( => current thread )
  0x000000001735f000 JavaThread "Service Thread" daemon [_thread_blocked, id=188648, stack(0x0000000017cb0000,0x0000000017db0000)]
  0x000000001733c800 JavaThread "C1 CompilerThread3" daemon [_thread_blocked, id=199572, stack(0x0000000017bb0000,0x0000000017cb0000)]
  0x000000001732d800 JavaThread "C2 CompilerThread2" daemon [_thread_blocked, id=199564, stack(0x0000000017ab0000,0x0000000017bb0000)]
=>0x000000001731e800 JavaThread "C2 CompilerThread1" daemon [_thread_in_native, id=193344, stack(0x00000000179b0000,0x0000000017ab0000)]
  0x00000000172d7000 JavaThread "C2 CompilerThread0" daemon [_thread_in_native, id=185852, stack(0x00000000178b0000,0x00000000179b0000)]
  0x00000000172d5000 JavaThread "Attach Listener" daemon [_thread_blocked, id=199008, stack(0x00000000177b0000,0x00000000178b0000)]
  0x00000000172d4000 JavaThread "Signal Dispatcher" daemon [_thread_blocked, id=198796, stack(0x00000000176b0000,0x00000000177b0000)]
  0x0000000002757800 JavaThread "Finalizer" daemon [_thread_blocked, id=198720, stack(0x00000000171b0000,0x00000000172b0000)]
  0x00000000152db800 JavaThread "Reference Handler" daemon [_thread_blocked, id=198740, stack(0x00000000170b0000,0x00000000171b0000)]
  0x00000000027bd800 JavaThread "main" [_thread_in_vm, id=163836, stack(0x0000000002520000,0x0000000002620000)]

Other Threads:
  0x00000000152d7800 VMThread [stack: 0x0000000016fb0000,0x00000000170b0000] [id=199256]
  0x0000000017361000 WatcherThread [stack: 0x0000000017db0000,0x0000000017eb0000] [id=199232]

VM state:not at safepoint (normal execution)

VM Mutex/Monitor currently owned by a thread: None

Heap:
 PSYoungGen      total 37888K, used 28932K [0x00000000eab00000, 0x00000000ed500000, 0x0000000100000000)
  eden space 32768K, 88% used [0x00000000eab00000,0x00000000ec741248,0x00000000ecb00000)
  from space 5120K, 0% used [0x00000000ed000000,0x00000000ed000000,0x00000000ed500000)
  to   space 5120K, 0% used [0x00000000ecb00000,0x00000000ecb00000,0x00000000ed000000)
 ParOldGen       total 86016K, used 0K [0x00000000c0000000, 0x00000000c5400000, 0x00000000eab00000)
  object space 86016K, 0% used [0x00000000c0000000,0x00000000c0000000,0x00000000c5400000)
 Metaspace       used 5366K, capacity 6704K, committed 6784K, reserved 1056768K
  class space    used 544K, capacity 616K, committed 640K, reserved 1048576K

Card table byte_map: [0x0000000011b80000,0x0000000011d90000] byte_map_base: 0x0000000011580000

Marking Bits: (ParMarkBitMap*) 0x000000005f66d4f0
 Begin Bits: [0x00000000126f0000, 0x00000000136f0000)
 End Bits:   [0x00000000136f0000, 0x00000000146f0000)

Polling page: 0x0000000000d80000

CodeCache: size=245760Kb used=3768Kb max_used=3768Kb free=241992Kb
 bounds [0x00000000027c0000, 0x0000000002b80000, 0x00000000117c0000]
 total_blobs=1190 nmethods=930 adapters=174
 compilation: enabled

Compilation events (10 events):
Event: 1.091 Thread 0x000000001733c800  928       3       com.android.dx.ssa.SsaConverter::needsNewSuccessor (53 bytes)
Event: 1.092 Thread 0x000000001733c800 nmethod 928 0x0000000002b70f10 code [0x0000000002b71100, 0x0000000002b71a38]
Event: 1.099 Thread 0x000000001733c800  929       3       com.android.dx.rop.code.RegisterSpecSet::size (49 bytes)
Event: 1.100 Thread 0x000000001733c800 nmethod 929 0x0000000002b70a10 code [0x0000000002b70b80, 0x0000000002b70e10]
Event: 1.100 Thread 0x000000001733c800  931       3       com.android.dx.rop.code.RegisterSpecSet::equals (106 bytes)
Event: 1.101 Thread 0x000000001733c800 nmethod 931 0x0000000002b6b450 code [0x0000000002b6b620, 0x0000000002b6be48]
Event: 1.101 Thread 0x000000001733c800  930       3       com.android.dx.rop.code.RegisterSpecSet::intersect (117 bytes)
Event: 1.101 Thread 0x000000001733c800 nmethod 930 0x0000000002b6ea50 code [0x0000000002b6ec40, 0x0000000002b6f618]
Event: 1.102 Thread 0x000000001733c800  932       1       com.android.dx.rop.code.PlainInsn::getCatches (4 bytes)
Event: 1.102 Thread 0x000000001733c800 nmethod 932 0x0000000002b68dd0 code [0x0000000002b68f20, 0x0000000002b69030]

GC Heap History (0 events):
No events

Deoptimization events (0 events):
No events

Internal exceptions (10 events):
Event: 0.545 Thread 0x00000000027bd800 Exception <a 'java/security/PrivilegedActionException'> (0x00000000eb389f50) thrown at [C:\workspace\8-2-build-windows-amd64-cygwin\jdk8u31\2394\hotspot\src\share\vm\prims\jvm.cpp, line 1312]
Event: 0.545 Thread 0x00000000027bd800 Exception <a 'java/security/PrivilegedActionException'> (0x00000000eb38fb10) thrown at [C:\workspace\8-2-build-windows-amd64-cygwin\jdk8u31\2394\hotspot\src\share\vm\prims\jvm.cpp, line 1312]
Event: 0.546 Thread 0x00000000027bd800 Exception <a 'java/security/PrivilegedActionException'> (0x00000000eb398988) thrown at [C:\workspace\8-2-build-windows-amd64-cygwin\jdk8u31\2394\hotspot\src\share\vm\prims\jvm.cpp, line 1312]
Event: 0.547 Thread 0x00000000027bd800 Exception <a 'java/security/PrivilegedActionException'> (0x00000000eb39e088) thrown at [C:\workspace\8-2-build-windows-amd64-cygwin\jdk8u31\2394\hotspot\src\share\vm\prims\jvm.cpp, line 1312]
Event: 0.558 Thread 0x00000000027bd800 Exception <a 'java/security/PrivilegedActionException'> (0x00000000eb3ddd98) thrown at [C:\workspace\8-2-build-windows-amd64-cygwin\jdk8u31\2394\hotspot\src\share\vm\prims\jvm.cpp, line 1312]
Event: 0.677 Thread 0x00000000027bd800 Exception <a 'java/security/PrivilegedActionException'> (0x00000000eb6b06b8) thrown at [C:\workspace\8-2-build-windows-amd64-cygwin\jdk8u31\2394\hotspot\src\share\vm\prims\jvm.cpp, line 1312]
Event: 0.677 Thread 0x00000000027bd800 Exception <a 'java/security/PrivilegedActionException'> (0x00000000eb6b39e8) thrown at [C:\workspace\8-2-build-windows-amd64-cygwin\jdk8u31\2394\hotspot\src\share\vm\prims\jvm.cpp, line 1312]
Event: 0.678 Thread 0x00000000027bd800 Exception <a 'java/security/PrivilegedActionException'> (0x00000000eb6ba780) thrown at [C:\workspace\8-2-build-windows-amd64-cygwin\jdk8u31\2394\hotspot\src\share\vm\prims\jvm.cpp, line 1312]
Event: 0.679 Thread 0x00000000027bd800 Exception <a 'java/security/PrivilegedActionException'> (0x00000000eb6c0ce0) thrown at [C:\workspace\8-2-build-windows-amd64-cygwin\jdk8u31\2394\hotspot\src\share\vm\prims\jvm.cpp, line 1312]
Event: 0.680 Thread 0x00000000027bd800 Exception <a 'java/security/PrivilegedActionException'> (0x00000000eb6c41e8) thrown at [C:\workspace\8-2-build-windows-amd64-cygwin\jdk8u31\2394\hotspot\src\share\vm\prims\jvm.cpp, line 1312]

Events (10 events):
Event: 1.083 Thread 0x00000000027bd800 DEOPT PACKING pc=0x000000000297f1d4 sp=0x000000000261e3b0
Event: 1.083 Thread 0x00000000027bd800 DEOPT UNPACKING pc=0x00000000028075bf sp=0x000000000261e0d8 mode 0
Event: 1.084 Thread 0x00000000027bd800 DEOPT PACKING pc=0x000000000297f1d4 sp=0x000000000261e3b0
Event: 1.084 Thread 0x00000000027bd800 DEOPT UNPACKING pc=0x00000000028075bf sp=0x000000000261e0d8 mode 0
Event: 1.084 Thread 0x00000000027bd800 DEOPT PACKING pc=0x000000000297f1d4 sp=0x000000000261e3e0
Event: 1.084 Thread 0x00000000027bd800 DEOPT UNPACKING pc=0x00000000028075bf sp=0x000000000261e110 mode 0
Event: 1.084 Thread 0x00000000027bd800 DEOPT PACKING pc=0x000000000297f1d4 sp=0x000000000261e3e0
Event: 1.085 Thread 0x00000000027bd800 DEOPT UNPACKING pc=0x00000000028075bf sp=0x000000000261e110 mode 0
Event: 1.092 Thread 0x00000000027bd800 DEOPT PACKING pc=0x0000000002a99f44 sp=0x000000000261e380
Event: 1.092 Thread 0x00000000027bd800 DEOPT UNPACKING pc=0x00000000028075bf sp=0x000000000261e0a8 mode 0


Dynamic libraries:
0x00007ff664760000 - 0x00007ff664794000 	C:\Program Files (x86)\Java\jdk1.8.0_31\bin\java.exe
0x00007ffdd7110000 - 0x00007ffdd72d2000 	C:\WINDOWS\SYSTEM32\ntdll.dll
0x00007ffdd4e10000 - 0x00007ffdd4ebd000 	C:\WINDOWS\system32\KERNEL32.DLL
0x00007ffdd3e00000 - 0x00007ffdd3fdd000 	C:\WINDOWS\system32\KERNELBASE.dll
0x00007ffdd5a30000 - 0x00007ffdd5ad6000 	C:\WINDOWS\system32\ADVAPI32.dll
0x00007ffdd47e0000 - 0x00007ffdd487d000 	C:\WINDOWS\system32\msvcrt.dll
0x00007ffdd5480000 - 0x00007ffdd54db000 	C:\WINDOWS\system32\sechost.dll
0x00007ffdd51f0000 - 0x00007ffdd5316000 	C:\WINDOWS\system32\RPCRT4.dll
0x00007ffdd48f0000 - 0x00007ffdd4a3e000 	C:\WINDOWS\system32\USER32.dll
0x00007ffdd4a40000 - 0x00007ffdd4bc5000 	C:\WINDOWS\system32\GDI32.dll
0x00007ffdd06a0000 - 0x00007ffdd0914000 	C:\WINDOWS\WinSxS\amd64_microsoft.windows.common-controls_6595b64144ccf1df_6.0.10240.16384_none_f41f7b285750ef43\COMCTL32.dll
0x00007ffdd54f0000 - 0x00007ffdd5526000 	C:\WINDOWS\system32\IMM32.DLL
0x00007ffdd5090000 - 0x00007ffdd51ec000 	C:\WINDOWS\system32\MSCTF.dll
0x000000005e9d0000 - 0x000000005eaa2000 	C:\Program Files (x86)\Java\jdk1.8.0_31\jre\bin\msvcr100.dll
0x000000005ee90000 - 0x000000005f6ea000 	C:\Program Files (x86)\Java\jdk1.8.0_31\jre\bin\server\jvm.dll
0x00007ffdd5320000 - 0x00007ffdd5328000 	C:\WINDOWS\system32\PSAPI.DLL
0x00007ffdc9220000 - 0x00007ffdc9229000 	C:\WINDOWS\SYSTEM32\WSOCK32.dll
0x00007ffdd4bd0000 - 0x00007ffdd4c39000 	C:\WINDOWS\system32\WS2_32.dll
0x00007ffdd4880000 - 0x00007ffdd4888000 	C:\WINDOWS\system32\NSI.dll
0x00007ffdd1a70000 - 0x00007ffdd1a93000 	C:\WINDOWS\SYSTEM32\WINMM.dll
0x00007ffdd1750000 - 0x00007ffdd177c000 	C:\WINDOWS\SYSTEM32\WINMMBASE.dll
0x00007ffdd3db0000 - 0x00007ffdd3df4000 	C:\WINDOWS\system32\cfgmgr32.dll
0x00007ffdd23b0000 - 0x00007ffdd23d7000 	C:\WINDOWS\SYSTEM32\DEVOBJ.dll
0x000000005ee80000 - 0x000000005ee8f000 	C:\Program Files (x86)\Java\jdk1.8.0_31\jre\bin\verify.dll
0x000000005ee50000 - 0x000000005ee78000 	C:\Program Files (x86)\Java\jdk1.8.0_31\jre\bin\java.dll
0x000000005ee30000 - 0x000000005ee46000 	C:\Program Files (x86)\Java\jdk1.8.0_31\jre\bin\zip.dll
0x00007ffdd5ae0000 - 0x00007ffdd7003000 	C:\WINDOWS\system32\SHELL32.dll
0x00007ffdd41b0000 - 0x00007ffdd47d9000 	C:\WINDOWS\system32\windows.storage.dll
0x00007ffdd56e0000 - 0x00007ffdd595c000 	C:\WINDOWS\system32\combase.dll
0x00007ffdd5960000 - 0x00007ffdd59b1000 	C:\WINDOWS\system32\shlwapi.dll
0x00007ffdd3bd0000 - 0x00007ffdd3bdf000 	C:\WINDOWS\system32\kernel.appcore.dll
0x00007ffdd3fe0000 - 0x00007ffdd4093000 	C:\WINDOWS\system32\shcore.dll
0x00007ffdd3b40000 - 0x00007ffdd3b8a000 	C:\WINDOWS\system32\powrprof.dll
0x00007ffdd3b90000 - 0x00007ffdd3ba3000 	C:\WINDOWS\system32\profapi.dll
0x00007ffdbd5e0000 - 0x00007ffdbd76a000 	C:\WINDOWS\SYSTEM32\dbghelp.dll

VM Arguments:
jvm_args: -Djava.awt.headless=true -Xmx1024M -Dfile.encoding=windows-1252 -Duser.country=GB -Duser.language=en -Duser.variant 
java_command: com.android.dx.command.Main --dex --force-jumbo --multi-dex --output D:\TIStuff\GitProjects\VirgielOwee2016\app\build\intermediates\transforms\dex\debug\folders\1000\5\slice_1 D:\TIStuff\GitProjects\VirgielOwee2016\app\build\intermediates\transforms\instantRunSlicer\debug\folders\1\5\slice_1
java_class_path (initial): C:\Users\Jasper\AppData\Local\Android\sdk\build-tools\21.1.2\lib\dx.jar
Launcher Type: SUN_STANDARD

Environment Variables:
JAVA_HOME=C:/Program Files (x86)/Java/jdk1.8.0_31
PATH=C:\ProgramData\Oracle\Java\javapath;c:\Program Files (x86)\Intel\iCLS Client\;c:\Program Files\Intel\iCLS Client\;C:\Program Files (x86)\NVIDIA Corporation\PhysX\Common;C:\WINDOWS\system32;C:\WINDOWS;C:\WINDOWS\System32\Wbem;C:\WINDOWS\System32\WindowsPowerShell\v1.0\;C:\Program Files (x86)\Hewlett-Packard\HP Performance Advisor;c:\Program Files\Intel\WiFi\bin\;c:\Program Files\Common Files\Intel\WirelessCommon\;C:\Program Files\Intel\Intel(R) Management Engine Components\DAL;C:\Program Files\Intel\Intel(R) Management Engine Components\IPT;C:\Program Files (x86)\Intel\Intel(R) Management Engine Components\DAL;C:\Program Files (x86)\Intel\Intel(R) Management Engine Components\IPT;C:\Program Files\Microsoft SQL Server\110\Tools\Binn\;C:\Program Files\Microsoft SQL Server\120\Tools\Binn\;C:\Program Files (x86)\Skype\Phone\
USERNAME=Jasper
OS=Windows_NT
PROCESSOR_IDENTIFIER=Intel64 Family 6 Model 60 Stepping 3, GenuineIntel



---------------  S Y S T E M  ---------------

OS: Windows 8.1 , 64 bit Build 9600 

CPU:total 8 (4 cores per cpu, 2 threads per core) family 6 model 60 stepping 3, cmov, cx8, fxsr, mmx, sse, sse2, sse3, ssse3, sse4.1, sse4.2, popcnt, avx, avx2, aes, clmul, erms, lzcnt, ht, tsc, tscinvbit, bmi1, bmi2

Memory: 4k page, physical 8184940k(1754832k free), swap 10484396k(190556k free)

vm_info: Java HotSpot(TM) 64-Bit Server VM (25.31-b07) for windows-amd64 JRE (1.8.0_31-b13), built on Dec 17 2014 21:00:28 by "java_re" with MS VC++ 10.0 (VS2010)

time: Thu Jul 28 14:53:34 2016
elapsed time: 1 seconds (0d 0h 0m 1s)

