#
# There is insufficient memory for the Java Runtime Environment to continue.
# Native memory allocation (malloc) failed to allocate 558896 bytes for Chunk::new
# Possible reasons:
#   The system is out of physical RAM or swap space
#   In 32 bit mode, the process size limit was hit
# Possible solutions:
#   Reduce memory load on the system
#   Increase physical memory or swap space
#   Check if swap backing store is full
#   Use 64 bit Java on a 64 bit OS
#   Decrease Java heap size (-Xmx/-Xms)
#   Decrease number of Java threads
#   Decrease Java thread stack sizes (-Xss)
#   Set larger code cache with -XX:ReservedCodeCacheSize=
# This output file may be truncated or incomplete.
#
#  Out of Memory Error (allocation.cpp:390), pid=194260, tid=195712
#
# JRE version: Java(TM) SE Runtime Environment (8.0_31-b13) (build 1.8.0_31-b13)
# Java VM: Java HotSpot(TM) 64-Bit Server VM (25.31-b07 mixed mode windows-amd64 compressed oops)
# Failed to write core dump. Minidumps are not enabled by default on client versions of Windows
#

---------------  T H R E A D  ---------------

Current thread (0x0000000017579800):  JavaThread "C2 CompilerThread1" daemon [_thread_in_native, id=195712, stack(0x0000000017c50000,0x0000000017d50000)]

Stack: [0x0000000017c50000,0x0000000017d50000]
Native frames: (J=compiled Java code, j=interpreted, Vv=VM code, C=native code)
V  [jvm.dll+0x3169ba]
V  [jvm.dll+0x2674c3]
V  [jvm.dll+0x268103]
V  [jvm.dll+0x25f8f5]
V  [jvm.dll+0xbf025]
V  [jvm.dll+0xbf4cc]
V  [jvm.dll+0x44b7f2]
V  [jvm.dll+0x4bedb0]
V  [jvm.dll+0x4c19ec]
V  [jvm.dll+0x4519e1]
V  [jvm.dll+0x4541b8]
V  [jvm.dll+0x437c62]
V  [jvm.dll+0x988e2]
V  [jvm.dll+0x990d3]
V  [jvm.dll+0x22c194]
V  [jvm.dll+0x28576a]
C  [msvcr100.dll+0x21d9f]
C  [msvcr100.dll+0x21e3b]
C  [KERNEL32.DLL+0x12d92]
C  [ntdll.dll+0x9f64]


Current CompileTask:
C2:   2213 1241   !   4       com.android.dx.cf.code.BytecodeArray::parseInstruction (2764 bytes)


---------------  P R O C E S S  ---------------

Java Threads: ( => current thread )
  0x000000001760a000 JavaThread "Service Thread" daemon [_thread_blocked, id=201696, stack(0x0000000017f50000,0x0000000018050000)]
  0x00000000175d9000 JavaThread "C1 CompilerThread3" daemon [_thread_blocked, id=201228, stack(0x0000000017e50000,0x0000000017f50000)]
  0x00000000175d2000 JavaThread "C2 CompilerThread2" daemon [_thread_blocked, id=200844, stack(0x0000000017d50000,0x0000000017e50000)]
=>0x0000000017579800 JavaThread "C2 CompilerThread1" daemon [_thread_in_native, id=195712, stack(0x0000000017c50000,0x0000000017d50000)]
  0x0000000017577000 JavaThread "C2 CompilerThread0" daemon [_thread_blocked, id=193684, stack(0x0000000017b50000,0x0000000017c50000)]
  0x0000000017575000 JavaThread "Attach Listener" daemon [_thread_blocked, id=199788, stack(0x0000000017a50000,0x0000000017b50000)]
  0x0000000017574000 JavaThread "Signal Dispatcher" daemon [_thread_blocked, id=199452, stack(0x0000000017950000,0x0000000017a50000)]
  0x0000000002a67800 JavaThread "Finalizer" daemon [_thread_blocked, id=195532, stack(0x0000000017450000,0x0000000017550000)]
  0x0000000002a61000 JavaThread "Reference Handler" daemon [_thread_blocked, id=201548, stack(0x0000000017350000,0x0000000017450000)]
  0x000000000286d800 JavaThread "main" [_thread_in_Java, id=201296, stack(0x0000000002870000,0x0000000002970000)]

Other Threads:
  0x0000000015588800 VMThread [stack: 0x0000000017250000,0x0000000017350000] [id=201016]
  0x000000001760d800 WatcherThread [stack: 0x0000000018050000,0x0000000018150000] [id=201412]

VM state:not at safepoint (normal execution)

VM Mutex/Monitor currently owned by a thread: None

Heap:
 PSYoungGen      total 37888K, used 25572K [0x00000000eab00000, 0x00000000ed500000, 0x0000000100000000)
  eden space 32768K, 78% used [0x00000000eab00000,0x00000000ec3f9380,0x00000000ecb00000)
  from space 5120K, 0% used [0x00000000ed000000,0x00000000ed000000,0x00000000ed500000)
  to   space 5120K, 0% used [0x00000000ecb00000,0x00000000ecb00000,0x00000000ed000000)
 ParOldGen       total 86016K, used 0K [0x00000000c0000000, 0x00000000c5400000, 0x00000000eab00000)
  object space 86016K, 0% used [0x00000000c0000000,0x00000000c0000000,0x00000000c5400000)
 Metaspace       used 5656K, capacity 6896K, committed 7040K, reserved 1056768K
  class space    used 552K, capacity 616K, committed 640K, reserved 1048576K

Card table byte_map: [0x0000000011e30000,0x0000000012040000] byte_map_base: 0x0000000011830000

Marking Bits: (ParMarkBitMap*) 0x000000005f66d4f0
 Begin Bits: [0x00000000129a0000, 0x00000000139a0000)
 End Bits:   [0x00000000139a0000, 0x00000000149a0000)

Polling page: 0x00000000027f0000

CodeCache: size=245760Kb used=5212Kb max_used=5227Kb free=240547Kb
 bounds [0x0000000002a70000, 0x0000000002fa0000, 0x0000000011a70000]
 total_blobs=1505 nmethods=1245 adapters=174
 compilation: enabled

Compilation events (10 events):
Event: 2.141 Thread 0x00000000175d2000 1242       4       java.lang.Object::equals (11 bytes)
Event: 2.141 Thread 0x00000000175d2000 nmethod 1242 0x0000000002e2d650 code [0x0000000002e2d780, 0x0000000002e2d7f8]
Event: 2.143 Thread 0x00000000175d9000 1243       3       com.android.dx.rop.cst.CstString::getType (4 bytes)
Event: 2.144 Thread 0x00000000175d9000 nmethod 1243 0x0000000002f697d0 code [0x0000000002f69920, 0x0000000002f69a70]
Event: 2.146 Thread 0x00000000175d9000 1244       3       com.android.dx.cf.code.ConcreteMethod::getMaxStack (8 bytes)
Event: 2.146 Thread 0x00000000175d9000 nmethod 1244 0x0000000002f6f110 code [0x0000000002f6f260, 0x0000000002f6f450]
Event: 2.146 Thread 0x00000000175d2000 1245       4       com.android.dx.ssa.SCCP::addBlockToWorklist (47 bytes)
Event: 2.162 Thread 0x00000000175d2000 nmethod 1245 0x0000000002f81d10 code [0x0000000002f81ea0, 0x0000000002f827a8]
Event: 2.162 Thread 0x00000000175d2000 1246       4       com.android.dx.ssa.SsaMethod$1::visitNonMoveInsn (26 bytes)
Event: 2.163 Thread 0x00000000175d2000 nmethod 1246 0x0000000002f818d0 code [0x0000000002f81a20, 0x0000000002f81b18]

GC Heap History (0 events):
No events

Deoptimization events (6 events):
Event: 1.348 Thread 0x000000000286d800 Uncommon trap: reason=unreached action=reinterpret pc=0x0000000002df0ed8 method=com.android.dx.rop.code.LocalItem.hashCode()I @ 25
Event: 1.369 Thread 0x000000000286d800 Uncommon trap: reason=unreached action=reinterpret pc=0x0000000002e31f1c method=com.android.dx.rop.code.LocalItem.hashCode()I @ 25
Event: 1.422 Thread 0x000000000286d800 Uncommon trap: reason=class_check action=maybe_recompile pc=0x0000000002d891cc method=com.android.dx.ssa.NormalSsaInsn.accept(Lcom/android/dx/ssa/SsaInsn$Visitor;)V @ 9
Event: 1.451 Thread 0x000000000286d800 Uncommon trap: reason=class_check action=maybe_recompile pc=0x0000000002d891cc method=com.android.dx.ssa.NormalSsaInsn.accept(Lcom/android/dx/ssa/SsaInsn$Visitor;)V @ 9
Event: 1.928 Thread 0x000000000286d800 Uncommon trap: reason=class_check action=maybe_recompile pc=0x0000000002e01418 method=com.android.dx.rop.type.Type.equals(Ljava/lang/Object;)Z @ 8
Event: 1.928 Thread 0x000000000286d800 Uncommon trap: reason=class_check action=maybe_recompile pc=0x0000000002e01418 method=com.android.dx.rop.type.Type.equals(Ljava/lang/Object;)Z @ 8

Internal exceptions (10 events):
Event: 0.940 Thread 0x000000000286d800 Exception <a 'java/security/PrivilegedActionException'> (0x00000000eb5ddaf8) thrown at [C:\workspace\8-2-build-windows-amd64-cygwin\jdk8u31\2394\hotspot\src\share\vm\prims\jvm.cpp, line 1312]
Event: 0.941 Thread 0x000000000286d800 Exception <a 'java/security/PrivilegedActionException'> (0x00000000eb5e70f8) thrown at [C:\workspace\8-2-build-windows-amd64-cygwin\jdk8u31\2394\hotspot\src\share\vm\prims\jvm.cpp, line 1312]
Event: 1.301 Thread 0x000000000286d800 Exception <a 'java/security/PrivilegedActionException'> (0x00000000eb851df8) thrown at [C:\workspace\8-2-build-windows-amd64-cygwin\jdk8u31\2394\hotspot\src\share\vm\prims\jvm.cpp, line 1312]
Event: 1.302 Thread 0x000000000286d800 Exception <a 'java/security/PrivilegedActionException'> (0x00000000eb85b4c0) thrown at [C:\workspace\8-2-build-windows-amd64-cygwin\jdk8u31\2394\hotspot\src\share\vm\prims\jvm.cpp, line 1312]
Event: 1.370 Thread 0x000000000286d800 Exception <a 'java/security/PrivilegedActionException'> (0x00000000eb93c5a8) thrown at [C:\workspace\8-2-build-windows-amd64-cygwin\jdk8u31\2394\hotspot\src\share\vm\prims\jvm.cpp, line 1312]
Event: 1.518 Thread 0x000000000286d800 Exception <a 'java/security/PrivilegedActionException'> (0x00000000ebaeec58) thrown at [C:\workspace\8-2-build-windows-amd64-cygwin\jdk8u31\2394\hotspot\src\share\vm\prims\jvm.cpp, line 1312]
Event: 1.561 Thread 0x000000000286d800 Exception <a 'java/security/PrivilegedActionException'> (0x00000000ebccfef8) thrown at [C:\workspace\8-2-build-windows-amd64-cygwin\jdk8u31\2394\hotspot\src\share\vm\prims\jvm.cpp, line 1312]
Event: 1.922 Thread 0x000000000286d800 Exception <a 'java/security/PrivilegedActionException'> (0x00000000ebfe7f58) thrown at [C:\workspace\8-2-build-windows-amd64-cygwin\jdk8u31\2394\hotspot\src\share\vm\prims\jvm.cpp, line 1312]
Event: 1.926 Thread 0x000000000286d800 Exception <a 'java/security/PrivilegedActionException'> (0x00000000ec027070) thrown at [C:\workspace\8-2-build-windows-amd64-cygwin\jdk8u31\2394\hotspot\src\share\vm\prims\jvm.cpp, line 1312]
Event: 1.978 Thread 0x000000000286d800 Exception <a 'java/security/PrivilegedActionException'> (0x00000000ec104750) thrown at [C:\workspace\8-2-build-windows-amd64-cygwin\jdk8u31\2394\hotspot\src\share\vm\prims\jvm.cpp, line 1312]

Events (10 events):
Event: 1.928 Thread 0x000000000286d800 Uncommon trap: trap_request=0xffffffde fr.pc=0x0000000002e01418
Event: 1.928 Thread 0x000000000286d800 DEOPT PACKING pc=0x0000000002e01418 sp=0x000000000296e580
Event: 1.928 Thread 0x000000000286d800 DEOPT UNPACKING pc=0x0000000002ab556a sp=0x000000000296e4b8 mode 2
Event: 1.928 Thread 0x000000000286d800 Uncommon trap: trap_request=0xffffffde fr.pc=0x0000000002e01418
Event: 1.928 Thread 0x000000000286d800 DEOPT PACKING pc=0x0000000002e01418 sp=0x000000000296e080
Event: 1.928 Thread 0x000000000286d800 DEOPT UNPACKING pc=0x0000000002ab556a sp=0x000000000296dfb8 mode 2
Event: 1.978 loading class com/android/dx/cf/code/SwitchList
Event: 1.978 loading class com/android/dx/cf/code/SwitchList done
Event: 1.999 Executing VM operation: ForceSafepoint
Event: 2.000 Executing VM operation: ForceSafepoint done


Dynamic libraries:
0x00007ff664760000 - 0x00007ff664794000 	C:\Program Files (x86)\Java\jdk1.8.0_31\bin\java.exe
0x00007ffdd7110000 - 0x00007ffdd72d2000 	C:\WINDOWS\SYSTEM32\ntdll.dll
0x00007ffdd4e10000 - 0x00007ffdd4ebd000 	C:\WINDOWS\system32\KERNEL32.DLL
0x00007ffdd3e00000 - 0x00007ffdd3fdd000 	C:\WINDOWS\system32\KERNELBASE.dll
0x00007ffdd5a30000 - 0x00007ffdd5ad6000 	C:\WINDOWS\system32\ADVAPI32.dll
0x00007ffdd47e0000 - 0x00007ffdd487d000 	C:\WINDOWS\system32\msvcrt.dll
0x00007ffdd5480000 - 0x00007ffdd54db000 	C:\WINDOWS\system32\sechost.dll
0x00007ffdd51f0000 - 0x00007ffdd5316000 	C:\WINDOWS\system32\RPCRT4.dll
0x00007ffdd48f0000 - 0x00007ffdd4a3e000 	C:\WINDOWS\system32\USER32.dll
0x00007ffdd4a40000 - 0x00007ffdd4bc5000 	C:\WINDOWS\system32\GDI32.dll
0x00007ffdd06a0000 - 0x00007ffdd0914000 	C:\WINDOWS\WinSxS\amd64_microsoft.windows.common-controls_6595b64144ccf1df_6.0.10240.16384_none_f41f7b285750ef43\COMCTL32.dll
0x00007ffdd54f0000 - 0x00007ffdd5526000 	C:\WINDOWS\system32\IMM32.DLL
0x00007ffdd5090000 - 0x00007ffdd51ec000 	C:\WINDOWS\system32\MSCTF.dll
0x000000005e9d0000 - 0x000000005eaa2000 	C:\Program Files (x86)\Java\jdk1.8.0_31\jre\bin\msvcr100.dll
0x000000005ee90000 - 0x000000005f6ea000 	C:\Program Files (x86)\Java\jdk1.8.0_31\jre\bin\server\jvm.dll
0x00007ffdd5320000 - 0x00007ffdd5328000 	C:\WINDOWS\system32\PSAPI.DLL
0x00007ffdc9220000 - 0x00007ffdc9229000 	C:\WINDOWS\SYSTEM32\WSOCK32.dll
0x00007ffdd4bd0000 - 0x00007ffdd4c39000 	C:\WINDOWS\system32\WS2_32.dll
0x00007ffdd4880000 - 0x00007ffdd4888000 	C:\WINDOWS\system32\NSI.dll
0x00007ffdd1a70000 - 0x00007ffdd1a93000 	C:\WINDOWS\SYSTEM32\WINMM.dll
0x00000000026b0000 - 0x00000000026dc000 	C:\WINDOWS\SYSTEM32\WINMMBASE.dll
0x00007ffdd3db0000 - 0x00007ffdd3df4000 	C:\WINDOWS\system32\cfgmgr32.dll
0x00007ffdd23b0000 - 0x00007ffdd23d7000 	C:\WINDOWS\SYSTEM32\DEVOBJ.dll
0x000000005ee80000 - 0x000000005ee8f000 	C:\Program Files (x86)\Java\jdk1.8.0_31\jre\bin\verify.dll
0x000000005ee50000 - 0x000000005ee78000 	C:\Program Files (x86)\Java\jdk1.8.0_31\jre\bin\java.dll
0x000000005ee30000 - 0x000000005ee46000 	C:\Program Files (x86)\Java\jdk1.8.0_31\jre\bin\zip.dll
0x00007ffdd5ae0000 - 0x00007ffdd7003000 	C:\WINDOWS\system32\SHELL32.dll
0x00007ffdd41b0000 - 0x00007ffdd47d9000 	C:\WINDOWS\system32\windows.storage.dll
0x00007ffdd56e0000 - 0x00007ffdd595c000 	C:\WINDOWS\system32\combase.dll
0x00007ffdd5960000 - 0x00007ffdd59b1000 	C:\WINDOWS\system32\shlwapi.dll
0x00007ffdd3bd0000 - 0x00007ffdd3bdf000 	C:\WINDOWS\system32\kernel.appcore.dll
0x00007ffdd3fe0000 - 0x00007ffdd4093000 	C:\WINDOWS\system32\shcore.dll
0x00007ffdd3b40000 - 0x00007ffdd3b8a000 	C:\WINDOWS\system32\powrprof.dll
0x00007ffdd3b90000 - 0x00007ffdd3ba3000 	C:\WINDOWS\system32\profapi.dll
0x00007ffdbd5e0000 - 0x00007ffdbd76a000 	C:\WINDOWS\SYSTEM32\dbghelp.dll

VM Arguments:
jvm_args: -Djava.awt.headless=true -Xmx1024M -Dfile.encoding=windows-1252 -Duser.country=GB -Duser.language=en -Duser.variant 
java_command: com.android.dx.command.Main --dex --force-jumbo --multi-dex --output D:\TIStuff\GitProjects\VirgielOwee2016\app\build\intermediates\transforms\dex\debug\folders\1000\10\com.android.support-appcompat-v7-23.4.0_34aabf713a4b5835459c6382c094dfc7c5d326ce D:\TIStuff\GitProjects\VirgielOwee2016\app\build\intermediates\exploded-aar\com.android.support\appcompat-v7\23.4.0\jars\classes.jar
java_class_path (initial): C:\Users\Jasper\AppData\Local\Android\sdk\build-tools\21.1.2\lib\dx.jar
Launcher Type: SUN_STANDARD

Environment Variables:
JAVA_HOME=C:/Program Files (x86)/Java/jdk1.8.0_31
PATH=C:\ProgramData\Oracle\Java\javapath;c:\Program Files (x86)\Intel\iCLS Client\;c:\Program Files\Intel\iCLS Client\;C:\Program Files (x86)\NVIDIA Corporation\PhysX\Common;C:\WINDOWS\system32;C:\WINDOWS;C:\WINDOWS\System32\Wbem;C:\WINDOWS\System32\WindowsPowerShell\v1.0\;C:\Program Files (x86)\Hewlett-Packard\HP Performance Advisor;c:\Program Files\Intel\WiFi\bin\;c:\Program Files\Common Files\Intel\WirelessCommon\;C:\Program Files\Intel\Intel(R) Management Engine Components\DAL;C:\Program Files\Intel\Intel(R) Management Engine Components\IPT;C:\Program Files (x86)\Intel\Intel(R) Management Engine Components\DAL;C:\Program Files (x86)\Intel\Intel(R) Management Engine Components\IPT;C:\Program Files\Microsoft SQL Server\110\Tools\Binn\;C:\Program Files\Microsoft SQL Server\120\Tools\Binn\;C:\Program Files (x86)\Skype\Phone\
USERNAME=Jasper
OS=Windows_NT
PROCESSOR_IDENTIFIER=Intel64 Family 6 Model 60 Stepping 3, GenuineIntel



---------------  S Y S T E M  ---------------

OS: Windows 8.1 , 64 bit Build 9600 

CPU:total 8 (4 cores per cpu, 2 threads per core) family 6 model 60 stepping 3, cmov, cx8, fxsr, mmx, sse, sse2, sse3, ssse3, sse4.1, sse4.2, popcnt, avx, avx2, aes, clmul, erms, lzcnt, ht, tsc, tscinvbit, bmi1, bmi2

Memory: 4k page, physical 8184940k(1641956k free), swap 10736196k(8384k free)

vm_info: Java HotSpot(TM) 64-Bit Server VM (25.31-b07) for windows-amd64 JRE (1.8.0_31-b13), built on Dec 17 2014 21:00:28 by "java_re" with MS VC++ 10.0 (VS2010)

time: Thu Jul 28 15:11:48 2016
elapsed time: 2 seconds (0d 0h 0m 2s)

