#
# There is insufficient memory for the Java Runtime Environment to continue.
# Native memory allocation (malloc) failed to allocate 205616 bytes for Chunk::new
# Possible reasons:
#   The system is out of physical RAM or swap space
#   In 32 bit mode, the process size limit was hit
# Possible solutions:
#   Reduce memory load on the system
#   Increase physical memory or swap space
#   Check if swap backing store is full
#   Use 64 bit Java on a 64 bit OS
#   Decrease Java heap size (-Xmx/-Xms)
#   Decrease number of Java threads
#   Decrease Java thread stack sizes (-Xss)
#   Set larger code cache with -XX:ReservedCodeCacheSize=
# This output file may be truncated or incomplete.
#
#  Out of Memory Error (allocation.cpp:390), pid=189904, tid=200864
#
# JRE version: Java(TM) SE Runtime Environment (8.0_31-b13) (build 1.8.0_31-b13)
# Java VM: Java HotSpot(TM) 64-Bit Server VM (25.31-b07 mixed mode windows-amd64 compressed oops)
# Failed to write core dump. Minidumps are not enabled by default on client versions of Windows
#

---------------  T H R E A D  ---------------

Current thread (0x0000000016d20800):  JavaThread "C2 CompilerThread2" daemon [_thread_in_native, id=200864, stack(0x00000000174f0000,0x00000000175f0000)]

Stack: [0x00000000174f0000,0x00000000175f0000]
Native frames: (J=compiled Java code, j=interpreted, Vv=VM code, C=native code)
V  [jvm.dll+0x3169ba]
V  [jvm.dll+0x2674c3]
V  [jvm.dll+0x268103]
V  [jvm.dll+0x25f8f5]
V  [jvm.dll+0xbf025]
V  [jvm.dll+0xbf4cc]
V  [jvm.dll+0x45df82]
V  [jvm.dll+0x49f21f]
V  [jvm.dll+0x452daf]
V  [jvm.dll+0x454124]
V  [jvm.dll+0x437c62]
V  [jvm.dll+0x988e2]
V  [jvm.dll+0x990d3]
V  [jvm.dll+0x22c194]
V  [jvm.dll+0x28576a]
C  [msvcr100.dll+0x21d9f]
C  [msvcr100.dll+0x21e3b]
C  [KERNEL32.DLL+0x12d92]
C  [ntdll.dll+0x9f64]


Current CompileTask:
C2:   3166  870       4       com.android.dx.ssa.NormalSsaInsn::mapSourceRegisters (48 bytes)


---------------  P R O C E S S  ---------------

Java Threads: ( => current thread )
  0x0000000016d87800 JavaThread "Service Thread" daemon [_thread_blocked, id=201620, stack(0x00000000176f0000,0x00000000177f0000)]
  0x0000000016d23800 JavaThread "C1 CompilerThread3" daemon [_thread_in_native, id=201292, stack(0x00000000175f0000,0x00000000176f0000)]
=>0x0000000016d20800 JavaThread "C2 CompilerThread2" daemon [_thread_in_native, id=200864, stack(0x00000000174f0000,0x00000000175f0000)]
  0x0000000016d19800 JavaThread "C2 CompilerThread1" daemon [_thread_blocked, id=201664, stack(0x00000000173f0000,0x00000000174f0000)]
  0x0000000016d17000 JavaThread "C2 CompilerThread0" daemon [_thread_blocked, id=200472, stack(0x00000000172f0000,0x00000000173f0000)]
  0x0000000016d15000 JavaThread "Attach Listener" daemon [_thread_blocked, id=199720, stack(0x00000000171f0000,0x00000000172f0000)]
  0x0000000016d14800 JavaThread "Signal Dispatcher" daemon [_thread_blocked, id=201640, stack(0x00000000170f0000,0x00000000171f0000)]
  0x00000000021f7800 JavaThread "Finalizer" daemon [_thread_blocked, id=193344, stack(0x0000000016bf0000,0x0000000016cf0000)]
  0x0000000014d1b800 JavaThread "Reference Handler" daemon [_thread_blocked, id=200964, stack(0x0000000016af0000,0x0000000016bf0000)]
  0x0000000001ffd800 JavaThread "main" [_thread_in_vm, id=201340, stack(0x0000000001e00000,0x0000000001f00000)]

Other Threads:
  0x0000000014d17800 VMThread [stack: 0x00000000169f0000,0x0000000016af0000] [id=201068]
  0x0000000016d89000 WatcherThread [stack: 0x00000000177f0000,0x00000000178f0000] [id=199420]

VM state:not at safepoint (normal execution)

VM Mutex/Monitor currently owned by a thread: None

Heap:
 PSYoungGen      total 37888K, used 14423K [0x00000000eab00000, 0x00000000ed500000, 0x0000000100000000)
  eden space 32768K, 44% used [0x00000000eab00000,0x00000000eb915c00,0x00000000ecb00000)
  from space 5120K, 0% used [0x00000000ed000000,0x00000000ed000000,0x00000000ed500000)
  to   space 5120K, 0% used [0x00000000ecb00000,0x00000000ecb00000,0x00000000ed000000)
 ParOldGen       total 86016K, used 0K [0x00000000c0000000, 0x00000000c5400000, 0x00000000eab00000)
  object space 86016K, 0% used [0x00000000c0000000,0x00000000c0000000,0x00000000c5400000)
 Metaspace       used 5390K, capacity 6704K, committed 6784K, reserved 1056768K
  class space    used 551K, capacity 616K, committed 640K, reserved 1048576K

Card table byte_map: [0x00000000115c0000,0x00000000117d0000] byte_map_base: 0x0000000010fc0000

Marking Bits: (ParMarkBitMap*) 0x000000005f66d4f0
 Begin Bits: [0x0000000012130000, 0x0000000013130000)
 End Bits:   [0x0000000013130000, 0x0000000014130000)

Polling page: 0x0000000001f00000

CodeCache: size=245760Kb used=3531Kb max_used=3531Kb free=242228Kb
 bounds [0x0000000002200000, 0x0000000002580000, 0x0000000011200000]
 total_blobs=1153 nmethods=893 adapters=174
 compilation: enabled

Compilation events (10 events):
Event: 3.146 Thread 0x0000000016d23800  875       3       java.util.TreeMap::get (19 bytes)
Event: 3.146 Thread 0x0000000016d23800 nmethod 875 0x0000000002566710 code [0x0000000002566880, 0x0000000002566ae8]
Event: 3.146 Thread 0x0000000016d23800  876       3       java.util.TreeMap::leftOf (13 bytes)
Event: 3.146 Thread 0x0000000016d23800 nmethod 876 0x0000000002566bd0 code [0x0000000002566d20, 0x0000000002566eb0]
Event: 3.146 Thread 0x0000000016d23800  880       3       com.android.dx.rop.type.Prototype::withFirstParameter (68 bytes)
Event: 3.147 Thread 0x0000000016d19800 nmethod 881 0x0000000002569c50 code [0x0000000002569d80, 0x0000000002569e78]
Event: 3.147 Thread 0x0000000016d23800 nmethod 880 0x00000000025688d0 code [0x0000000002568b00, 0x0000000002569718]
Event: 3.147 Thread 0x0000000016d23800  882       3       com.android.dx.cf.code.BaseMachine::auxType (6 bytes)
Event: 3.147 Thread 0x0000000016d23800 nmethod 882 0x0000000002568590 code [0x00000000025686e0, 0x0000000002568850]
Event: 3.148 Thread 0x0000000016d23800  883       3       java.util.BitSet::set (124 bytes)

GC Heap History (0 events):
No events

Deoptimization events (2 events):
Event: 2.963 Thread 0x0000000001ffd800 Uncommon trap: reason=class_check action=maybe_recompile pc=0x00000000024b8f6c method=com.android.dx.ssa.NormalSsaInsn.accept(Lcom/android/dx/ssa/SsaInsn$Visitor;)V @ 9
Event: 2.963 Thread 0x0000000001ffd800 Uncommon trap: reason=class_check action=maybe_recompile pc=0x00000000024b8f6c method=com.android.dx.ssa.NormalSsaInsn.accept(Lcom/android/dx/ssa/SsaInsn$Visitor;)V @ 9

Internal exceptions (10 events):
Event: 2.580 Thread 0x0000000001ffd800 Exception <a 'java/security/PrivilegedActionException'> (0x00000000eb3756c0) thrown at [C:\workspace\8-2-build-windows-amd64-cygwin\jdk8u31\2394\hotspot\src\share\vm\prims\jvm.cpp, line 1312]
Event: 2.581 Thread 0x0000000001ffd800 Exception <a 'java/security/PrivilegedActionException'> (0x00000000eb37b240) thrown at [C:\workspace\8-2-build-windows-amd64-cygwin\jdk8u31\2394\hotspot\src\share\vm\prims\jvm.cpp, line 1312]
Event: 2.582 Thread 0x0000000001ffd800 Exception <a 'java/security/PrivilegedActionException'> (0x00000000eb37d800) thrown at [C:\workspace\8-2-build-windows-amd64-cygwin\jdk8u31\2394\hotspot\src\share\vm\prims\jvm.cpp, line 1312]
Event: 2.582 Thread 0x0000000001ffd800 Exception <a 'java/security/PrivilegedActionException'> (0x00000000eb3811b8) thrown at [C:\workspace\8-2-build-windows-amd64-cygwin\jdk8u31\2394\hotspot\src\share\vm\prims\jvm.cpp, line 1312]
Event: 2.584 Thread 0x0000000001ffd800 Exception <a 'java/security/PrivilegedActionException'> (0x00000000eb38f768) thrown at [C:\workspace\8-2-build-windows-amd64-cygwin\jdk8u31\2394\hotspot\src\share\vm\prims\jvm.cpp, line 1312]
Event: 2.590 Thread 0x0000000001ffd800 Exception <a 'java/security/PrivilegedActionException'> (0x00000000eb3b1888) thrown at [C:\workspace\8-2-build-windows-amd64-cygwin\jdk8u31\2394\hotspot\src\share\vm\prims\jvm.cpp, line 1312]
Event: 2.591 Thread 0x0000000001ffd800 Exception <a 'java/security/PrivilegedActionException'> (0x00000000eb3b72f0) thrown at [C:\workspace\8-2-build-windows-amd64-cygwin\jdk8u31\2394\hotspot\src\share\vm\prims\jvm.cpp, line 1312]
Event: 2.592 Thread 0x0000000001ffd800 Exception <a 'java/security/PrivilegedActionException'> (0x00000000eb3bcb00) thrown at [C:\workspace\8-2-build-windows-amd64-cygwin\jdk8u31\2394\hotspot\src\share\vm\prims\jvm.cpp, line 1312]
Event: 2.625 Thread 0x0000000001ffd800 Exception <a 'java/security/PrivilegedActionException'> (0x00000000eb3fa968) thrown at [C:\workspace\8-2-build-windows-amd64-cygwin\jdk8u31\2394\hotspot\src\share\vm\prims\jvm.cpp, line 1312]
Event: 2.645 Thread 0x0000000001ffd800 Exception <a 'java/security/PrivilegedActionException'> (0x00000000eb467040) thrown at [C:\workspace\8-2-build-windows-amd64-cygwin\jdk8u31\2394\hotspot\src\share\vm\prims\jvm.cpp, line 1312]

Events (10 events):
Event: 2.645 loading class com/android/dx/dex/file/MethodAnnotationStruct
Event: 2.645 loading class com/android/dx/dex/file/MethodAnnotationStruct done
Event: 2.795 loading class java/util/ArrayList$1
Event: 2.795 loading class java/util/ArrayList$1 done
Event: 2.963 Thread 0x0000000001ffd800 Uncommon trap: trap_request=0xffffffde fr.pc=0x00000000024b8f6c
Event: 2.963 Thread 0x0000000001ffd800 DEOPT PACKING pc=0x00000000024b8f6c sp=0x0000000001efe4e0
Event: 2.963 Thread 0x0000000001ffd800 DEOPT UNPACKING pc=0x000000000224556a sp=0x0000000001efe420 mode 2
Event: 2.963 Thread 0x0000000001ffd800 Uncommon trap: trap_request=0xffffffde fr.pc=0x00000000024b8f6c
Event: 2.963 Thread 0x0000000001ffd800 DEOPT PACKING pc=0x00000000024b8f6c sp=0x0000000001efe4e0
Event: 2.963 Thread 0x0000000001ffd800 DEOPT UNPACKING pc=0x000000000224556a sp=0x0000000001efe420 mode 2


Dynamic libraries:
0x00007ff664760000 - 0x00007ff664794000 	C:\Program Files (x86)\Java\jdk1.8.0_31\bin\java.exe
0x00007ffdd7110000 - 0x00007ffdd72d2000 	C:\WINDOWS\SYSTEM32\ntdll.dll
0x00007ffdd4e10000 - 0x00007ffdd4ebd000 	C:\WINDOWS\system32\KERNEL32.DLL
0x00007ffdd3e00000 - 0x00007ffdd3fdd000 	C:\WINDOWS\system32\KERNELBASE.dll
0x00007ffdd5a30000 - 0x00007ffdd5ad6000 	C:\WINDOWS\system32\ADVAPI32.dll
0x00007ffdd47e0000 - 0x00007ffdd487d000 	C:\WINDOWS\system32\msvcrt.dll
0x00007ffdd5480000 - 0x00007ffdd54db000 	C:\WINDOWS\system32\sechost.dll
0x00007ffdd51f0000 - 0x00007ffdd5316000 	C:\WINDOWS\system32\RPCRT4.dll
0x00007ffdd48f0000 - 0x00007ffdd4a3e000 	C:\WINDOWS\system32\USER32.dll
0x00007ffdd4a40000 - 0x00007ffdd4bc5000 	C:\WINDOWS\system32\GDI32.dll
0x00007ffdd06a0000 - 0x00007ffdd0914000 	C:\WINDOWS\WinSxS\amd64_microsoft.windows.common-controls_6595b64144ccf1df_6.0.10240.16384_none_f41f7b285750ef43\COMCTL32.dll
0x00007ffdd54f0000 - 0x00007ffdd5526000 	C:\WINDOWS\system32\IMM32.DLL
0x00007ffdd5090000 - 0x00007ffdd51ec000 	C:\WINDOWS\system32\MSCTF.dll
0x000000005e9d0000 - 0x000000005eaa2000 	C:\Program Files (x86)\Java\jdk1.8.0_31\jre\bin\msvcr100.dll
0x000000005ee90000 - 0x000000005f6ea000 	C:\Program Files (x86)\Java\jdk1.8.0_31\jre\bin\server\jvm.dll
0x00007ffdd5320000 - 0x00007ffdd5328000 	C:\WINDOWS\system32\PSAPI.DLL
0x00007ffdc9220000 - 0x00007ffdc9229000 	C:\WINDOWS\SYSTEM32\WSOCK32.dll
0x00007ffdd4bd0000 - 0x00007ffdd4c39000 	C:\WINDOWS\system32\WS2_32.dll
0x00007ffdd4880000 - 0x00007ffdd4888000 	C:\WINDOWS\system32\NSI.dll
0x00007ffdd1a70000 - 0x00007ffdd1a93000 	C:\WINDOWS\SYSTEM32\WINMM.dll
0x00007ffdd1750000 - 0x00007ffdd177c000 	C:\WINDOWS\SYSTEM32\WINMMBASE.dll
0x00007ffdd3db0000 - 0x00007ffdd3df4000 	C:\WINDOWS\system32\cfgmgr32.dll
0x00007ffdd23b0000 - 0x00007ffdd23d7000 	C:\WINDOWS\SYSTEM32\DEVOBJ.dll
0x000000005ee80000 - 0x000000005ee8f000 	C:\Program Files (x86)\Java\jdk1.8.0_31\jre\bin\verify.dll
0x000000005ee50000 - 0x000000005ee78000 	C:\Program Files (x86)\Java\jdk1.8.0_31\jre\bin\java.dll
0x000000005ee30000 - 0x000000005ee46000 	C:\Program Files (x86)\Java\jdk1.8.0_31\jre\bin\zip.dll
0x00007ffdd5ae0000 - 0x00007ffdd7003000 	C:\WINDOWS\system32\SHELL32.dll
0x00007ffdd41b0000 - 0x00007ffdd47d9000 	C:\WINDOWS\system32\windows.storage.dll
0x00007ffdd56e0000 - 0x00007ffdd595c000 	C:\WINDOWS\system32\combase.dll
0x00007ffdd5960000 - 0x00007ffdd59b1000 	C:\WINDOWS\system32\shlwapi.dll
0x00007ffdd3bd0000 - 0x00007ffdd3bdf000 	C:\WINDOWS\system32\kernel.appcore.dll
0x00007ffdd3fe0000 - 0x00007ffdd4093000 	C:\WINDOWS\system32\shcore.dll
0x00007ffdd3b40000 - 0x00007ffdd3b8a000 	C:\WINDOWS\system32\powrprof.dll
0x00007ffdd3b90000 - 0x00007ffdd3ba3000 	C:\WINDOWS\system32\profapi.dll
0x00007ffdbd5e0000 - 0x00007ffdbd76a000 	C:\WINDOWS\SYSTEM32\dbghelp.dll

VM Arguments:
jvm_args: -Djava.awt.headless=true -Xmx1024M -Dfile.encoding=windows-1252 -Duser.country=GB -Duser.language=en -Duser.variant 
java_command: com.android.dx.command.Main --dex --force-jumbo --multi-dex --output D:\TIStuff\GitProjects\VirgielOwee2016\app\build\intermediates\transforms\dex\debug\folders\1000\10\com.android.support-animated-vector-drawable-23.4.0_bd02027f65a439e2fb03035d51e706a993f2ec36 D:\TIStuff\GitProjects\VirgielOwee2016\app\build\intermediates\exploded-aar\com.android.support\animated-vector-drawable\23.4.0\jars\classes.jar
java_class_path (initial): C:\Users\Jasper\AppData\Local\Android\sdk\build-tools\21.1.2\lib\dx.jar
Launcher Type: SUN_STANDARD

Environment Variables:
JAVA_HOME=C:/Program Files (x86)/Java/jdk1.8.0_31
PATH=C:\ProgramData\Oracle\Java\javapath;c:\Program Files (x86)\Intel\iCLS Client\;c:\Program Files\Intel\iCLS Client\;C:\Program Files (x86)\NVIDIA Corporation\PhysX\Common;C:\WINDOWS\system32;C:\WINDOWS;C:\WINDOWS\System32\Wbem;C:\WINDOWS\System32\WindowsPowerShell\v1.0\;C:\Program Files (x86)\Hewlett-Packard\HP Performance Advisor;c:\Program Files\Intel\WiFi\bin\;c:\Program Files\Common Files\Intel\WirelessCommon\;C:\Program Files\Intel\Intel(R) Management Engine Components\DAL;C:\Program Files\Intel\Intel(R) Management Engine Components\IPT;C:\Program Files (x86)\Intel\Intel(R) Management Engine Components\DAL;C:\Program Files (x86)\Intel\Intel(R) Management Engine Components\IPT;C:\Program Files\Microsoft SQL Server\110\Tools\Binn\;C:\Program Files\Microsoft SQL Server\120\Tools\Binn\;C:\Program Files (x86)\Skype\Phone\
USERNAME=Jasper
OS=Windows_NT
PROCESSOR_IDENTIFIER=Intel64 Family 6 Model 60 Stepping 3, GenuineIntel



---------------  S Y S T E M  ---------------

OS: Windows 8.1 , 64 bit Build 9600 

CPU:total 8 (4 cores per cpu, 2 threads per core) family 6 model 60 stepping 3, cmov, cx8, fxsr, mmx, sse, sse2, sse3, ssse3, sse4.1, sse4.2, popcnt, avx, avx2, aes, clmul, erms, lzcnt, ht, tsc, tscinvbit, bmi1, bmi2

Memory: 4k page, physical 8184940k(1661772k free), swap 10736196k(4220k free)

vm_info: Java HotSpot(TM) 64-Bit Server VM (25.31-b07) for windows-amd64 JRE (1.8.0_31-b13), built on Dec 17 2014 21:00:28 by "java_re" with MS VC++ 10.0 (VS2010)

time: Thu Jul 28 15:17:41 2016
elapsed time: 3 seconds (0d 0h 0m 3s)

